Performing C SOURCE FILE Test HAVE_C_SHIFT_OR_OPTIMIZATION_BUG failed with the following output:
Change Dir: /root/softm/percona-server-5.7.22-22/CMakeFiles/CMakeTmp

Run Build Command:/usr/bin/gmake "cmTryCompileExec3766087564/fast"
/usr/bin/gmake -f CMakeFiles/cmTryCompileExec3766087564.dir/build.make CMakeFiles/cmTryCompileExec3766087564.dir/build
gmake[1]: Entering directory `/root/softm/percona-server-5.7.22-22/CMakeFiles/CMakeTmp'
/usr/bin/cmake -E cmake_progress_report /root/softm/percona-server-5.7.22-22/CMakeFiles/CMakeTmp/CMakeFiles 1
Building C object CMakeFiles/cmTryCompileExec3766087564.dir/src.c.o
/usr/bin/cc   -DHAVE_C_SHIFT_OR_OPTIMIZATION_BUG  -O3 -fexpensive-optimizations   -o CMakeFiles/cmTryCompileExec3766087564.dir/src.c.o   -c /root/softm/percona-server-5.7.22-22/CMakeFiles/CMakeTmp/src.c
Linking C executable cmTryCompileExec3766087564
/usr/bin/cmake -E cmake_link_script CMakeFiles/cmTryCompileExec3766087564.dir/link.txt --verbose=1
/usr/bin/cc   -DHAVE_C_SHIFT_OR_OPTIMIZATION_BUG  -O3 -fexpensive-optimizations    CMakeFiles/cmTryCompileExec3766087564.dir/src.c.o  -o cmTryCompileExec3766087564 -rdynamic 
gmake[1]: Leaving directory `/root/softm/percona-server-5.7.22-22/CMakeFiles/CMakeTmp'

Return value: 1
Source file was:

  struct X
  {
    int i;
    unsigned short s;
  };

  unsigned __attribute__((noinline)) f(struct X x)
  {
    return x.s | (x.i << 16);
  }

  int
  main()
  {
    struct X x;
    x.i = 0x00001234;
    x.s = 0x5678;
    unsigned y = f(x);
    /* Succeed (return 0) if compiler have bug */
    return y == 0x12345678 ? 1 : 0;
  }

Performing C++ SOURCE FILE Test HAVE_CXX_SHIFT_OR_OPTIMIZATION_BUG failed with the following output:
Change Dir: /root/softm/percona-server-5.7.22-22/CMakeFiles/CMakeTmp

Run Build Command:/usr/bin/gmake "cmTryCompileExec3397975035/fast"
/usr/bin/gmake -f CMakeFiles/cmTryCompileExec3397975035.dir/build.make CMakeFiles/cmTryCompileExec3397975035.dir/build
gmake[1]: Entering directory `/root/softm/percona-server-5.7.22-22/CMakeFiles/CMakeTmp'
/usr/bin/cmake -E cmake_progress_report /root/softm/percona-server-5.7.22-22/CMakeFiles/CMakeTmp/CMakeFiles 1
Building CXX object CMakeFiles/cmTryCompileExec3397975035.dir/src.cxx.o
/usr/bin/c++    -DHAVE_CXX_SHIFT_OR_OPTIMIZATION_BUG  -O3 -fexpensive-optimizations   -o CMakeFiles/cmTryCompileExec3397975035.dir/src.cxx.o -c /root/softm/percona-server-5.7.22-22/CMakeFiles/CMakeTmp/src.cxx
Linking CXX executable cmTryCompileExec3397975035
/usr/bin/cmake -E cmake_link_script CMakeFiles/cmTryCompileExec3397975035.dir/link.txt --verbose=1
/usr/bin/c++    -DHAVE_CXX_SHIFT_OR_OPTIMIZATION_BUG  -O3 -fexpensive-optimizations    CMakeFiles/cmTryCompileExec3397975035.dir/src.cxx.o  -o cmTryCompileExec3397975035 -rdynamic 
gmake[1]: Leaving directory `/root/softm/percona-server-5.7.22-22/CMakeFiles/CMakeTmp'

Return value: 1
Source file was:

  struct X
  {
    int i;
    unsigned short s;
  };

  unsigned __attribute__((noinline)) f(struct X x)
  {
    return x.s | (x.i << 16);
  }

  int
  main()
  {
    struct X x;
    x.i = 0x00001234;
    x.s = 0x5678;
    unsigned y = f(x);
    /* Succeed (return 0) if compiler have bug */
    return y == 0x12345678 ? 1 : 0;
  }

Performing C SOURCE FILE Test HAVE_C_FLOATING_POINT_FUSED_MADD failed with the following output:
Change Dir: /root/softm/percona-server-5.7.22-22/CMakeFiles/CMakeTmp

Run Build Command:/usr/bin/gmake "cmTryCompileExec2630961264/fast"
/usr/bin/gmake -f CMakeFiles/cmTryCompileExec2630961264.dir/build.make CMakeFiles/cmTryCompileExec2630961264.dir/build
gmake[1]: Entering directory `/root/softm/percona-server-5.7.22-22/CMakeFiles/CMakeTmp'
/usr/bin/cmake -E cmake_progress_report /root/softm/percona-server-5.7.22-22/CMakeFiles/CMakeTmp/CMakeFiles 1
Building C object CMakeFiles/cmTryCompileExec2630961264.dir/src.c.o
/usr/bin/cc   -DHAVE_C_FLOATING_POINT_FUSED_MADD  -O3   -o CMakeFiles/cmTryCompileExec2630961264.dir/src.c.o   -c /root/softm/percona-server-5.7.22-22/CMakeFiles/CMakeTmp/src.c
Linking C executable cmTryCompileExec2630961264
/usr/bin/cmake -E cmake_link_script CMakeFiles/cmTryCompileExec2630961264.dir/link.txt --verbose=1
/usr/bin/cc   -DHAVE_C_FLOATING_POINT_FUSED_MADD  -O3    CMakeFiles/cmTryCompileExec2630961264.dir/src.c.o  -o cmTryCompileExec2630961264 -rdynamic 
gmake[1]: Leaving directory `/root/softm/percona-server-5.7.22-22/CMakeFiles/CMakeTmp'

Return value: 1
Source file was:

  int main (int argc, char **argv)
  {
    double n[21] = { 0, 0, 0, 0, 0, 0, 0, 0, 0, 0,
                     0, 0, 0, 1, 1, 1, 1, 1, 1, 1,1 };
    double m= 0, s= 0;
    int i;
    for(i= 0; i < 21; i++)
    {
      double m_kminusone= m;
      m= m_kminusone + (n[i] - m_kminusone) / (double) (i + 2);
      s= s + (n[i] - m_kminusone) * (n[i] - m);
    }
    /*
      s should now be either 5e 74 d1 45 17 5d 14 40 or
      40 14 5d 17 45 d1 74 5e, depending on endianness. If the floating point
      operations are optimized with fused multiply-add instructions, the least
      significant byte is 5d instead of 5e.
    */
    return (*(unsigned char*)(&s) == 0x5e ||
            *((unsigned char*)(&s) + 7) == 0x5e);
  }
Performing C++ SOURCE FILE Test HAVE_CXX_FLOATING_POINT_FUSED_MADD failed with the following output:
Change Dir: /root/softm/percona-server-5.7.22-22/CMakeFiles/CMakeTmp

Run Build Command:/usr/bin/gmake "cmTryCompileExec2423365203/fast"
/usr/bin/gmake -f CMakeFiles/cmTryCompileExec2423365203.dir/build.make CMakeFiles/cmTryCompileExec2423365203.dir/build
gmake[1]: Entering directory `/root/softm/percona-server-5.7.22-22/CMakeFiles/CMakeTmp'
/usr/bin/cmake -E cmake_progress_report /root/softm/percona-server-5.7.22-22/CMakeFiles/CMakeTmp/CMakeFiles 1
Building CXX object CMakeFiles/cmTryCompileExec2423365203.dir/src.cxx.o
/usr/bin/c++    -DHAVE_CXX_FLOATING_POINT_FUSED_MADD  -O3   -o CMakeFiles/cmTryCompileExec2423365203.dir/src.cxx.o -c /root/softm/percona-server-5.7.22-22/CMakeFiles/CMakeTmp/src.cxx
Linking CXX executable cmTryCompileExec2423365203
/usr/bin/cmake -E cmake_link_script CMakeFiles/cmTryCompileExec2423365203.dir/link.txt --verbose=1
/usr/bin/c++    -DHAVE_CXX_FLOATING_POINT_FUSED_MADD  -O3    CMakeFiles/cmTryCompileExec2423365203.dir/src.cxx.o  -o cmTryCompileExec2423365203 -rdynamic 
gmake[1]: Leaving directory `/root/softm/percona-server-5.7.22-22/CMakeFiles/CMakeTmp'

Return value: 1
Source file was:

  int main (int argc, char **argv)
  {
    double n[21] = { 0, 0, 0, 0, 0, 0, 0, 0, 0, 0,
                     0, 0, 0, 1, 1, 1, 1, 1, 1, 1,1 };
    double m= 0, s= 0;
    int i;
    for(i= 0; i < 21; i++)
    {
      double m_kminusone= m;
      m= m_kminusone + (n[i] - m_kminusone) / (double) (i + 2);
      s= s + (n[i] - m_kminusone) * (n[i] - m);
    }
    /*
      s should now be either 5e 74 d1 45 17 5d 14 40 or
      40 14 5d 17 45 d1 74 5e, depending on endianness. If the floating point
      operations are optimized with fused multiply-add instructions, the least
      significant byte is 5d instead of 5e.
    */
    return (*(unsigned char*)(&s) == 0x5e ||
            *((unsigned char*)(&s) + 7) == 0x5e);
  }
Performing C SOURCE FILE Test HAVE_C_FP_CONTRACT_FLAG failed with the following output:
Change Dir: /root/softm/percona-server-5.7.22-22/CMakeFiles/CMakeTmp

Run Build Command:/usr/bin/gmake "cmTryCompileExec49531864/fast"
/usr/bin/gmake -f CMakeFiles/cmTryCompileExec49531864.dir/build.make CMakeFiles/cmTryCompileExec49531864.dir/build
gmake[1]: Entering directory `/root/softm/percona-server-5.7.22-22/CMakeFiles/CMakeTmp'
/usr/bin/cmake -E cmake_progress_report /root/softm/percona-server-5.7.22-22/CMakeFiles/CMakeTmp/CMakeFiles 1
Building C object CMakeFiles/cmTryCompileExec49531864.dir/src.c.o
/usr/bin/cc   -DHAVE_C_FP_CONTRACT_FLAG  -O3 -ffp-contract=off   -o CMakeFiles/cmTryCompileExec49531864.dir/src.c.o   -c /root/softm/percona-server-5.7.22-22/CMakeFiles/CMakeTmp/src.c
cc1: error: unrecognized command line option "-ffp-contract=off"
gmake[1]: *** [CMakeFiles/cmTryCompileExec49531864.dir/src.c.o] Error 1
gmake[1]: Leaving directory `/root/softm/percona-server-5.7.22-22/CMakeFiles/CMakeTmp'
gmake: *** [cmTryCompileExec49531864/fast] Error 2

Source file was:

  int main (int argc, char **argv)
  {
    double n[21] = { 0, 0, 0, 0, 0, 0, 0, 0, 0, 0,
                     0, 0, 0, 1, 1, 1, 1, 1, 1, 1,1 };
    double m= 0, s= 0;
    int i;
    for(i= 0; i < 21; i++)
    {
      double m_kminusone= m;
      m= m_kminusone + (n[i] - m_kminusone) / (double) (i + 2);
      s= s + (n[i] - m_kminusone) * (n[i] - m);
    }
    /*
      s should now be either 5e 74 d1 45 17 5d 14 40 or
      40 14 5d 17 45 d1 74 5e, depending on endianness. If the floating point
      operations are optimized with fused multiply-add instructions, the least
      significant byte is 5d instead of 5e.
    */
    return (*(unsigned char*)(&s) == 0x5e ||
            *((unsigned char*)(&s) + 7) == 0x5e);
  }
Performing C++ SOURCE FILE Test HAVE_CXX_FP_CONTRACT_FLAG failed with the following output:
Change Dir: /root/softm/percona-server-5.7.22-22/CMakeFiles/CMakeTmp

Run Build Command:/usr/bin/gmake "cmTryCompileExec2194520086/fast"
/usr/bin/gmake -f CMakeFiles/cmTryCompileExec2194520086.dir/build.make CMakeFiles/cmTryCompileExec2194520086.dir/build
gmake[1]: Entering directory `/root/softm/percona-server-5.7.22-22/CMakeFiles/CMakeTmp'
/usr/bin/cmake -E cmake_progress_report /root/softm/percona-server-5.7.22-22/CMakeFiles/CMakeTmp/CMakeFiles 1
Building CXX object CMakeFiles/cmTryCompileExec2194520086.dir/src.cxx.o
/usr/bin/c++    -DHAVE_CXX_FP_CONTRACT_FLAG  -O3 -ffp-contract=off   -o CMakeFiles/cmTryCompileExec2194520086.dir/src.cxx.o -c /root/softm/percona-server-5.7.22-22/CMakeFiles/CMakeTmp/src.cxx
cc1plus: error: unrecognized command line option "-ffp-contract=off"
gmake[1]: *** [CMakeFiles/cmTryCompileExec2194520086.dir/src.cxx.o] Error 1
gmake[1]: Leaving directory `/root/softm/percona-server-5.7.22-22/CMakeFiles/CMakeTmp'
gmake: *** [cmTryCompileExec2194520086/fast] Error 2

Source file was:

  int main (int argc, char **argv)
  {
    double n[21] = { 0, 0, 0, 0, 0, 0, 0, 0, 0, 0,
                     0, 0, 0, 1, 1, 1, 1, 1, 1, 1,1 };
    double m= 0, s= 0;
    int i;
    for(i= 0; i < 21; i++)
    {
      double m_kminusone= m;
      m= m_kminusone + (n[i] - m_kminusone) / (double) (i + 2);
      s= s + (n[i] - m_kminusone) * (n[i] - m);
    }
    /*
      s should now be either 5e 74 d1 45 17 5d 14 40 or
      40 14 5d 17 45 d1 74 5e, depending on endianness. If the floating point
      operations are optimized with fused multiply-add instructions, the least
      significant byte is 5d instead of 5e.
    */
    return (*(unsigned char*)(&s) == 0x5e ||
            *((unsigned char*)(&s) + 7) == 0x5e);
  }
Performing C++ SOURCE FILE Test GNU03_SUPPORTED failed with the following output:
Change Dir: /root/softm/percona-server-5.7.22-22/CMakeFiles/CMakeTmp

Run Build Command:/usr/bin/gmake "cmTryCompileExec2710612189/fast"
/usr/bin/gmake -f CMakeFiles/cmTryCompileExec2710612189.dir/build.make CMakeFiles/cmTryCompileExec2710612189.dir/build
gmake[1]: Entering directory `/root/softm/percona-server-5.7.22-22/CMakeFiles/CMakeTmp'
/usr/bin/cmake -E cmake_progress_report /root/softm/percona-server-5.7.22-22/CMakeFiles/CMakeTmp/CMakeFiles 1
Building CXX object CMakeFiles/cmTryCompileExec2710612189.dir/src.cxx.o
/usr/bin/c++    -DGNU03_SUPPORTED  -std=gnu++03   -o CMakeFiles/cmTryCompileExec2710612189.dir/src.cxx.o -c /root/softm/percona-server-5.7.22-22/CMakeFiles/CMakeTmp/src.cxx
cc1plus: error: unrecognized command line option "-std=gnu++03"
gmake[1]: *** [CMakeFiles/cmTryCompileExec2710612189.dir/src.cxx.o] Error 1
gmake[1]: Leaving directory `/root/softm/percona-server-5.7.22-22/CMakeFiles/CMakeTmp'
gmake: *** [cmTryCompileExec2710612189/fast] Error 2

Source file was:
int main(void) { return 0; }
Performing C++ SOURCE FILE Test HAVE_LLVM_LIBCPP failed with the following output:
Change Dir: /root/softm/percona-server-5.7.22-22/CMakeFiles/CMakeTmp

Run Build Command:/usr/bin/gmake "cmTryCompileExec3318505257/fast"
/usr/bin/gmake -f CMakeFiles/cmTryCompileExec3318505257.dir/build.make CMakeFiles/cmTryCompileExec3318505257.dir/build
gmake[1]: Entering directory `/root/softm/percona-server-5.7.22-22/CMakeFiles/CMakeTmp'
/usr/bin/cmake -E cmake_progress_report /root/softm/percona-server-5.7.22-22/CMakeFiles/CMakeTmp/CMakeFiles 1
Building CXX object CMakeFiles/cmTryCompileExec3318505257.dir/src.cxx.o
/usr/bin/c++    -fPIC -DHAVE_LLVM_LIBCPP   -o CMakeFiles/cmTryCompileExec3318505257.dir/src.cxx.o -c /root/softm/percona-server-5.7.22-22/CMakeFiles/CMakeTmp/src.cxx
Linking CXX executable cmTryCompileExec3318505257
/usr/bin/cmake -E cmake_link_script CMakeFiles/cmTryCompileExec3318505257.dir/link.txt --verbose=1
/usr/bin/c++    -fPIC -DHAVE_LLVM_LIBCPP    CMakeFiles/cmTryCompileExec3318505257.dir/src.cxx.o  -o cmTryCompileExec3318505257 -rdynamic 
gmake[1]: Leaving directory `/root/softm/percona-server-5.7.22-22/CMakeFiles/CMakeTmp'

Return value: 1
Source file was:

#include <ciso646>
int main()
{
#ifdef _LIBCPP_VERSION
  return 0;
#else
  return 1;
#endif
}
Determining if the pthread_create exist failed with the following output:
Change Dir: /root/softm/percona-server-5.7.22-22/CMakeFiles/CMakeTmp

Run Build Command:/usr/bin/gmake "cmTryCompileExec1800623788/fast"
/usr/bin/gmake -f CMakeFiles/cmTryCompileExec1800623788.dir/build.make CMakeFiles/cmTryCompileExec1800623788.dir/build
gmake[1]: Entering directory `/root/softm/percona-server-5.7.22-22/CMakeFiles/CMakeTmp'
/usr/bin/cmake -E cmake_progress_report /root/softm/percona-server-5.7.22-22/CMakeFiles/CMakeTmp/CMakeFiles 1
Building C object CMakeFiles/cmTryCompileExec1800623788.dir/CheckSymbolExists.c.o
/usr/bin/cc   -fPIC    -o CMakeFiles/cmTryCompileExec1800623788.dir/CheckSymbolExists.c.o   -c /root/softm/percona-server-5.7.22-22/CMakeFiles/CMakeTmp/CheckSymbolExists.c
Linking C executable cmTryCompileExec1800623788
/usr/bin/cmake -E cmake_link_script CMakeFiles/cmTryCompileExec1800623788.dir/link.txt --verbose=1
/usr/bin/cc   -fPIC     CMakeFiles/cmTryCompileExec1800623788.dir/CheckSymbolExists.c.o  -o cmTryCompileExec1800623788 -rdynamic 
CMakeFiles/cmTryCompileExec1800623788.dir/CheckSymbolExists.c.o: In function `main':
CheckSymbolExists.c:(.text+0xe): undefined reference to `pthread_create'
collect2: ld returned 1 exit status
gmake[1]: Leaving directory `/root/softm/percona-server-5.7.22-22/CMakeFiles/CMakeTmp'
gmake[1]: *** [cmTryCompileExec1800623788] Error 1
gmake: *** [cmTryCompileExec1800623788/fast] Error 2

File /root/softm/percona-server-5.7.22-22/CMakeFiles/CMakeTmp/CheckSymbolExists.c:
/* */
#include <pthread.h>

int main(int argc, char** argv)
{
  (void)argv;
#ifndef pthread_create
  return ((int*)(&pthread_create))[argc];
#else
  (void)argc;
  return 0;
#endif
}

Determining if the function pthread_create exists in the pthreads failed with the following output:
Change Dir: /root/softm/percona-server-5.7.22-22/CMakeFiles/CMakeTmp

Run Build Command:/usr/bin/gmake "cmTryCompileExec4228635895/fast"
/usr/bin/gmake -f CMakeFiles/cmTryCompileExec4228635895.dir/build.make CMakeFiles/cmTryCompileExec4228635895.dir/build
gmake[1]: Entering directory `/root/softm/percona-server-5.7.22-22/CMakeFiles/CMakeTmp'
/usr/bin/cmake -E cmake_progress_report /root/softm/percona-server-5.7.22-22/CMakeFiles/CMakeTmp/CMakeFiles 1
Building C object CMakeFiles/cmTryCompileExec4228635895.dir/CheckFunctionExists.c.o
/usr/bin/cc   -fPIC -DCHECK_FUNCTION_EXISTS=pthread_create   -o CMakeFiles/cmTryCompileExec4228635895.dir/CheckFunctionExists.c.o   -c /usr/share/cmake/Modules/CheckFunctionExists.c
Linking C executable cmTryCompileExec4228635895
/usr/bin/cmake -E cmake_link_script CMakeFiles/cmTryCompileExec4228635895.dir/link.txt --verbose=1
/usr/bin/cc   -fPIC -DCHECK_FUNCTION_EXISTS=pthread_create    CMakeFiles/cmTryCompileExec4228635895.dir/CheckFunctionExists.c.o  -o cmTryCompileExec4228635895 -rdynamic -lpthreads 
/usr/bin/ld: cannot find -lpthreads
collect2: ld returned 1 exit status
gmake[1]: Leaving directory `/root/softm/percona-server-5.7.22-22/CMakeFiles/CMakeTmp'
gmake[1]: *** [cmTryCompileExec4228635895] Error 1
gmake: *** [cmTryCompileExec4228635895/fast] Error 2


Determining if the function floor exists failed with the following output:
Change Dir: /root/softm/percona-server-5.7.22-22/CMakeFiles/CMakeTmp

Run Build Command:/usr/bin/gmake "cmTryCompileExec2174638490/fast"
/usr/bin/gmake -f CMakeFiles/cmTryCompileExec2174638490.dir/build.make CMakeFiles/cmTryCompileExec2174638490.dir/build
gmake[1]: Entering directory `/root/softm/percona-server-5.7.22-22/CMakeFiles/CMakeTmp'
/usr/bin/cmake -E cmake_progress_report /root/softm/percona-server-5.7.22-22/CMakeFiles/CMakeTmp/CMakeFiles 1
Building C object CMakeFiles/cmTryCompileExec2174638490.dir/CheckFunctionExists.c.o
/usr/bin/cc   -fPIC -DCHECK_FUNCTION_EXISTS=floor   -o CMakeFiles/cmTryCompileExec2174638490.dir/CheckFunctionExists.c.o   -c /usr/share/cmake/Modules/CheckFunctionExists.c
/usr/share/cmake/Modules/CheckFunctionExists.c:3: warning: conflicting types for built-in function ‘floor’
Linking C executable cmTryCompileExec2174638490
/usr/bin/cmake -E cmake_link_script CMakeFiles/cmTryCompileExec2174638490.dir/link.txt --verbose=1
/usr/bin/cc   -fPIC -DCHECK_FUNCTION_EXISTS=floor    CMakeFiles/cmTryCompileExec2174638490.dir/CheckFunctionExists.c.o  -o cmTryCompileExec2174638490 -rdynamic 
CMakeFiles/cmTryCompileExec2174638490.dir/CheckFunctionExists.c.o: In function `main':
CheckFunctionExists.c:(.text+0x15): undefined reference to `floor'
collect2: ld returned 1 exit status
gmake[1]: Leaving directory `/root/softm/percona-server-5.7.22-22/CMakeFiles/CMakeTmp'
gmake[1]: *** [cmTryCompileExec2174638490] Error 1
gmake: *** [cmTryCompileExec2174638490/fast] Error 2


Determining if the function crypt exists failed with the following output:
Change Dir: /root/softm/percona-server-5.7.22-22/CMakeFiles/CMakeTmp

Run Build Command:/usr/bin/gmake "cmTryCompileExec1091037361/fast"
/usr/bin/gmake -f CMakeFiles/cmTryCompileExec1091037361.dir/build.make CMakeFiles/cmTryCompileExec1091037361.dir/build
gmake[1]: Entering directory `/root/softm/percona-server-5.7.22-22/CMakeFiles/CMakeTmp'
/usr/bin/cmake -E cmake_progress_report /root/softm/percona-server-5.7.22-22/CMakeFiles/CMakeTmp/CMakeFiles 1
Building C object CMakeFiles/cmTryCompileExec1091037361.dir/CheckFunctionExists.c.o
/usr/bin/cc   -fPIC -DCHECK_FUNCTION_EXISTS=crypt   -o CMakeFiles/cmTryCompileExec1091037361.dir/CheckFunctionExists.c.o   -c /usr/share/cmake/Modules/CheckFunctionExists.c
Linking C executable cmTryCompileExec1091037361
/usr/bin/cmake -E cmake_link_script CMakeFiles/cmTryCompileExec1091037361.dir/link.txt --verbose=1
/usr/bin/cc   -fPIC -DCHECK_FUNCTION_EXISTS=crypt    CMakeFiles/cmTryCompileExec1091037361.dir/CheckFunctionExists.c.o  -o cmTryCompileExec1091037361 -rdynamic 
CMakeFiles/cmTryCompileExec1091037361.dir/CheckFunctionExists.c.o: In function `main':
CheckFunctionExists.c:(.text+0x15): undefined reference to `crypt'
collect2: ld returned 1 exit status
gmake[1]: Leaving directory `/root/softm/percona-server-5.7.22-22/CMakeFiles/CMakeTmp'
gmake[1]: *** [cmTryCompileExec1091037361] Error 1
gmake: *** [cmTryCompileExec1091037361/fast] Error 2


Determining if the function dlopen exists failed with the following output:
Change Dir: /root/softm/percona-server-5.7.22-22/CMakeFiles/CMakeTmp

Run Build Command:/usr/bin/gmake "cmTryCompileExec3340061580/fast"
/usr/bin/gmake -f CMakeFiles/cmTryCompileExec3340061580.dir/build.make CMakeFiles/cmTryCompileExec3340061580.dir/build
gmake[1]: Entering directory `/root/softm/percona-server-5.7.22-22/CMakeFiles/CMakeTmp'
/usr/bin/cmake -E cmake_progress_report /root/softm/percona-server-5.7.22-22/CMakeFiles/CMakeTmp/CMakeFiles 1
Building C object CMakeFiles/cmTryCompileExec3340061580.dir/CheckFunctionExists.c.o
/usr/bin/cc   -fPIC -DCHECK_FUNCTION_EXISTS=dlopen   -o CMakeFiles/cmTryCompileExec3340061580.dir/CheckFunctionExists.c.o   -c /usr/share/cmake/Modules/CheckFunctionExists.c
Linking C executable cmTryCompileExec3340061580
/usr/bin/cmake -E cmake_link_script CMakeFiles/cmTryCompileExec3340061580.dir/link.txt --verbose=1
/usr/bin/cc   -fPIC -DCHECK_FUNCTION_EXISTS=dlopen    CMakeFiles/cmTryCompileExec3340061580.dir/CheckFunctionExists.c.o  -o cmTryCompileExec3340061580 -rdynamic 
CMakeFiles/cmTryCompileExec3340061580.dir/CheckFunctionExists.c.o: In function `main':
CheckFunctionExists.c:(.text+0x15): undefined reference to `dlopen'
collect2: ld returned 1 exit status
gmake[1]: Leaving directory `/root/softm/percona-server-5.7.22-22/CMakeFiles/CMakeTmp'
gmake[1]: *** [cmTryCompileExec3340061580] Error 1
gmake: *** [cmTryCompileExec3340061580/fast] Error 2


Determining if the function clock_gettime exists failed with the following output:
Change Dir: /root/softm/percona-server-5.7.22-22/CMakeFiles/CMakeTmp

Run Build Command:/usr/bin/gmake "cmTryCompileExec734493242/fast"
/usr/bin/gmake -f CMakeFiles/cmTryCompileExec734493242.dir/build.make CMakeFiles/cmTryCompileExec734493242.dir/build
gmake[1]: Entering directory `/root/softm/percona-server-5.7.22-22/CMakeFiles/CMakeTmp'
/usr/bin/cmake -E cmake_progress_report /root/softm/percona-server-5.7.22-22/CMakeFiles/CMakeTmp/CMakeFiles 1
Building C object CMakeFiles/cmTryCompileExec734493242.dir/CheckFunctionExists.c.o
/usr/bin/cc   -fPIC -DCHECK_FUNCTION_EXISTS=clock_gettime   -o CMakeFiles/cmTryCompileExec734493242.dir/CheckFunctionExists.c.o   -c /usr/share/cmake/Modules/CheckFunctionExists.c
Linking C executable cmTryCompileExec734493242
/usr/bin/cmake -E cmake_link_script CMakeFiles/cmTryCompileExec734493242.dir/link.txt --verbose=1
/usr/bin/cc   -fPIC -DCHECK_FUNCTION_EXISTS=clock_gettime    CMakeFiles/cmTryCompileExec734493242.dir/CheckFunctionExists.c.o  -o cmTryCompileExec734493242 -rdynamic 
CMakeFiles/cmTryCompileExec734493242.dir/CheckFunctionExists.c.o: In function `main':
CheckFunctionExists.c:(.text+0x15): undefined reference to `clock_gettime'
collect2: ld returned 1 exit status
gmake[1]: Leaving directory `/root/softm/percona-server-5.7.22-22/CMakeFiles/CMakeTmp'
gmake[1]: *** [cmTryCompileExec734493242] Error 1
gmake: *** [cmTryCompileExec734493242/fast] Error 2


Determining if the function timer_create exists failed with the following output:
Change Dir: /root/softm/percona-server-5.7.22-22/CMakeFiles/CMakeTmp

Run Build Command:/usr/bin/gmake "cmTryCompileExec2796313246/fast"
/usr/bin/gmake -f CMakeFiles/cmTryCompileExec2796313246.dir/build.make CMakeFiles/cmTryCompileExec2796313246.dir/build
gmake[1]: Entering directory `/root/softm/percona-server-5.7.22-22/CMakeFiles/CMakeTmp'
/usr/bin/cmake -E cmake_progress_report /root/softm/percona-server-5.7.22-22/CMakeFiles/CMakeTmp/CMakeFiles 1
Building C object CMakeFiles/cmTryCompileExec2796313246.dir/CheckFunctionExists.c.o
/usr/bin/cc   -fPIC -DCHECK_FUNCTION_EXISTS=timer_create   -o CMakeFiles/cmTryCompileExec2796313246.dir/CheckFunctionExists.c.o   -c /usr/share/cmake/Modules/CheckFunctionExists.c
Linking C executable cmTryCompileExec2796313246
/usr/bin/cmake -E cmake_link_script CMakeFiles/cmTryCompileExec2796313246.dir/link.txt --verbose=1
/usr/bin/cc   -fPIC -DCHECK_FUNCTION_EXISTS=timer_create    CMakeFiles/cmTryCompileExec2796313246.dir/CheckFunctionExists.c.o  -o cmTryCompileExec2796313246 -rdynamic 
CMakeFiles/cmTryCompileExec2796313246.dir/CheckFunctionExists.c.o: In function `main':
CheckFunctionExists.c:(.text+0x15): undefined reference to `timer_create'
collect2: ld returned 1 exit status
gmake[1]: *** [cmTryCompileExec2796313246] Error 1
gmake[1]: Leaving directory `/root/softm/percona-server-5.7.22-22/CMakeFiles/CMakeTmp'
gmake: *** [cmTryCompileExec2796313246/fast] Error 2


Determining if the function atomic_thread_fence exists failed with the following output:
Change Dir: /root/softm/percona-server-5.7.22-22/CMakeFiles/CMakeTmp

Run Build Command:/usr/bin/gmake "cmTryCompileExec437906289/fast"
/usr/bin/gmake -f CMakeFiles/cmTryCompileExec437906289.dir/build.make CMakeFiles/cmTryCompileExec437906289.dir/build
gmake[1]: Entering directory `/root/softm/percona-server-5.7.22-22/CMakeFiles/CMakeTmp'
/usr/bin/cmake -E cmake_progress_report /root/softm/percona-server-5.7.22-22/CMakeFiles/CMakeTmp/CMakeFiles 1
Building C object CMakeFiles/cmTryCompileExec437906289.dir/CheckFunctionExists.c.o
/usr/bin/cc   -fPIC -DCHECK_FUNCTION_EXISTS=atomic_thread_fence   -o CMakeFiles/cmTryCompileExec437906289.dir/CheckFunctionExists.c.o   -c /usr/share/cmake/Modules/CheckFunctionExists.c
Linking C executable cmTryCompileExec437906289
/usr/bin/cmake -E cmake_link_script CMakeFiles/cmTryCompileExec437906289.dir/link.txt --verbose=1
/usr/bin/cc   -fPIC -DCHECK_FUNCTION_EXISTS=atomic_thread_fence    CMakeFiles/cmTryCompileExec437906289.dir/CheckFunctionExists.c.o  -o cmTryCompileExec437906289 -rdynamic 
CMakeFiles/cmTryCompileExec437906289.dir/CheckFunctionExists.c.o: In function `main':
CheckFunctionExists.c:(.text+0x15): undefined reference to `atomic_thread_fence'
collect2: ld returned 1 exit status
gmake[1]: Leaving directory `/root/softm/percona-server-5.7.22-22/CMakeFiles/CMakeTmp'
gmake[1]: *** [cmTryCompileExec437906289] Error 1
gmake: *** [cmTryCompileExec437906289/fast] Error 2


Determining if the function atomic_thread_fence exists in the atomic failed with the following output:
Change Dir: /root/softm/percona-server-5.7.22-22/CMakeFiles/CMakeTmp

Run Build Command:/usr/bin/gmake "cmTryCompileExec3924509208/fast"
/usr/bin/gmake -f CMakeFiles/cmTryCompileExec3924509208.dir/build.make CMakeFiles/cmTryCompileExec3924509208.dir/build
gmake[1]: Entering directory `/root/softm/percona-server-5.7.22-22/CMakeFiles/CMakeTmp'
/usr/bin/cmake -E cmake_progress_report /root/softm/percona-server-5.7.22-22/CMakeFiles/CMakeTmp/CMakeFiles 1
Building C object CMakeFiles/cmTryCompileExec3924509208.dir/CheckFunctionExists.c.o
/usr/bin/cc   -fPIC -DCHECK_FUNCTION_EXISTS=atomic_thread_fence   -o CMakeFiles/cmTryCompileExec3924509208.dir/CheckFunctionExists.c.o   -c /usr/share/cmake/Modules/CheckFunctionExists.c
Linking C executable cmTryCompileExec3924509208
/usr/bin/cmake -E cmake_link_script CMakeFiles/cmTryCompileExec3924509208.dir/link.txt --verbose=1
/usr/bin/cc   -fPIC -DCHECK_FUNCTION_EXISTS=atomic_thread_fence    CMakeFiles/cmTryCompileExec3924509208.dir/CheckFunctionExists.c.o  -o cmTryCompileExec3924509208 -rdynamic -latomic 
/usr/bin/ld: cannot find -latomic
collect2: ld returned 1 exit status
gmake[1]: Leaving directory `/root/softm/percona-server-5.7.22-22/CMakeFiles/CMakeTmp'
gmake[1]: *** [cmTryCompileExec3924509208] Error 1
gmake: *** [cmTryCompileExec3924509208/fast] Error 2


Determining if files ieeefp.h exist failed with the following output:
Change Dir: /root/softm/percona-server-5.7.22-22/CMakeFiles/CMakeTmp

Run Build Command:/usr/bin/gmake "cmTryCompileExec1134135892/fast"
/usr/bin/gmake -f CMakeFiles/cmTryCompileExec1134135892.dir/build.make CMakeFiles/cmTryCompileExec1134135892.dir/build
gmake[1]: Entering directory `/root/softm/percona-server-5.7.22-22/CMakeFiles/CMakeTmp'
/usr/bin/cmake -E cmake_progress_report /root/softm/percona-server-5.7.22-22/CMakeFiles/CMakeTmp/CMakeFiles 1
Building C object CMakeFiles/cmTryCompileExec1134135892.dir/CheckIncludeFiles.c.o
/usr/bin/cc   -fPIC    -o CMakeFiles/cmTryCompileExec1134135892.dir/CheckIncludeFiles.c.o   -c /root/softm/percona-server-5.7.22-22/CMakeFiles/CMakeTmp/CheckIncludeFiles.c
/root/softm/percona-server-5.7.22-22/CMakeFiles/CMakeTmp/CheckIncludeFiles.c:2:20: error: ieeefp.h: No such file or directory
gmake[1]: Leaving directory `/root/softm/percona-server-5.7.22-22/CMakeFiles/CMakeTmp'
gmake[1]: *** [CMakeFiles/cmTryCompileExec1134135892.dir/CheckIncludeFiles.c.o] Error 1
gmake: *** [cmTryCompileExec1134135892/fast] Error 2

Source:
/* */
#include <ieeefp.h>


int main(){return 0;}

Determining if files vis.h exist failed with the following output:
Change Dir: /root/softm/percona-server-5.7.22-22/CMakeFiles/CMakeTmp

Run Build Command:/usr/bin/gmake "cmTryCompileExec1996681156/fast"
/usr/bin/gmake -f CMakeFiles/cmTryCompileExec1996681156.dir/build.make CMakeFiles/cmTryCompileExec1996681156.dir/build
gmake[1]: Entering directory `/root/softm/percona-server-5.7.22-22/CMakeFiles/CMakeTmp'
/usr/bin/cmake -E cmake_progress_report /root/softm/percona-server-5.7.22-22/CMakeFiles/CMakeTmp/CMakeFiles 1
Building C object CMakeFiles/cmTryCompileExec1996681156.dir/CheckIncludeFiles.c.o
/usr/bin/cc   -fPIC    -o CMakeFiles/cmTryCompileExec1996681156.dir/CheckIncludeFiles.c.o   -c /root/softm/percona-server-5.7.22-22/CMakeFiles/CMakeTmp/CheckIncludeFiles.c
/root/softm/percona-server-5.7.22-22/CMakeFiles/CMakeTmp/CheckIncludeFiles.c:2:17: error: vis.h: No such file or directory
gmake[1]: *** [CMakeFiles/cmTryCompileExec1996681156.dir/CheckIncludeFiles.c.o] Error 1
gmake[1]: Leaving directory `/root/softm/percona-server-5.7.22-22/CMakeFiles/CMakeTmp'
gmake: *** [cmTryCompileExec1996681156/fast] Error 2

Source:
/* */
#include <vis.h>


int main(){return 0;}

Determining if files sys/devpoll.h exist failed with the following output:
Change Dir: /root/softm/percona-server-5.7.22-22/CMakeFiles/CMakeTmp

Run Build Command:/usr/bin/gmake "cmTryCompileExec1238466065/fast"
/usr/bin/gmake -f CMakeFiles/cmTryCompileExec1238466065.dir/build.make CMakeFiles/cmTryCompileExec1238466065.dir/build
gmake[1]: Entering directory `/root/softm/percona-server-5.7.22-22/CMakeFiles/CMakeTmp'
/usr/bin/cmake -E cmake_progress_report /root/softm/percona-server-5.7.22-22/CMakeFiles/CMakeTmp/CMakeFiles 1
Building C object CMakeFiles/cmTryCompileExec1238466065.dir/CheckIncludeFiles.c.o
/usr/bin/cc   -fPIC    -o CMakeFiles/cmTryCompileExec1238466065.dir/CheckIncludeFiles.c.o   -c /root/softm/percona-server-5.7.22-22/CMakeFiles/CMakeTmp/CheckIncludeFiles.c
/root/softm/percona-server-5.7.22-22/CMakeFiles/CMakeTmp/CheckIncludeFiles.c:2:25: error: sys/devpoll.h: No such file or directory
gmake[1]: *** [CMakeFiles/cmTryCompileExec1238466065.dir/CheckIncludeFiles.c.o] Error 1
gmake[1]: Leaving directory `/root/softm/percona-server-5.7.22-22/CMakeFiles/CMakeTmp'
gmake: *** [cmTryCompileExec1238466065/fast] Error 2

Source:
/* */
#include <sys/devpoll.h>


int main(){return 0;}

Determining if the function _aligned_malloc exists failed with the following output:
Change Dir: /root/softm/percona-server-5.7.22-22/CMakeFiles/CMakeTmp

Run Build Command:/usr/bin/gmake "cmTryCompileExec889367558/fast"
/usr/bin/gmake -f CMakeFiles/cmTryCompileExec889367558.dir/build.make CMakeFiles/cmTryCompileExec889367558.dir/build
gmake[1]: Entering directory `/root/softm/percona-server-5.7.22-22/CMakeFiles/CMakeTmp'
/usr/bin/cmake -E cmake_progress_report /root/softm/percona-server-5.7.22-22/CMakeFiles/CMakeTmp/CMakeFiles 1
Building C object CMakeFiles/cmTryCompileExec889367558.dir/CheckFunctionExists.c.o
/usr/bin/cc   -fPIC -DCHECK_FUNCTION_EXISTS=_aligned_malloc   -o CMakeFiles/cmTryCompileExec889367558.dir/CheckFunctionExists.c.o   -c /usr/share/cmake/Modules/CheckFunctionExists.c
Linking C executable cmTryCompileExec889367558
/usr/bin/cmake -E cmake_link_script CMakeFiles/cmTryCompileExec889367558.dir/link.txt --verbose=1
/usr/bin/cc   -fPIC -DCHECK_FUNCTION_EXISTS=_aligned_malloc    CMakeFiles/cmTryCompileExec889367558.dir/CheckFunctionExists.c.o  -o cmTryCompileExec889367558 -rdynamic -lm -lcrypt -ldl -lpthread -lrt 
CMakeFiles/cmTryCompileExec889367558.dir/CheckFunctionExists.c.o: In function `main':
CheckFunctionExists.c:(.text+0x15): undefined reference to `_aligned_malloc'
collect2: ld returned 1 exit status
gmake[1]: Leaving directory `/root/softm/percona-server-5.7.22-22/CMakeFiles/CMakeTmp'
gmake[1]: *** [cmTryCompileExec889367558] Error 1
gmake: *** [cmTryCompileExec889367558/fast] Error 2


Determining if the function printstack exists failed with the following output:
Change Dir: /root/softm/percona-server-5.7.22-22/CMakeFiles/CMakeTmp

Run Build Command:/usr/bin/gmake "cmTryCompileExec3505844815/fast"
/usr/bin/gmake -f CMakeFiles/cmTryCompileExec3505844815.dir/build.make CMakeFiles/cmTryCompileExec3505844815.dir/build
gmake[1]: Entering directory `/root/softm/percona-server-5.7.22-22/CMakeFiles/CMakeTmp'
/usr/bin/cmake -E cmake_progress_report /root/softm/percona-server-5.7.22-22/CMakeFiles/CMakeTmp/CMakeFiles 1
Building C object CMakeFiles/cmTryCompileExec3505844815.dir/CheckFunctionExists.c.o
/usr/bin/cc   -fPIC -DCHECK_FUNCTION_EXISTS=printstack   -o CMakeFiles/cmTryCompileExec3505844815.dir/CheckFunctionExists.c.o   -c /usr/share/cmake/Modules/CheckFunctionExists.c
Linking C executable cmTryCompileExec3505844815
/usr/bin/cmake -E cmake_link_script CMakeFiles/cmTryCompileExec3505844815.dir/link.txt --verbose=1
/usr/bin/cc   -fPIC -DCHECK_FUNCTION_EXISTS=printstack    CMakeFiles/cmTryCompileExec3505844815.dir/CheckFunctionExists.c.o  -o cmTryCompileExec3505844815 -rdynamic -lm -lcrypt -ldl -lpthread -lrt 
CMakeFiles/cmTryCompileExec3505844815.dir/CheckFunctionExists.c.o: In function `main':
CheckFunctionExists.c:(.text+0x15): undefined reference to `printstack'
collect2: ld returned 1 exit status
gmake[1]: Leaving directory `/root/softm/percona-server-5.7.22-22/CMakeFiles/CMakeTmp'
gmake[1]: *** [cmTryCompileExec3505844815] Error 1
gmake: *** [cmTryCompileExec3505844815/fast] Error 2


Determining if the function directio exists failed with the following output:
Change Dir: /root/softm/percona-server-5.7.22-22/CMakeFiles/CMakeTmp

Run Build Command:/usr/bin/gmake "cmTryCompileExec4220180295/fast"
/usr/bin/gmake -f CMakeFiles/cmTryCompileExec4220180295.dir/build.make CMakeFiles/cmTryCompileExec4220180295.dir/build
gmake[1]: Entering directory `/root/softm/percona-server-5.7.22-22/CMakeFiles/CMakeTmp'
/usr/bin/cmake -E cmake_progress_report /root/softm/percona-server-5.7.22-22/CMakeFiles/CMakeTmp/CMakeFiles 1
Building C object CMakeFiles/cmTryCompileExec4220180295.dir/CheckFunctionExists.c.o
/usr/bin/cc   -fPIC -DCHECK_FUNCTION_EXISTS=directio   -o CMakeFiles/cmTryCompileExec4220180295.dir/CheckFunctionExists.c.o   -c /usr/share/cmake/Modules/CheckFunctionExists.c
Linking C executable cmTryCompileExec4220180295
/usr/bin/cmake -E cmake_link_script CMakeFiles/cmTryCompileExec4220180295.dir/link.txt --verbose=1
/usr/bin/cc   -fPIC -DCHECK_FUNCTION_EXISTS=directio    CMakeFiles/cmTryCompileExec4220180295.dir/CheckFunctionExists.c.o  -o cmTryCompileExec4220180295 -rdynamic -lm -lcrypt -ldl -lpthread -lrt 
CMakeFiles/cmTryCompileExec4220180295.dir/CheckFunctionExists.c.o: In function `main':
CheckFunctionExists.c:(.text+0x15): undefined reference to `directio'
collect2: ld returned 1 exit status
gmake[1]: Leaving directory `/root/softm/percona-server-5.7.22-22/CMakeFiles/CMakeTmp'
gmake[1]: *** [cmTryCompileExec4220180295] Error 1
gmake: *** [cmTryCompileExec4220180295/fast] Error 2


Determining if the function compress exists failed with the following output:
Change Dir: /root/softm/percona-server-5.7.22-22/CMakeFiles/CMakeTmp

Run Build Command:/usr/bin/gmake "cmTryCompileExec4169536799/fast"
/usr/bin/gmake -f CMakeFiles/cmTryCompileExec4169536799.dir/build.make CMakeFiles/cmTryCompileExec4169536799.dir/build
gmake[1]: Entering directory `/root/softm/percona-server-5.7.22-22/CMakeFiles/CMakeTmp'
/usr/bin/cmake -E cmake_progress_report /root/softm/percona-server-5.7.22-22/CMakeFiles/CMakeTmp/CMakeFiles 1
Building C object CMakeFiles/cmTryCompileExec4169536799.dir/CheckFunctionExists.c.o
/usr/bin/cc   -fPIC -DCHECK_FUNCTION_EXISTS=compress   -o CMakeFiles/cmTryCompileExec4169536799.dir/CheckFunctionExists.c.o   -c /usr/share/cmake/Modules/CheckFunctionExists.c
Linking C executable cmTryCompileExec4169536799
/usr/bin/cmake -E cmake_link_script CMakeFiles/cmTryCompileExec4169536799.dir/link.txt --verbose=1
/usr/bin/cc   -fPIC -DCHECK_FUNCTION_EXISTS=compress    CMakeFiles/cmTryCompileExec4169536799.dir/CheckFunctionExists.c.o  -o cmTryCompileExec4169536799 -rdynamic -lm -lcrypt -ldl -lpthread -lrt 
CMakeFiles/cmTryCompileExec4169536799.dir/CheckFunctionExists.c.o: In function `main':
CheckFunctionExists.c:(.text+0x15): undefined reference to `compress'
collect2: ld returned 1 exit status
gmake[1]: Leaving directory `/root/softm/percona-server-5.7.22-22/CMakeFiles/CMakeTmp'
gmake[1]: *** [cmTryCompileExec4169536799] Error 1
gmake: *** [cmTryCompileExec4169536799/fast] Error 2


Determining if the function gethrtime exists failed with the following output:
Change Dir: /root/softm/percona-server-5.7.22-22/CMakeFiles/CMakeTmp

Run Build Command:/usr/bin/gmake "cmTryCompileExec3471404830/fast"
/usr/bin/gmake -f CMakeFiles/cmTryCompileExec3471404830.dir/build.make CMakeFiles/cmTryCompileExec3471404830.dir/build
gmake[1]: Entering directory `/root/softm/percona-server-5.7.22-22/CMakeFiles/CMakeTmp'
/usr/bin/cmake -E cmake_progress_report /root/softm/percona-server-5.7.22-22/CMakeFiles/CMakeTmp/CMakeFiles 1
Building C object CMakeFiles/cmTryCompileExec3471404830.dir/CheckFunctionExists.c.o
/usr/bin/cc   -fPIC -DCHECK_FUNCTION_EXISTS=gethrtime   -o CMakeFiles/cmTryCompileExec3471404830.dir/CheckFunctionExists.c.o   -c /usr/share/cmake/Modules/CheckFunctionExists.c
Linking C executable cmTryCompileExec3471404830
/usr/bin/cmake -E cmake_link_script CMakeFiles/cmTryCompileExec3471404830.dir/link.txt --verbose=1
/usr/bin/cc   -fPIC -DCHECK_FUNCTION_EXISTS=gethrtime    CMakeFiles/cmTryCompileExec3471404830.dir/CheckFunctionExists.c.o  -o cmTryCompileExec3471404830 -rdynamic -lm -lcrypt -ldl -lpthread -lrt 
CMakeFiles/cmTryCompileExec3471404830.dir/CheckFunctionExists.c.o: In function `main':
CheckFunctionExists.c:(.text+0x15): undefined reference to `gethrtime'
collect2: ld returned 1 exit status
gmake[1]: Leaving directory `/root/softm/percona-server-5.7.22-22/CMakeFiles/CMakeTmp'
gmake[1]: *** [cmTryCompileExec3471404830] Error 1
gmake: *** [cmTryCompileExec3471404830/fast] Error 2


Determining if the function getpassphrase exists failed with the following output:
Change Dir: /root/softm/percona-server-5.7.22-22/CMakeFiles/CMakeTmp

Run Build Command:/usr/bin/gmake "cmTryCompileExec2955903035/fast"
/usr/bin/gmake -f CMakeFiles/cmTryCompileExec2955903035.dir/build.make CMakeFiles/cmTryCompileExec2955903035.dir/build
gmake[1]: Entering directory `/root/softm/percona-server-5.7.22-22/CMakeFiles/CMakeTmp'
/usr/bin/cmake -E cmake_progress_report /root/softm/percona-server-5.7.22-22/CMakeFiles/CMakeTmp/CMakeFiles 1
Building C object CMakeFiles/cmTryCompileExec2955903035.dir/CheckFunctionExists.c.o
/usr/bin/cc   -fPIC -DCHECK_FUNCTION_EXISTS=getpassphrase   -o CMakeFiles/cmTryCompileExec2955903035.dir/CheckFunctionExists.c.o   -c /usr/share/cmake/Modules/CheckFunctionExists.c
Linking C executable cmTryCompileExec2955903035
/usr/bin/cmake -E cmake_link_script CMakeFiles/cmTryCompileExec2955903035.dir/link.txt --verbose=1
/usr/bin/cc   -fPIC -DCHECK_FUNCTION_EXISTS=getpassphrase    CMakeFiles/cmTryCompileExec2955903035.dir/CheckFunctionExists.c.o  -o cmTryCompileExec2955903035 -rdynamic -lm -lcrypt -ldl -lpthread -lrt 
CMakeFiles/cmTryCompileExec2955903035.dir/CheckFunctionExists.c.o: In function `main':
CheckFunctionExists.c:(.text+0x15): undefined reference to `getpassphrase'
collect2: ld returned 1 exit status
gmake[1]: Leaving directory `/root/softm/percona-server-5.7.22-22/CMakeFiles/CMakeTmp'
gmake[1]: *** [cmTryCompileExec2955903035] Error 1
gmake: *** [cmTryCompileExec2955903035/fast] Error 2


Determining if the function issetugid exists failed with the following output:
Change Dir: /root/softm/percona-server-5.7.22-22/CMakeFiles/CMakeTmp

Run Build Command:/usr/bin/gmake "cmTryCompileExec1084986386/fast"
/usr/bin/gmake -f CMakeFiles/cmTryCompileExec1084986386.dir/build.make CMakeFiles/cmTryCompileExec1084986386.dir/build
gmake[1]: Entering directory `/root/softm/percona-server-5.7.22-22/CMakeFiles/CMakeTmp'
/usr/bin/cmake -E cmake_progress_report /root/softm/percona-server-5.7.22-22/CMakeFiles/CMakeTmp/CMakeFiles 1
Building C object CMakeFiles/cmTryCompileExec1084986386.dir/CheckFunctionExists.c.o
/usr/bin/cc   -fPIC -DCHECK_FUNCTION_EXISTS=issetugid   -o CMakeFiles/cmTryCompileExec1084986386.dir/CheckFunctionExists.c.o   -c /usr/share/cmake/Modules/CheckFunctionExists.c
Linking C executable cmTryCompileExec1084986386
/usr/bin/cmake -E cmake_link_script CMakeFiles/cmTryCompileExec1084986386.dir/link.txt --verbose=1
/usr/bin/cc   -fPIC -DCHECK_FUNCTION_EXISTS=issetugid    CMakeFiles/cmTryCompileExec1084986386.dir/CheckFunctionExists.c.o  -o cmTryCompileExec1084986386 -rdynamic -lm -lcrypt -ldl -lpthread -lrt 
CMakeFiles/cmTryCompileExec1084986386.dir/CheckFunctionExists.c.o: In function `main':
CheckFunctionExists.c:(.text+0x15): undefined reference to `issetugid'
collect2: ld returned 1 exit status
gmake[1]: Leaving directory `/root/softm/percona-server-5.7.22-22/CMakeFiles/CMakeTmp'
gmake[1]: *** [cmTryCompileExec1084986386] Error 1
gmake: *** [cmTryCompileExec1084986386/fast] Error 2


Determining if the function setfd exists failed with the following output:
Change Dir: /root/softm/percona-server-5.7.22-22/CMakeFiles/CMakeTmp

Run Build Command:/usr/bin/gmake "cmTryCompileExec3266155396/fast"
/usr/bin/gmake -f CMakeFiles/cmTryCompileExec3266155396.dir/build.make CMakeFiles/cmTryCompileExec3266155396.dir/build
gmake[1]: Entering directory `/root/softm/percona-server-5.7.22-22/CMakeFiles/CMakeTmp'
/usr/bin/cmake -E cmake_progress_report /root/softm/percona-server-5.7.22-22/CMakeFiles/CMakeTmp/CMakeFiles 1
Building C object CMakeFiles/cmTryCompileExec3266155396.dir/CheckFunctionExists.c.o
/usr/bin/cc   -fPIC -DCHECK_FUNCTION_EXISTS=setfd   -o CMakeFiles/cmTryCompileExec3266155396.dir/CheckFunctionExists.c.o   -c /usr/share/cmake/Modules/CheckFunctionExists.c
Linking C executable cmTryCompileExec3266155396
/usr/bin/cmake -E cmake_link_script CMakeFiles/cmTryCompileExec3266155396.dir/link.txt --verbose=1
/usr/bin/cc   -fPIC -DCHECK_FUNCTION_EXISTS=setfd    CMakeFiles/cmTryCompileExec3266155396.dir/CheckFunctionExists.c.o  -o cmTryCompileExec3266155396 -rdynamic -lm -lcrypt -ldl -lpthread -lrt 
CMakeFiles/cmTryCompileExec3266155396.dir/CheckFunctionExists.c.o: In function `main':
CheckFunctionExists.c:(.text+0x15): undefined reference to `setfd'
collect2: ld returned 1 exit status
gmake[1]: Leaving directory `/root/softm/percona-server-5.7.22-22/CMakeFiles/CMakeTmp'
gmake[1]: *** [cmTryCompileExec3266155396] Error 1
gmake: *** [cmTryCompileExec3266155396/fast] Error 2


Determining if the function strlcpy exists failed with the following output:
Change Dir: /root/softm/percona-server-5.7.22-22/CMakeFiles/CMakeTmp

Run Build Command:/usr/bin/gmake "cmTryCompileExec815832764/fast"
/usr/bin/gmake -f CMakeFiles/cmTryCompileExec815832764.dir/build.make CMakeFiles/cmTryCompileExec815832764.dir/build
gmake[1]: Entering directory `/root/softm/percona-server-5.7.22-22/CMakeFiles/CMakeTmp'
/usr/bin/cmake -E cmake_progress_report /root/softm/percona-server-5.7.22-22/CMakeFiles/CMakeTmp/CMakeFiles 1
Building C object CMakeFiles/cmTryCompileExec815832764.dir/CheckFunctionExists.c.o
/usr/bin/cc   -fPIC -DCHECK_FUNCTION_EXISTS=strlcpy   -o CMakeFiles/cmTryCompileExec815832764.dir/CheckFunctionExists.c.o   -c /usr/share/cmake/Modules/CheckFunctionExists.c
Linking C executable cmTryCompileExec815832764
/usr/bin/cmake -E cmake_link_script CMakeFiles/cmTryCompileExec815832764.dir/link.txt --verbose=1
/usr/bin/cc   -fPIC -DCHECK_FUNCTION_EXISTS=strlcpy    CMakeFiles/cmTryCompileExec815832764.dir/CheckFunctionExists.c.o  -o cmTryCompileExec815832764 -rdynamic -lm -lcrypt -ldl -lpthread -lrt 
CMakeFiles/cmTryCompileExec815832764.dir/CheckFunctionExists.c.o: In function `main':
CheckFunctionExists.c:(.text+0x15): undefined reference to `strlcpy'
collect2: ld returned 1 exit status
gmake[1]: Leaving directory `/root/softm/percona-server-5.7.22-22/CMakeFiles/CMakeTmp'
gmake[1]: *** [cmTryCompileExec815832764] Error 1
gmake: *** [cmTryCompileExec815832764/fast] Error 2


Determining if the function strlcat exists failed with the following output:
Change Dir: /root/softm/percona-server-5.7.22-22/CMakeFiles/CMakeTmp

Run Build Command:/usr/bin/gmake "cmTryCompileExec703754020/fast"
/usr/bin/gmake -f CMakeFiles/cmTryCompileExec703754020.dir/build.make CMakeFiles/cmTryCompileExec703754020.dir/build
gmake[1]: Entering directory `/root/softm/percona-server-5.7.22-22/CMakeFiles/CMakeTmp'
/usr/bin/cmake -E cmake_progress_report /root/softm/percona-server-5.7.22-22/CMakeFiles/CMakeTmp/CMakeFiles 1
Building C object CMakeFiles/cmTryCompileExec703754020.dir/CheckFunctionExists.c.o
/usr/bin/cc   -fPIC -DCHECK_FUNCTION_EXISTS=strlcat   -o CMakeFiles/cmTryCompileExec703754020.dir/CheckFunctionExists.c.o   -c /usr/share/cmake/Modules/CheckFunctionExists.c
Linking C executable cmTryCompileExec703754020
/usr/bin/cmake -E cmake_link_script CMakeFiles/cmTryCompileExec703754020.dir/link.txt --verbose=1
/usr/bin/cc   -fPIC -DCHECK_FUNCTION_EXISTS=strlcat    CMakeFiles/cmTryCompileExec703754020.dir/CheckFunctionExists.c.o  -o cmTryCompileExec703754020 -rdynamic -lm -lcrypt -ldl -lpthread -lrt 
CMakeFiles/cmTryCompileExec703754020.dir/CheckFunctionExists.c.o: In function `main':
CheckFunctionExists.c:(.text+0x15): undefined reference to `strlcat'
collect2: ld returned 1 exit status
gmake[1]: Leaving directory `/root/softm/percona-server-5.7.22-22/CMakeFiles/CMakeTmp'
gmake[1]: *** [cmTryCompileExec703754020] Error 1
gmake: *** [cmTryCompileExec703754020/fast] Error 2


Determining if the function fgetln exists failed with the following output:
Change Dir: /root/softm/percona-server-5.7.22-22/CMakeFiles/CMakeTmp

Run Build Command:/usr/bin/gmake "cmTryCompileExec1650070185/fast"
/usr/bin/gmake -f CMakeFiles/cmTryCompileExec1650070185.dir/build.make CMakeFiles/cmTryCompileExec1650070185.dir/build
gmake[1]: Entering directory `/root/softm/percona-server-5.7.22-22/CMakeFiles/CMakeTmp'
/usr/bin/cmake -E cmake_progress_report /root/softm/percona-server-5.7.22-22/CMakeFiles/CMakeTmp/CMakeFiles 1
Building C object CMakeFiles/cmTryCompileExec1650070185.dir/CheckFunctionExists.c.o
/usr/bin/cc   -fPIC -DCHECK_FUNCTION_EXISTS=fgetln   -o CMakeFiles/cmTryCompileExec1650070185.dir/CheckFunctionExists.c.o   -c /usr/share/cmake/Modules/CheckFunctionExists.c
Linking C executable cmTryCompileExec1650070185
/usr/bin/cmake -E cmake_link_script CMakeFiles/cmTryCompileExec1650070185.dir/link.txt --verbose=1
/usr/bin/cc   -fPIC -DCHECK_FUNCTION_EXISTS=fgetln    CMakeFiles/cmTryCompileExec1650070185.dir/CheckFunctionExists.c.o  -o cmTryCompileExec1650070185 -rdynamic -lm -lcrypt -ldl -lpthread -lrt 
CMakeFiles/cmTryCompileExec1650070185.dir/CheckFunctionExists.c.o: In function `main':
CheckFunctionExists.c:(.text+0x15): undefined reference to `fgetln'
collect2: ld returned 1 exit status
gmake[1]: Leaving directory `/root/softm/percona-server-5.7.22-22/CMakeFiles/CMakeTmp'
gmake[1]: *** [cmTryCompileExec1650070185] Error 1
gmake: *** [cmTryCompileExec1650070185/fast] Error 2


Determining if the function tell exists failed with the following output:
Change Dir: /root/softm/percona-server-5.7.22-22/CMakeFiles/CMakeTmp

Run Build Command:/usr/bin/gmake "cmTryCompileExec3445744263/fast"
/usr/bin/gmake -f CMakeFiles/cmTryCompileExec3445744263.dir/build.make CMakeFiles/cmTryCompileExec3445744263.dir/build
gmake[1]: Entering directory `/root/softm/percona-server-5.7.22-22/CMakeFiles/CMakeTmp'
/usr/bin/cmake -E cmake_progress_report /root/softm/percona-server-5.7.22-22/CMakeFiles/CMakeTmp/CMakeFiles 1
Building C object CMakeFiles/cmTryCompileExec3445744263.dir/CheckFunctionExists.c.o
/usr/bin/cc   -fPIC -DCHECK_FUNCTION_EXISTS=tell   -o CMakeFiles/cmTryCompileExec3445744263.dir/CheckFunctionExists.c.o   -c /usr/share/cmake/Modules/CheckFunctionExists.c
Linking C executable cmTryCompileExec3445744263
/usr/bin/cmake -E cmake_link_script CMakeFiles/cmTryCompileExec3445744263.dir/link.txt --verbose=1
/usr/bin/cc   -fPIC -DCHECK_FUNCTION_EXISTS=tell    CMakeFiles/cmTryCompileExec3445744263.dir/CheckFunctionExists.c.o  -o cmTryCompileExec3445744263 -rdynamic -lm -lcrypt -ldl -lpthread -lrt 
CMakeFiles/cmTryCompileExec3445744263.dir/CheckFunctionExists.c.o: In function `main':
CheckFunctionExists.c:(.text+0x15): undefined reference to `tell'
collect2: ld returned 1 exit status
gmake[1]: Leaving directory `/root/softm/percona-server-5.7.22-22/CMakeFiles/CMakeTmp'
gmake[1]: *** [cmTryCompileExec3445744263] Error 1
gmake: *** [cmTryCompileExec3445744263/fast] Error 2


Determining if the function ntohll exists failed with the following output:
Change Dir: /root/softm/percona-server-5.7.22-22/CMakeFiles/CMakeTmp

Run Build Command:/usr/bin/gmake "cmTryCompileExec3596633998/fast"
/usr/bin/gmake -f CMakeFiles/cmTryCompileExec3596633998.dir/build.make CMakeFiles/cmTryCompileExec3596633998.dir/build
gmake[1]: Entering directory `/root/softm/percona-server-5.7.22-22/CMakeFiles/CMakeTmp'
/usr/bin/cmake -E cmake_progress_report /root/softm/percona-server-5.7.22-22/CMakeFiles/CMakeTmp/CMakeFiles 1
Building C object CMakeFiles/cmTryCompileExec3596633998.dir/CheckFunctionExists.c.o
/usr/bin/cc   -fPIC -DCHECK_FUNCTION_EXISTS=ntohll   -o CMakeFiles/cmTryCompileExec3596633998.dir/CheckFunctionExists.c.o   -c /usr/share/cmake/Modules/CheckFunctionExists.c
Linking C executable cmTryCompileExec3596633998
/usr/bin/cmake -E cmake_link_script CMakeFiles/cmTryCompileExec3596633998.dir/link.txt --verbose=1
/usr/bin/cc   -fPIC -DCHECK_FUNCTION_EXISTS=ntohll    CMakeFiles/cmTryCompileExec3596633998.dir/CheckFunctionExists.c.o  -o cmTryCompileExec3596633998 -rdynamic -lm -lcrypt -ldl -lpthread -lrt 
CMakeFiles/cmTryCompileExec3596633998.dir/CheckFunctionExists.c.o: In function `main':
CheckFunctionExists.c:(.text+0x15): undefined reference to `ntohll'
collect2: ld returned 1 exit status
gmake[1]: Leaving directory `/root/softm/percona-server-5.7.22-22/CMakeFiles/CMakeTmp'
gmake[1]: *** [cmTryCompileExec3596633998] Error 1
gmake: *** [cmTryCompileExec3596633998/fast] Error 2


Determining if the function memset_s exists failed with the following output:
Change Dir: /root/softm/percona-server-5.7.22-22/CMakeFiles/CMakeTmp

Run Build Command:/usr/bin/gmake "cmTryCompileExec497654472/fast"
/usr/bin/gmake -f CMakeFiles/cmTryCompileExec497654472.dir/build.make CMakeFiles/cmTryCompileExec497654472.dir/build
gmake[1]: Entering directory `/root/softm/percona-server-5.7.22-22/CMakeFiles/CMakeTmp'
/usr/bin/cmake -E cmake_progress_report /root/softm/percona-server-5.7.22-22/CMakeFiles/CMakeTmp/CMakeFiles 1
Building C object CMakeFiles/cmTryCompileExec497654472.dir/CheckFunctionExists.c.o
/usr/bin/cc   -fPIC -DCHECK_FUNCTION_EXISTS=memset_s   -o CMakeFiles/cmTryCompileExec497654472.dir/CheckFunctionExists.c.o   -c /usr/share/cmake/Modules/CheckFunctionExists.c
Linking C executable cmTryCompileExec497654472
/usr/bin/cmake -E cmake_link_script CMakeFiles/cmTryCompileExec497654472.dir/link.txt --verbose=1
/usr/bin/cc   -fPIC -DCHECK_FUNCTION_EXISTS=memset_s    CMakeFiles/cmTryCompileExec497654472.dir/CheckFunctionExists.c.o  -o cmTryCompileExec497654472 -rdynamic -lm -lcrypt -ldl -lpthread -lrt 
CMakeFiles/cmTryCompileExec497654472.dir/CheckFunctionExists.c.o: In function `main':
CheckFunctionExists.c:(.text+0x15): undefined reference to `memset_s'
collect2: ld returned 1 exit status
gmake[1]: Leaving directory `/root/softm/percona-server-5.7.22-22/CMakeFiles/CMakeTmp'
gmake[1]: *** [cmTryCompileExec497654472] Error 1
gmake: *** [cmTryCompileExec497654472/fast] Error 2


Determining if the function kqueue exists failed with the following output:
Change Dir: /root/softm/percona-server-5.7.22-22/CMakeFiles/CMakeTmp

Run Build Command:/usr/bin/gmake "cmTryCompileExec264575630/fast"
/usr/bin/gmake -f CMakeFiles/cmTryCompileExec264575630.dir/build.make CMakeFiles/cmTryCompileExec264575630.dir/build
gmake[1]: Entering directory `/root/softm/percona-server-5.7.22-22/CMakeFiles/CMakeTmp'
/usr/bin/cmake -E cmake_progress_report /root/softm/percona-server-5.7.22-22/CMakeFiles/CMakeTmp/CMakeFiles 1
Building C object CMakeFiles/cmTryCompileExec264575630.dir/CheckFunctionExists.c.o
/usr/bin/cc   -fPIC -DCHECK_FUNCTION_EXISTS=kqueue   -o CMakeFiles/cmTryCompileExec264575630.dir/CheckFunctionExists.c.o   -c /usr/share/cmake/Modules/CheckFunctionExists.c
Linking C executable cmTryCompileExec264575630
/usr/bin/cmake -E cmake_link_script CMakeFiles/cmTryCompileExec264575630.dir/link.txt --verbose=1
/usr/bin/cc   -fPIC -DCHECK_FUNCTION_EXISTS=kqueue    CMakeFiles/cmTryCompileExec264575630.dir/CheckFunctionExists.c.o  -o cmTryCompileExec264575630 -rdynamic -lm -lcrypt -ldl -lpthread -lrt 
CMakeFiles/cmTryCompileExec264575630.dir/CheckFunctionExists.c.o: In function `main':
CheckFunctionExists.c:(.text+0x15): undefined reference to `kqueue'
collect2: ld returned 1 exit status
gmake[1]: Leaving directory `/root/softm/percona-server-5.7.22-22/CMakeFiles/CMakeTmp'
gmake[1]: *** [cmTryCompileExec264575630] Error 1
gmake: *** [cmTryCompileExec264575630/fast] Error 2


Determining if the FIONREAD exist failed with the following output:
Change Dir: /root/softm/percona-server-5.7.22-22/CMakeFiles/CMakeTmp

Run Build Command:/usr/bin/gmake "cmTryCompileExec2686769757/fast"
/usr/bin/gmake -f CMakeFiles/cmTryCompileExec2686769757.dir/build.make CMakeFiles/cmTryCompileExec2686769757.dir/build
gmake[1]: Entering directory `/root/softm/percona-server-5.7.22-22/CMakeFiles/CMakeTmp'
/usr/bin/cmake -E cmake_progress_report /root/softm/percona-server-5.7.22-22/CMakeFiles/CMakeTmp/CMakeFiles 1
Building C object CMakeFiles/cmTryCompileExec2686769757.dir/CheckSymbolExists.c.o
/usr/bin/cc   -fPIC    -o CMakeFiles/cmTryCompileExec2686769757.dir/CheckSymbolExists.c.o   -c /root/softm/percona-server-5.7.22-22/CMakeFiles/CMakeTmp/CheckSymbolExists.c
/root/softm/percona-server-5.7.22-22/CMakeFiles/CMakeTmp/CheckSymbolExists.c:2:23: error: sys/filio.h: No such file or directory
/root/softm/percona-server-5.7.22-22/CMakeFiles/CMakeTmp/CheckSymbolExists.c: In function ‘main’:
/root/softm/percona-server-5.7.22-22/CMakeFiles/CMakeTmp/CheckSymbolExists.c:8: error: ‘FIONREAD’ undeclared (first use in this function)
/root/softm/percona-server-5.7.22-22/CMakeFiles/CMakeTmp/CheckSymbolExists.c:8: error: (Each undeclared identifier is reported only once
/root/softm/percona-server-5.7.22-22/CMakeFiles/CMakeTmp/CheckSymbolExists.c:8: error: for each function it appears in.)
gmake[1]: *** [CMakeFiles/cmTryCompileExec2686769757.dir/CheckSymbolExists.c.o] Error 1
gmake[1]: Leaving directory `/root/softm/percona-server-5.7.22-22/CMakeFiles/CMakeTmp'
gmake: *** [cmTryCompileExec2686769757/fast] Error 2

File /root/softm/percona-server-5.7.22-22/CMakeFiles/CMakeTmp/CheckSymbolExists.c:
/* */
#include <sys/filio.h>

int main(int argc, char** argv)
{
  (void)argv;
#ifndef FIONREAD
  return ((int*)(&FIONREAD))[argc];
#else
  (void)argc;
  return 0;
#endif
}

Determining if the SIGEV_PORT exist failed with the following output:
Change Dir: /root/softm/percona-server-5.7.22-22/CMakeFiles/CMakeTmp

Run Build Command:/usr/bin/gmake "cmTryCompileExec357959282/fast"
/usr/bin/gmake -f CMakeFiles/cmTryCompileExec357959282.dir/build.make CMakeFiles/cmTryCompileExec357959282.dir/build
gmake[1]: Entering directory `/root/softm/percona-server-5.7.22-22/CMakeFiles/CMakeTmp'
/usr/bin/cmake -E cmake_progress_report /root/softm/percona-server-5.7.22-22/CMakeFiles/CMakeTmp/CMakeFiles 1
Building C object CMakeFiles/cmTryCompileExec357959282.dir/CheckSymbolExists.c.o
/usr/bin/cc   -fPIC    -o CMakeFiles/cmTryCompileExec357959282.dir/CheckSymbolExists.c.o   -c /root/softm/percona-server-5.7.22-22/CMakeFiles/CMakeTmp/CheckSymbolExists.c
/root/softm/percona-server-5.7.22-22/CMakeFiles/CMakeTmp/CheckSymbolExists.c:4:25: error: sys/siginfo.h: No such file or directory
/root/softm/percona-server-5.7.22-22/CMakeFiles/CMakeTmp/CheckSymbolExists.c: In function ‘main’:
/root/softm/percona-server-5.7.22-22/CMakeFiles/CMakeTmp/CheckSymbolExists.c:10: error: ‘SIGEV_PORT’ undeclared (first use in this function)
/root/softm/percona-server-5.7.22-22/CMakeFiles/CMakeTmp/CheckSymbolExists.c:10: error: (Each undeclared identifier is reported only once
/root/softm/percona-server-5.7.22-22/CMakeFiles/CMakeTmp/CheckSymbolExists.c:10: error: for each function it appears in.)
gmake[1]: *** [CMakeFiles/cmTryCompileExec357959282.dir/CheckSymbolExists.c.o] Error 1
gmake[1]: Leaving directory `/root/softm/percona-server-5.7.22-22/CMakeFiles/CMakeTmp'
gmake: *** [cmTryCompileExec357959282/fast] Error 2

File /root/softm/percona-server-5.7.22-22/CMakeFiles/CMakeTmp/CheckSymbolExists.c:
/* */
#include <signal.h>
#include <time.h>
#include <sys/siginfo.h>

int main(int argc, char** argv)
{
  (void)argv;
#ifndef SIGEV_PORT
  return ((int*)(&SIGEV_PORT))[argc];
#else
  (void)argc;
  return 0;
#endif
}

Determining if the function kqueue exists failed with the following output:
Change Dir: /root/softm/percona-server-5.7.22-22/CMakeFiles/CMakeTmp

Run Build Command:/usr/bin/gmake "cmTryCompileExec1829208617/fast"
/usr/bin/gmake -f CMakeFiles/cmTryCompileExec1829208617.dir/build.make CMakeFiles/cmTryCompileExec1829208617.dir/build
gmake[1]: Entering directory `/root/softm/percona-server-5.7.22-22/CMakeFiles/CMakeTmp'
/usr/bin/cmake -E cmake_progress_report /root/softm/percona-server-5.7.22-22/CMakeFiles/CMakeTmp/CMakeFiles 1
Building C object CMakeFiles/cmTryCompileExec1829208617.dir/CheckFunctionExists.c.o
/usr/bin/cc   -fPIC -DCHECK_FUNCTION_EXISTS=kqueue   -o CMakeFiles/cmTryCompileExec1829208617.dir/CheckFunctionExists.c.o   -c /usr/share/cmake/Modules/CheckFunctionExists.c
Linking C executable cmTryCompileExec1829208617
/usr/bin/cmake -E cmake_link_script CMakeFiles/cmTryCompileExec1829208617.dir/link.txt --verbose=1
/usr/bin/cc   -fPIC -DCHECK_FUNCTION_EXISTS=kqueue    CMakeFiles/cmTryCompileExec1829208617.dir/CheckFunctionExists.c.o  -o cmTryCompileExec1829208617 -rdynamic -lm -lcrypt -ldl -lpthread -lrt 
CMakeFiles/cmTryCompileExec1829208617.dir/CheckFunctionExists.c.o: In function `main':
CheckFunctionExists.c:(.text+0x15): undefined reference to `kqueue'
collect2: ld returned 1 exit status
gmake[1]: Leaving directory `/root/softm/percona-server-5.7.22-22/CMakeFiles/CMakeTmp'
gmake[1]: *** [cmTryCompileExec1829208617] Error 1
gmake: *** [cmTryCompileExec1829208617/fast] Error 2


Determining if the EVFILT_TIMER exist failed with the following output:
Change Dir: /root/softm/percona-server-5.7.22-22/CMakeFiles/CMakeTmp

Run Build Command:/usr/bin/gmake "cmTryCompileExec2989767776/fast"
/usr/bin/gmake -f CMakeFiles/cmTryCompileExec2989767776.dir/build.make CMakeFiles/cmTryCompileExec2989767776.dir/build
gmake[1]: Entering directory `/root/softm/percona-server-5.7.22-22/CMakeFiles/CMakeTmp'
/usr/bin/cmake -E cmake_progress_report /root/softm/percona-server-5.7.22-22/CMakeFiles/CMakeTmp/CMakeFiles 1
Building C object CMakeFiles/cmTryCompileExec2989767776.dir/CheckSymbolExists.c.o
/usr/bin/cc   -fPIC    -o CMakeFiles/cmTryCompileExec2989767776.dir/CheckSymbolExists.c.o   -c /root/softm/percona-server-5.7.22-22/CMakeFiles/CMakeTmp/CheckSymbolExists.c
/root/softm/percona-server-5.7.22-22/CMakeFiles/CMakeTmp/CheckSymbolExists.c:3:23: error: sys/event.h: No such file or directory
/root/softm/percona-server-5.7.22-22/CMakeFiles/CMakeTmp/CheckSymbolExists.c: In function ‘main’:
/root/softm/percona-server-5.7.22-22/CMakeFiles/CMakeTmp/CheckSymbolExists.c:10: error: ‘EVFILT_TIMER’ undeclared (first use in this function)
/root/softm/percona-server-5.7.22-22/CMakeFiles/CMakeTmp/CheckSymbolExists.c:10: error: (Each undeclared identifier is reported only once
/root/softm/percona-server-5.7.22-22/CMakeFiles/CMakeTmp/CheckSymbolExists.c:10: error: for each function it appears in.)
gmake[1]: *** [CMakeFiles/cmTryCompileExec2989767776.dir/CheckSymbolExists.c.o] Error 1
gmake[1]: Leaving directory `/root/softm/percona-server-5.7.22-22/CMakeFiles/CMakeTmp'
gmake: *** [cmTryCompileExec2989767776/fast] Error 2

File /root/softm/percona-server-5.7.22-22/CMakeFiles/CMakeTmp/CheckSymbolExists.c:
/* */
#include <sys/types.h>
#include <sys/event.h>
#include <sys/time.h>

int main(int argc, char** argv)
{
  (void)argv;
#ifndef EVFILT_TIMER
  return ((int*)(&EVFILT_TIMER))[argc];
#else
  (void)argc;
  return 0;
#endif
}

Determining if the system is big endian passed with the following output:
Change Dir: /root/softm/percona-server-5.7.22-22/CMakeFiles/CMakeTmp

Run Build Command:/usr/bin/gmake "cmTryCompileExec4252391394/fast"
/usr/bin/gmake -f CMakeFiles/cmTryCompileExec4252391394.dir/build.make CMakeFiles/cmTryCompileExec4252391394.dir/build
gmake[1]: Entering directory `/root/softm/percona-server-5.7.22-22/CMakeFiles/CMakeTmp'
/usr/bin/cmake -E cmake_progress_report /root/softm/percona-server-5.7.22-22/CMakeFiles/CMakeTmp/CMakeFiles 1
Building C object CMakeFiles/cmTryCompileExec4252391394.dir/TestEndianess.c.o
/usr/bin/cc   -fPIC    -o CMakeFiles/cmTryCompileExec4252391394.dir/TestEndianess.c.o   -c /root/softm/percona-server-5.7.22-22/CMakeFiles/CMakeTmp/TestEndianess.c
Linking C executable cmTryCompileExec4252391394
/usr/bin/cmake -E cmake_link_script CMakeFiles/cmTryCompileExec4252391394.dir/link.txt --verbose=1
/usr/bin/cc   -fPIC     CMakeFiles/cmTryCompileExec4252391394.dir/TestEndianess.c.o  -o cmTryCompileExec4252391394 -rdynamic 
gmake[1]: Leaving directory `/root/softm/percona-server-5.7.22-22/CMakeFiles/CMakeTmp'

TestEndianess.c:
/* A 16 bit integer is required. */
typedef unsigned short cmakeint16;

/* On a little endian machine, these 16bit ints will give "THIS IS LITTLE ENDIAN."
   On a big endian machine the characters will be exchanged pairwise. */
const cmakeint16 info_little[] =  {0x4854, 0x5349, 0x4920, 0x2053, 0x494c, 0x5454, 0x454c, 0x4520, 0x444e, 0x4149, 0x2e4e, 0x0000};

/* on a big endian machine, these 16bit ints will give "THIS IS BIG ENDIAN."
   On a little endian machine the characters will be exchanged pairwise. */
const cmakeint16 info_big[] =     {0x5448, 0x4953, 0x2049, 0x5320, 0x4249, 0x4720, 0x454e, 0x4449, 0x414e, 0x2e2e, 0x0000};

#ifdef __CLASSIC_C__
int main(argc, argv) int argc; char *argv[];
#else
int main(int argc, char *argv[])
#endif
{
  int require = 0;
  require += info_little[argc];
  require += info_big[argc];
  (void)argv;
  return require;
}


Performing C++ SOURCE FILE Test HAVE_GCC_ATOMIC_BUILTINS failed with the following output:
Change Dir: /root/softm/percona-server-5.7.22-22/CMakeFiles/CMakeTmp

Run Build Command:/usr/bin/gmake "cmTryCompileExec3933122162/fast"
/usr/bin/gmake -f CMakeFiles/cmTryCompileExec3933122162.dir/build.make CMakeFiles/cmTryCompileExec3933122162.dir/build
gmake[1]: Entering directory `/root/softm/percona-server-5.7.22-22/CMakeFiles/CMakeTmp'
/usr/bin/cmake -E cmake_progress_report /root/softm/percona-server-5.7.22-22/CMakeFiles/CMakeTmp/CMakeFiles 1
Building CXX object CMakeFiles/cmTryCompileExec3933122162.dir/src.cxx.o
/usr/bin/c++   -D_FILE_OFFSET_BITS=64 -D_LARGEFILE_SOURCE -D_LARGE_FILES -D__STDC_CONSTANT_MACROS -D__STDC_FORMAT_MACROS -D__STDC_LIMIT_MACROS -fPIC -DHAVE_GCC_ATOMIC_BUILTINS   -o CMakeFiles/cmTryCompileExec3933122162.dir/src.cxx.o -c /root/softm/percona-server-5.7.22-22/CMakeFiles/CMakeTmp/src.cxx
/root/softm/percona-server-5.7.22-22/CMakeFiles/CMakeTmp/src.cxx: In function ‘int main()’:
/root/softm/percona-server-5.7.22-22/CMakeFiles/CMakeTmp/src.cxx:6: error: ‘__ATOMIC_SEQ_CST’ was not declared in this scope
/root/softm/percona-server-5.7.22-22/CMakeFiles/CMakeTmp/src.cxx:6: error: ‘__atomic_fetch_add’ was not declared in this scope
/root/softm/percona-server-5.7.22-22/CMakeFiles/CMakeTmp/src.cxx:8: error: ‘__ATOMIC_SEQ_CST’ was not declared in this scope
/root/softm/percona-server-5.7.22-22/CMakeFiles/CMakeTmp/src.cxx:8: error: ‘__atomic_exchange_n’ was not declared in this scope
/root/softm/percona-server-5.7.22-22/CMakeFiles/CMakeTmp/src.cxx:12: error: ‘__atomic_compare_exchange_n’ was not declared in this scope
/root/softm/percona-server-5.7.22-22/CMakeFiles/CMakeTmp/src.cxx:15: error: ‘__atomic_fetch_add’ was not declared in this scope
gmake[1]: Leaving directory `/root/softm/percona-server-5.7.22-22/CMakeFiles/CMakeTmp'
gmake[1]: *** [CMakeFiles/cmTryCompileExec3933122162.dir/src.cxx.o] Error 1
gmake: *** [cmTryCompileExec3933122162/fast] Error 2

Source file was:

  int main()
  {
    int foo= -10; int bar= 10;
    long long int foo64= -10; long long int bar64= 10;
    if (!__atomic_fetch_add(&foo, bar, __ATOMIC_SEQ_CST) || foo)
      return -1;
    bar= __atomic_exchange_n(&foo, bar, __ATOMIC_SEQ_CST);
    if (bar || foo != 10)
      return -1;
    bar= __atomic_compare_exchange_n(&bar, &foo, 15, 0,
                                     __ATOMIC_SEQ_CST, __ATOMIC_SEQ_CST);
    if (bar)
      return -1;
    if (!__atomic_fetch_add(&foo64, bar64, __ATOMIC_SEQ_CST) || foo64)
      return -1;
    bar64= __atomic_exchange_n(&foo64, bar64, __ATOMIC_SEQ_CST);
    if (bar64 || foo64 != 10)
      return -1;
    bar64= __atomic_compare_exchange_n(&bar64, &foo64, 15, 0,
                                       __ATOMIC_SEQ_CST, __ATOMIC_SEQ_CST);
    if (bar64)
      return -1;
    return 0;
  }
Determining if the include file netinet/in6.h exists failed with the following output:
Change Dir: /root/softm/percona-server-5.7.22-22/CMakeFiles/CMakeTmp

Run Build Command:/usr/bin/gmake "cmTryCompileExec2082254755/fast"
/usr/bin/gmake -f CMakeFiles/cmTryCompileExec2082254755.dir/build.make CMakeFiles/cmTryCompileExec2082254755.dir/build
gmake[1]: Entering directory `/root/softm/percona-server-5.7.22-22/CMakeFiles/CMakeTmp'
/usr/bin/cmake -E cmake_progress_report /root/softm/percona-server-5.7.22-22/CMakeFiles/CMakeTmp/CMakeFiles 1
Building C object CMakeFiles/cmTryCompileExec2082254755.dir/CheckIncludeFile.c.o
/usr/bin/cc  -D_FILE_OFFSET_BITS=64 -D_LARGEFILE_SOURCE -D_LARGE_FILES -D__STDC_CONSTANT_MACROS -D__STDC_FORMAT_MACROS -D__STDC_LIMIT_MACROS -fPIC    -o CMakeFiles/cmTryCompileExec2082254755.dir/CheckIncludeFile.c.o   -c /root/softm/percona-server-5.7.22-22/CMakeFiles/CMakeTmp/CheckIncludeFile.c
/root/softm/percona-server-5.7.22-22/CMakeFiles/CMakeTmp/CheckIncludeFile.c:1:25: error: netinet/in6.h: No such file or directory
gmake[1]: *** [CMakeFiles/cmTryCompileExec2082254755.dir/CheckIncludeFile.c.o] Error 1
gmake[1]: Leaving directory `/root/softm/percona-server-5.7.22-22/CMakeFiles/CMakeTmp'
gmake: *** [cmTryCompileExec2082254755/fast] Error 2


Performing C SOURCE FILE Test HAVE_SOCKADDR_IN_SIN_LEN failed with the following output:
Change Dir: /root/softm/percona-server-5.7.22-22/CMakeFiles/CMakeTmp

Run Build Command:/usr/bin/gmake "cmTryCompileExec3497984952/fast"
/usr/bin/gmake -f CMakeFiles/cmTryCompileExec3497984952.dir/build.make CMakeFiles/cmTryCompileExec3497984952.dir/build
gmake[1]: Entering directory `/root/softm/percona-server-5.7.22-22/CMakeFiles/CMakeTmp'
/usr/bin/cmake -E cmake_progress_report /root/softm/percona-server-5.7.22-22/CMakeFiles/CMakeTmp/CMakeFiles 1
Building C object CMakeFiles/cmTryCompileExec3497984952.dir/src.c.o
/usr/bin/cc  -D_FILE_OFFSET_BITS=64 -D_LARGEFILE_SOURCE -D_LARGE_FILES -D__STDC_CONSTANT_MACROS -D__STDC_FORMAT_MACROS -D__STDC_LIMIT_MACROS -fPIC -DHAVE_SOCKADDR_IN_SIN_LEN   -o CMakeFiles/cmTryCompileExec3497984952.dir/src.c.o   -c /root/softm/percona-server-5.7.22-22/CMakeFiles/CMakeTmp/src.c
/root/softm/percona-server-5.7.22-22/CMakeFiles/CMakeTmp/src.c: In function ‘main’:
/root/softm/percona-server-5.7.22-22/CMakeFiles/CMakeTmp/src.c:9: error: ‘struct sockaddr_in’ has no member named ‘sin_len’
gmake[1]: *** [CMakeFiles/cmTryCompileExec3497984952.dir/src.c.o] Error 1
gmake[1]: Leaving directory `/root/softm/percona-server-5.7.22-22/CMakeFiles/CMakeTmp'
gmake: *** [cmTryCompileExec3497984952/fast] Error 2

Source file was:

#include <sys/types.h>
#include <netinet/in.h>
#include <sys/socket.h>

int main()
{
   struct sockaddr_in* tmp;
   tmp->sin_len;
  return 0;
}

Performing C SOURCE FILE Test HAVE_SOCKADDR_IN6_SIN6_LEN failed with the following output:
Change Dir: /root/softm/percona-server-5.7.22-22/CMakeFiles/CMakeTmp

Run Build Command:/usr/bin/gmake "cmTryCompileExec111426197/fast"
/usr/bin/gmake -f CMakeFiles/cmTryCompileExec111426197.dir/build.make CMakeFiles/cmTryCompileExec111426197.dir/build
gmake[1]: Entering directory `/root/softm/percona-server-5.7.22-22/CMakeFiles/CMakeTmp'
/usr/bin/cmake -E cmake_progress_report /root/softm/percona-server-5.7.22-22/CMakeFiles/CMakeTmp/CMakeFiles 1
Building C object CMakeFiles/cmTryCompileExec111426197.dir/src.c.o
/usr/bin/cc  -D_FILE_OFFSET_BITS=64 -D_LARGEFILE_SOURCE -D_LARGE_FILES -D__STDC_CONSTANT_MACROS -D__STDC_FORMAT_MACROS -D__STDC_LIMIT_MACROS -fPIC -DHAVE_SOCKADDR_IN6_SIN6_LEN   -o CMakeFiles/cmTryCompileExec111426197.dir/src.c.o   -c /root/softm/percona-server-5.7.22-22/CMakeFiles/CMakeTmp/src.c
/root/softm/percona-server-5.7.22-22/CMakeFiles/CMakeTmp/src.c: In function ‘main’:
/root/softm/percona-server-5.7.22-22/CMakeFiles/CMakeTmp/src.c:9: error: ‘struct sockaddr_in6’ has no member named ‘sin6_len’
gmake[1]: Leaving directory `/root/softm/percona-server-5.7.22-22/CMakeFiles/CMakeTmp'
gmake[1]: *** [CMakeFiles/cmTryCompileExec111426197.dir/src.c.o] Error 1
gmake: *** [cmTryCompileExec111426197/fast] Error 2

Source file was:

#include <sys/types.h>
#include <netinet/in.h>
#include <sys/socket.h>

int main()
{
   struct sockaddr_in6* tmp;
   tmp->sin6_len;
  return 0;
}

Performing C SOURCE FILE Test HAVE_PTHREAD_THREADID_NP failed with the following output:
Change Dir: /root/softm/percona-server-5.7.22-22/CMakeFiles/CMakeTmp

Run Build Command:/usr/bin/gmake "cmTryCompileExec1660093524/fast"
/usr/bin/gmake -f CMakeFiles/cmTryCompileExec1660093524.dir/build.make CMakeFiles/cmTryCompileExec1660093524.dir/build
gmake[1]: Entering directory `/root/softm/percona-server-5.7.22-22/CMakeFiles/CMakeTmp'
/usr/bin/cmake -E cmake_progress_report /root/softm/percona-server-5.7.22-22/CMakeFiles/CMakeTmp/CMakeFiles 1
Building C object CMakeFiles/cmTryCompileExec1660093524.dir/src.c.o
/usr/bin/cc  -D_FILE_OFFSET_BITS=64 -D_LARGEFILE_SOURCE -D_LARGE_FILES -D__STDC_CONSTANT_MACROS -D__STDC_FORMAT_MACROS -D__STDC_LIMIT_MACROS -fPIC -DHAVE_PTHREAD_THREADID_NP   -o CMakeFiles/cmTryCompileExec1660093524.dir/src.c.o   -c /root/softm/percona-server-5.7.22-22/CMakeFiles/CMakeTmp/src.c
Linking C executable cmTryCompileExec1660093524
/usr/bin/cmake -E cmake_link_script CMakeFiles/cmTryCompileExec1660093524.dir/link.txt --verbose=1
/usr/bin/cc   -fPIC -DHAVE_PTHREAD_THREADID_NP    CMakeFiles/cmTryCompileExec1660093524.dir/src.c.o  -o cmTryCompileExec1660093524 -rdynamic -lm -lcrypt -ldl -lpthread -lrt 
CMakeFiles/cmTryCompileExec1660093524.dir/src.c.o: In function `main':
src.c:(.text+0x21): undefined reference to `pthread_threadid_np'
collect2: ld returned 1 exit status
gmake[1]: Leaving directory `/root/softm/percona-server-5.7.22-22/CMakeFiles/CMakeTmp'
gmake[1]: *** [cmTryCompileExec1660093524] Error 1
gmake: *** [cmTryCompileExec1660093524/fast] Error 2

Source file was:

#include <pthread.h>
int main(int ac, char **av)
{
  unsigned long long tid64;
  pthread_threadid_np(NULL, &tid64);
  return (tid64 != 0 ? 0 : 1);
}
Performing C++ SOURCE FILE Test HAVE_IMPLICIT_DEPENDENT_NAME_TYPING failed with the following output:
Change Dir: /root/softm/percona-server-5.7.22-22/CMakeFiles/CMakeTmp

Run Build Command:/usr/bin/gmake "cmTryCompileExec249491005/fast"
/usr/bin/gmake -f CMakeFiles/cmTryCompileExec249491005.dir/build.make CMakeFiles/cmTryCompileExec249491005.dir/build
gmake[1]: Entering directory `/root/softm/percona-server-5.7.22-22/CMakeFiles/CMakeTmp'
/usr/bin/cmake -E cmake_progress_report /root/softm/percona-server-5.7.22-22/CMakeFiles/CMakeTmp/CMakeFiles 1
Building CXX object CMakeFiles/cmTryCompileExec249491005.dir/src.cxx.o
/usr/bin/c++   -D_FILE_OFFSET_BITS=64 -D_LARGEFILE_SOURCE -D_LARGE_FILES -D__STDC_CONSTANT_MACROS -D__STDC_FORMAT_MACROS -D__STDC_LIMIT_MACROS -fPIC -DHAVE_IMPLICIT_DEPENDENT_NAME_TYPING   -o CMakeFiles/cmTryCompileExec249491005.dir/src.cxx.o -c /root/softm/percona-server-5.7.22-22/CMakeFiles/CMakeTmp/src.cxx
/root/softm/percona-server-5.7.22-22/CMakeFiles/CMakeTmp/src.cxx: In member function ‘void ct2<T>::func()’:
/root/softm/percona-server-5.7.22-22/CMakeFiles/CMakeTmp/src.cxx:15: error: expected ‘;’ before ‘itr’
/root/softm/percona-server-5.7.22-22/CMakeFiles/CMakeTmp/src.cxx: In member function ‘void ct2<T>::func() [with T = double]’:
/root/softm/percona-server-5.7.22-22/CMakeFiles/CMakeTmp/src.cxx:21:   instantiated from here
/root/softm/percona-server-5.7.22-22/CMakeFiles/CMakeTmp/src.cxx:15: error: dependent-name ‘std::vector::iterator’ is parsed as a non-type, but instantiation yields a type
/root/softm/percona-server-5.7.22-22/CMakeFiles/CMakeTmp/src.cxx:15: note: say ‘typename std::vector::iterator’ if a type is meant
gmake[1]: *** [CMakeFiles/cmTryCompileExec249491005.dir/src.cxx.o] Error 1
gmake[1]: Leaving directory `/root/softm/percona-server-5.7.22-22/CMakeFiles/CMakeTmp'
gmake: *** [cmTryCompileExec249491005/fast] Error 2

Source file was:

  #include <vector>
  template<typename T>
  class ct2
  {
  public:
    typedef T type;
    void func();
  };

  template<typename T>
  void ct2<T>::func()
  {
    std::vector<T> vec;
    std::vector<T>::iterator itr = vec.begin();
  }

  int main(int argc, char **argv)
  {
    ct2<double> o2;
    o2.func();
    return 0;
  }
  
Determining if files numa.h exist failed with the following output:
Change Dir: /root/softm/percona-server-5.7.22-22/CMakeFiles/CMakeTmp

Run Build Command:/usr/bin/gmake "cmTryCompileExec2508471079/fast"
/usr/bin/gmake -f CMakeFiles/cmTryCompileExec2508471079.dir/build.make CMakeFiles/cmTryCompileExec2508471079.dir/build
gmake[1]: Entering directory `/root/softm/percona-server-5.7.22-22/CMakeFiles/CMakeTmp'
/usr/bin/cmake -E cmake_progress_report /root/softm/percona-server-5.7.22-22/CMakeFiles/CMakeTmp/CMakeFiles 1
Building C object CMakeFiles/cmTryCompileExec2508471079.dir/CheckIncludeFiles.c.o
/usr/bin/cc  -D_FILE_OFFSET_BITS=64 -D_LARGEFILE_SOURCE -D_LARGE_FILES -D__STDC_CONSTANT_MACROS -D__STDC_FORMAT_MACROS -D__STDC_LIMIT_MACROS -fPIC    -o CMakeFiles/cmTryCompileExec2508471079.dir/CheckIncludeFiles.c.o   -c /root/softm/percona-server-5.7.22-22/CMakeFiles/CMakeTmp/CheckIncludeFiles.c
/root/softm/percona-server-5.7.22-22/CMakeFiles/CMakeTmp/CheckIncludeFiles.c:2:18: error: numa.h: No such file or directory
gmake[1]: *** [CMakeFiles/cmTryCompileExec2508471079.dir/CheckIncludeFiles.c.o] Error 1
gmake[1]: Leaving directory `/root/softm/percona-server-5.7.22-22/CMakeFiles/CMakeTmp'
gmake: *** [cmTryCompileExec2508471079/fast] Error 2

Source:
/* */
#include <numa.h>


int main(){return 0;}

Determining if files numaif.h exist failed with the following output:
Change Dir: /root/softm/percona-server-5.7.22-22/CMakeFiles/CMakeTmp

Run Build Command:/usr/bin/gmake "cmTryCompileExec2556237029/fast"
/usr/bin/gmake -f CMakeFiles/cmTryCompileExec2556237029.dir/build.make CMakeFiles/cmTryCompileExec2556237029.dir/build
gmake[1]: Entering directory `/root/softm/percona-server-5.7.22-22/CMakeFiles/CMakeTmp'
/usr/bin/cmake -E cmake_progress_report /root/softm/percona-server-5.7.22-22/CMakeFiles/CMakeTmp/CMakeFiles 1
Building C object CMakeFiles/cmTryCompileExec2556237029.dir/CheckIncludeFiles.c.o
/usr/bin/cc  -D_FILE_OFFSET_BITS=64 -D_LARGEFILE_SOURCE -D_LARGE_FILES -D__STDC_CONSTANT_MACROS -D__STDC_FORMAT_MACROS -D__STDC_LIMIT_MACROS -fPIC    -o CMakeFiles/cmTryCompileExec2556237029.dir/CheckIncludeFiles.c.o   -c /root/softm/percona-server-5.7.22-22/CMakeFiles/CMakeTmp/CheckIncludeFiles.c
/root/softm/percona-server-5.7.22-22/CMakeFiles/CMakeTmp/CheckIncludeFiles.c:2:20: error: numaif.h: No such file or directory
gmake[1]: *** [CMakeFiles/cmTryCompileExec2556237029.dir/CheckIncludeFiles.c.o] Error 1
gmake[1]: Leaving directory `/root/softm/percona-server-5.7.22-22/CMakeFiles/CMakeTmp'
gmake: *** [cmTryCompileExec2556237029/fast] Error 2

Source:
/* */
#include <numaif.h>


int main(){return 0;}

Determining size of socklen_t failed with the following output:
Change Dir: /root/softm/percona-server-5.7.22-22/CMakeFiles/CMakeTmp

Run Build Command:/usr/bin/gmake "cmTryCompileExec2353632547/fast"
/usr/bin/gmake -f CMakeFiles/cmTryCompileExec2353632547.dir/build.make CMakeFiles/cmTryCompileExec2353632547.dir/build
gmake[1]: Entering directory `/root/softm/percona-server-5.7.22-22/CMakeFiles/CMakeTmp'
/usr/bin/cmake -E cmake_progress_report /root/softm/percona-server-5.7.22-22/CMakeFiles/CMakeTmp/CMakeFiles 1
Building C object CMakeFiles/cmTryCompileExec2353632547.dir/SIZEOF_SOCKLEN_T.c.o
/usr/bin/cc  -D_FILE_OFFSET_BITS=64 -D_LARGEFILE_SOURCE -D_LARGE_FILES -D__STDC_CONSTANT_MACROS -D__STDC_FORMAT_MACROS -D__STDC_LIMIT_MACROS -fPIC    -o CMakeFiles/cmTryCompileExec2353632547.dir/SIZEOF_SOCKLEN_T.c.o   -c /root/softm/percona-server-5.7.22-22/CMakeFiles/CheckTypeSize/SIZEOF_SOCKLEN_T.c
/root/softm/percona-server-5.7.22-22/CMakeFiles/CheckTypeSize/SIZEOF_SOCKLEN_T.c:19: error: ‘socklen_t’ undeclared here (not in a function)
gmake[1]: *** [CMakeFiles/cmTryCompileExec2353632547.dir/SIZEOF_SOCKLEN_T.c.o] Error 1
gmake[1]: Leaving directory `/root/softm/percona-server-5.7.22-22/CMakeFiles/CMakeTmp'
gmake: *** [cmTryCompileExec2353632547/fast] Error 2

/root/softm/percona-server-5.7.22-22/CMakeFiles/CheckTypeSize/SIZEOF_SOCKLEN_T.c:
#include <sys/types.h>
#include <stdint.h>
#include <stddef.h>


#undef KEY
#if defined(__i386)
# define KEY '_','_','i','3','8','6'
#elif defined(__x86_64)
# define KEY '_','_','x','8','6','_','6','4'
#elif defined(__ppc__)
# define KEY '_','_','p','p','c','_','_'
#elif defined(__ppc64__)
# define KEY '_','_','p','p','c','6','4','_','_'
#endif

#define SIZE (sizeof(socklen_t))
char info_size[] =  {'I', 'N', 'F', 'O', ':', 's','i','z','e','[',
  ('0' + ((SIZE / 10000)%10)),
  ('0' + ((SIZE / 1000)%10)),
  ('0' + ((SIZE / 100)%10)),
  ('0' + ((SIZE / 10)%10)),
  ('0' +  (SIZE    % 10)),
  ']',
#ifdef KEY
  ' ','k','e','y','[', KEY, ']',
#endif
  '\0'};

#ifdef __CLASSIC_C__
int main(argc, argv) int argc; char *argv[];
#else
int main(int argc, char *argv[])
#endif
{
  int require = 0;
  require += info_size[argc];
  (void)argv;
  return require;
}


Performing C++ SOURCE FILE Test HAVE_MAYBE_UNINITIALIZED failed with the following output:
Change Dir: /root/softm/percona-server-5.7.22-22/CMakeFiles/CMakeTmp

Run Build Command:/usr/bin/gmake "cmTryCompileExec2841083803/fast"
/usr/bin/gmake -f CMakeFiles/cmTryCompileExec2841083803.dir/build.make CMakeFiles/cmTryCompileExec2841083803.dir/build
gmake[1]: Entering directory `/root/softm/percona-server-5.7.22-22/CMakeFiles/CMakeTmp'
/usr/bin/cmake -E cmake_progress_report /root/softm/percona-server-5.7.22-22/CMakeFiles/CMakeTmp/CMakeFiles 1
Building CXX object CMakeFiles/cmTryCompileExec2841083803.dir/src.cxx.o
/usr/bin/c++   -DHAVE_READLINE_HISTORY_H -D_FILE_OFFSET_BITS=64 -D_LARGEFILE_SOURCE -D_LARGE_FILES -D__STDC_CONSTANT_MACROS -D__STDC_FORMAT_MACROS -D__STDC_LIMIT_MACROS -fPIC -Wno-sign-compare -Wno-unused-local-typedefs -Wno-ignored-qualifiers -Wno-return-type -Wno-unused-function -DHAVE_MAYBE_UNINITIALIZED  -Wmaybe-uninitialized -I/usr/include/readline    -o CMakeFiles/cmTryCompileExec2841083803.dir/src.cxx.o -c /root/softm/percona-server-5.7.22-22/CMakeFiles/CMakeTmp/src.cxx
cc1plus: error: unrecognized command line option "-Wmaybe-uninitialized"
cc1plus: warning: unrecognized command line option "-Wno-unused-local-typedefs"
gmake[1]: Leaving directory `/root/softm/percona-server-5.7.22-22/CMakeFiles/CMakeTmp'
gmake[1]: *** [CMakeFiles/cmTryCompileExec2841083803.dir/src.cxx.o] Error 1
gmake: *** [cmTryCompileExec2841083803/fast] Error 2

Source file was:
int main(void) { return 0; }
Performing C SOURCE FILE Test HAVE_SYS_THREAD_SELFID failed with the following output:
Change Dir: /root/softm/percona-server-5.7.22-22/CMakeFiles/CMakeTmp

Run Build Command:/usr/bin/gmake "cmTryCompileExec2544995408/fast"
/usr/bin/gmake -f CMakeFiles/cmTryCompileExec2544995408.dir/build.make CMakeFiles/cmTryCompileExec2544995408.dir/build
gmake[1]: Entering directory `/root/softm/percona-server-5.7.22-22/CMakeFiles/CMakeTmp'
/usr/bin/cmake -E cmake_progress_report /root/softm/percona-server-5.7.22-22/CMakeFiles/CMakeTmp/CMakeFiles 1
Building C object CMakeFiles/cmTryCompileExec2544995408.dir/src.c.o
/usr/bin/cc  -DHAVE_READLINE_HISTORY_H -D_FILE_OFFSET_BITS=64 -D_LARGEFILE_SOURCE -D_LARGE_FILES -D__STDC_CONSTANT_MACROS -D__STDC_FORMAT_MACROS -D__STDC_LIMIT_MACROS -fPIC -DHAVE_SYS_THREAD_SELFID -I/usr/include/readline    -o CMakeFiles/cmTryCompileExec2544995408.dir/src.c.o   -c /root/softm/percona-server-5.7.22-22/CMakeFiles/CMakeTmp/src.c
/root/softm/percona-server-5.7.22-22/CMakeFiles/CMakeTmp/src.c: In function ‘main’:
/root/softm/percona-server-5.7.22-22/CMakeFiles/CMakeTmp/src.c:7: error: ‘SYS_thread_selfid’ undeclared (first use in this function)
/root/softm/percona-server-5.7.22-22/CMakeFiles/CMakeTmp/src.c:7: error: (Each undeclared identifier is reported only once
/root/softm/percona-server-5.7.22-22/CMakeFiles/CMakeTmp/src.c:7: error: for each function it appears in.)
gmake[1]: Leaving directory `/root/softm/percona-server-5.7.22-22/CMakeFiles/CMakeTmp'
gmake[1]: *** [CMakeFiles/cmTryCompileExec2544995408.dir/src.c.o] Error 1
gmake: *** [cmTryCompileExec2544995408/fast] Error 2

Source file was:

#include <sys/types.h>
#include <sys/syscall.h>
#include <unistd.h>
int main(int ac, char **av)
{
  unsigned long long tid = syscall(SYS_thread_selfid);
  return (tid != 0 ? 0 : 1);
}
Performing C SOURCE FILE Test HAVE_PTHREAD_SETNAME_NP failed with the following output:
Change Dir: /root/softm/percona-server-5.7.22-22/CMakeFiles/CMakeTmp

Run Build Command:/usr/bin/gmake "cmTryCompileExec885155075/fast"
/usr/bin/gmake -f CMakeFiles/cmTryCompileExec885155075.dir/build.make CMakeFiles/cmTryCompileExec885155075.dir/build
gmake[1]: Entering directory `/root/softm/percona-server-5.7.22-22/CMakeFiles/CMakeTmp'
/usr/bin/cmake -E cmake_progress_report /root/softm/percona-server-5.7.22-22/CMakeFiles/CMakeTmp/CMakeFiles 1
Building C object CMakeFiles/cmTryCompileExec885155075.dir/src.c.o
/usr/bin/cc  -DHAVE_READLINE_HISTORY_H -D_FILE_OFFSET_BITS=64 -D_LARGEFILE_SOURCE -D_LARGE_FILES -D__STDC_CONSTANT_MACROS -D__STDC_FORMAT_MACROS -D__STDC_LIMIT_MACROS -fPIC -DHAVE_PTHREAD_SETNAME_NP -I/usr/include/readline    -o CMakeFiles/cmTryCompileExec885155075.dir/src.c.o   -c /root/softm/percona-server-5.7.22-22/CMakeFiles/CMakeTmp/src.c
Linking C executable cmTryCompileExec885155075
/usr/bin/cmake -E cmake_link_script CMakeFiles/cmTryCompileExec885155075.dir/link.txt --verbose=1
/usr/bin/cc   -fPIC -DHAVE_PTHREAD_SETNAME_NP    CMakeFiles/cmTryCompileExec885155075.dir/src.c.o  -o cmTryCompileExec885155075 -rdynamic -lreadline -lcurses 
CMakeFiles/cmTryCompileExec885155075.dir/src.c.o: In function `main':
src.c:(.text+0x2c): undefined reference to `pthread_setname_np'
collect2: ld returned 1 exit status
gmake[1]: Leaving directory `/root/softm/percona-server-5.7.22-22/CMakeFiles/CMakeTmp'
gmake[1]: *** [cmTryCompileExec885155075] Error 1
gmake: *** [cmTryCompileExec885155075/fast] Error 2

Source file was:

  #include <pthread.h>
  int main(int ac, char **av)
  {
    const char *thread_name= 0;
    int ret = pthread_setname_np(pthread_self(), thread_name);
    return ret;
  }
Performing C SOURCE FILE Test HAVE_PTHREAD_GETTHREADID_NP failed with the following output:
Change Dir: /root/softm/percona-server-5.7.22-22/CMakeFiles/CMakeTmp

Run Build Command:/usr/bin/gmake "cmTryCompileExec1565707674/fast"
/usr/bin/gmake -f CMakeFiles/cmTryCompileExec1565707674.dir/build.make CMakeFiles/cmTryCompileExec1565707674.dir/build
gmake[1]: Entering directory `/root/softm/percona-server-5.7.22-22/CMakeFiles/CMakeTmp'
/usr/bin/cmake -E cmake_progress_report /root/softm/percona-server-5.7.22-22/CMakeFiles/CMakeTmp/CMakeFiles 1
Building C object CMakeFiles/cmTryCompileExec1565707674.dir/src.c.o
/usr/bin/cc  -DHAVE_READLINE_HISTORY_H -D_FILE_OFFSET_BITS=64 -D_LARGEFILE_SOURCE -D_LARGE_FILES -D__STDC_CONSTANT_MACROS -D__STDC_FORMAT_MACROS -D__STDC_LIMIT_MACROS -fPIC -DHAVE_PTHREAD_GETTHREADID_NP -I/usr/include/readline    -o CMakeFiles/cmTryCompileExec1565707674.dir/src.c.o   -c /root/softm/percona-server-5.7.22-22/CMakeFiles/CMakeTmp/src.c
/root/softm/percona-server-5.7.22-22/CMakeFiles/CMakeTmp/src.c:2:24: error: pthread_np.h: No such file or directory
gmake[1]: *** [CMakeFiles/cmTryCompileExec1565707674.dir/src.c.o] Error 1
gmake[1]: Leaving directory `/root/softm/percona-server-5.7.22-22/CMakeFiles/CMakeTmp'
gmake: *** [cmTryCompileExec1565707674/fast] Error 2

Source file was:

#include <pthread_np.h>
int main(int ac, char **av)
{
  unsigned long long tid = pthread_getthreadid_np();
  return (tid != 0 ? 0 : 1);
}
Determining if the system is big endian passed with the following output:
Change Dir: /root/softm/percona-server-5.7.22-22/CMakeFiles/CMakeTmp

Run Build Command:/usr/bin/gmake "cmTryCompileExec3050795908/fast"
/usr/bin/gmake -f CMakeFiles/cmTryCompileExec3050795908.dir/build.make CMakeFiles/cmTryCompileExec3050795908.dir/build
gmake[1]: Entering directory `/root/softm/percona-server-5.7.22-22/CMakeFiles/CMakeTmp'
/usr/bin/cmake -E cmake_progress_report /root/softm/percona-server-5.7.22-22/CMakeFiles/CMakeTmp/CMakeFiles 1
Building C object CMakeFiles/cmTryCompileExec3050795908.dir/TestEndianess.c.o
/usr/bin/cc   -fPIC -Wall -Wextra -Wformat-security -Wvla -Wwrite-strings -Wdeclaration-after-statement -Werror    -o CMakeFiles/cmTryCompileExec3050795908.dir/TestEndianess.c.o   -c /root/softm/percona-server-5.7.22-22/CMakeFiles/CMakeTmp/TestEndianess.c
Linking C executable cmTryCompileExec3050795908
/usr/bin/cmake -E cmake_link_script CMakeFiles/cmTryCompileExec3050795908.dir/link.txt --verbose=1
/usr/bin/cc   -fPIC -Wall -Wextra -Wformat-security -Wvla -Wwrite-strings -Wdeclaration-after-statement -Werror     CMakeFiles/cmTryCompileExec3050795908.dir/TestEndianess.c.o  -o cmTryCompileExec3050795908 -rdynamic 
gmake[1]: Leaving directory `/root/softm/percona-server-5.7.22-22/CMakeFiles/CMakeTmp'

TestEndianess.c:
/* A 16 bit integer is required. */
typedef unsigned short cmakeint16;

/* On a little endian machine, these 16bit ints will give "THIS IS LITTLE ENDIAN."
   On a big endian machine the characters will be exchanged pairwise. */
const cmakeint16 info_little[] =  {0x4854, 0x5349, 0x4920, 0x2053, 0x494c, 0x5454, 0x454c, 0x4520, 0x444e, 0x4149, 0x2e4e, 0x0000};

/* on a big endian machine, these 16bit ints will give "THIS IS BIG ENDIAN."
   On a little endian machine the characters will be exchanged pairwise. */
const cmakeint16 info_big[] =     {0x5448, 0x4953, 0x2049, 0x5320, 0x4249, 0x4720, 0x454e, 0x4449, 0x414e, 0x2e2e, 0x0000};

#ifdef __CLASSIC_C__
int main(argc, argv) int argc; char *argv[];
#else
int main(int argc, char *argv[])
#endif
{
  int require = 0;
  require += info_little[argc];
  require += info_big[argc];
  (void)argv;
  return require;
}


Performing C SOURCE FILE Test HAVE_IB_GCC_ATOMIC_THREAD_FENCE failed with the following output:
Change Dir: /root/softm/percona-server-5.7.22-22/CMakeFiles/CMakeTmp

Run Build Command:/usr/bin/gmake "cmTryCompileExec3565687517/fast"
/usr/bin/gmake -f CMakeFiles/cmTryCompileExec3565687517.dir/build.make CMakeFiles/cmTryCompileExec3565687517.dir/build
gmake[1]: Entering directory `/root/softm/percona-server-5.7.22-22/CMakeFiles/CMakeTmp'
/usr/bin/cmake -E cmake_progress_report /root/softm/percona-server-5.7.22-22/CMakeFiles/CMakeTmp/CMakeFiles 1
Building C object CMakeFiles/cmTryCompileExec3565687517.dir/src.c.o
/usr/bin/cc  -DHAVE_READLINE_HISTORY_H -D_FILE_OFFSET_BITS=64 -D_LARGEFILE_SOURCE -D_LARGE_FILES -D__STDC_CONSTANT_MACROS -D__STDC_FORMAT_MACROS -D__STDC_LIMIT_MACROS -fPIC -Wall -Wextra -Wformat-security -Wvla -Wwrite-strings -Wdeclaration-after-statement -Werror -DHAVE_IB_GCC_ATOMIC_THREAD_FENCE -I/usr/include/readline    -o CMakeFiles/cmTryCompileExec3565687517.dir/src.c.o   -c /root/softm/percona-server-5.7.22-22/CMakeFiles/CMakeTmp/src.c
cc1: warnings being treated as errors
/root/softm/percona-server-5.7.22-22/CMakeFiles/CMakeTmp/src.c: In function ‘main’:
/root/softm/percona-server-5.7.22-22/CMakeFiles/CMakeTmp/src.c:4: error: implicit declaration of function ‘__atomic_thread_fence’
/root/softm/percona-server-5.7.22-22/CMakeFiles/CMakeTmp/src.c:4: error: ‘__ATOMIC_ACQUIRE’ undeclared (first use in this function)
/root/softm/percona-server-5.7.22-22/CMakeFiles/CMakeTmp/src.c:4: error: (Each undeclared identifier is reported only once
/root/softm/percona-server-5.7.22-22/CMakeFiles/CMakeTmp/src.c:4: error: for each function it appears in.)
/root/softm/percona-server-5.7.22-22/CMakeFiles/CMakeTmp/src.c:5: error: ‘__ATOMIC_RELEASE’ undeclared (first use in this function)
gmake[1]: *** [CMakeFiles/cmTryCompileExec3565687517.dir/src.c.o] Error 1
gmake[1]: Leaving directory `/root/softm/percona-server-5.7.22-22/CMakeFiles/CMakeTmp'
gmake: *** [cmTryCompileExec3565687517/fast] Error 2

Return value: 1
Source file was:
#include<stdint.h>
  int main()
  {
    __atomic_thread_fence(__ATOMIC_ACQUIRE);
    __atomic_thread_fence(__ATOMIC_RELEASE);
    return(0);
  }
Performing C SOURCE FILE Test HAVE_IB_GCC_ATOMIC_COMPARE_EXCHANGE failed with the following output:
Change Dir: /root/softm/percona-server-5.7.22-22/CMakeFiles/CMakeTmp

Run Build Command:/usr/bin/gmake "cmTryCompileExec2147388801/fast"
/usr/bin/gmake -f CMakeFiles/cmTryCompileExec2147388801.dir/build.make CMakeFiles/cmTryCompileExec2147388801.dir/build
gmake[1]: Entering directory `/root/softm/percona-server-5.7.22-22/CMakeFiles/CMakeTmp'
/usr/bin/cmake -E cmake_progress_report /root/softm/percona-server-5.7.22-22/CMakeFiles/CMakeTmp/CMakeFiles 1
Building C object CMakeFiles/cmTryCompileExec2147388801.dir/src.c.o
/usr/bin/cc  -DHAVE_READLINE_HISTORY_H -D_FILE_OFFSET_BITS=64 -D_LARGEFILE_SOURCE -D_LARGE_FILES -D__STDC_CONSTANT_MACROS -D__STDC_FORMAT_MACROS -D__STDC_LIMIT_MACROS -fPIC -Wall -Wextra -Wformat-security -Wvla -Wwrite-strings -Wdeclaration-after-statement -Werror -DHAVE_IB_GCC_ATOMIC_COMPARE_EXCHANGE -I/usr/include/readline    -o CMakeFiles/cmTryCompileExec2147388801.dir/src.c.o   -c /root/softm/percona-server-5.7.22-22/CMakeFiles/CMakeTmp/src.c
cc1: warnings being treated as errors
/root/softm/percona-server-5.7.22-22/CMakeFiles/CMakeTmp/src.c: In function ‘main’:
/root/softm/percona-server-5.7.22-22/CMakeFiles/CMakeTmp/src.c:8: error: implicit declaration of function ‘__atomic_exchange’
/root/softm/percona-server-5.7.22-22/CMakeFiles/CMakeTmp/src.c:8: error: ‘__ATOMIC_RELEASE’ undeclared (first use in this function)
/root/softm/percona-server-5.7.22-22/CMakeFiles/CMakeTmp/src.c:8: error: (Each undeclared identifier is reported only once
/root/softm/percona-server-5.7.22-22/CMakeFiles/CMakeTmp/src.c:8: error: for each function it appears in.)
/root/softm/percona-server-5.7.22-22/CMakeFiles/CMakeTmp/src.c:9: error: implicit declaration of function ‘__atomic_compare_exchange’
/root/softm/percona-server-5.7.22-22/CMakeFiles/CMakeTmp/src.c:10: error: ‘__ATOMIC_ACQUIRE’ undeclared (first use in this function)
gmake[1]: *** [CMakeFiles/cmTryCompileExec2147388801.dir/src.c.o] Error 1
gmake[1]: Leaving directory `/root/softm/percona-server-5.7.22-22/CMakeFiles/CMakeTmp'
gmake: *** [cmTryCompileExec2147388801/fast] Error 2

Return value: 1
Source file was:
#include<stdint.h>
  int main()
  {
    unsigned char	a = 0;
    unsigned char	b = 0;
    unsigned char	c = 1;

    __atomic_exchange(&a, &b,  &c, __ATOMIC_RELEASE);
    __atomic_compare_exchange(&a, &b, &c, 0,
			      __ATOMIC_RELEASE, __ATOMIC_ACQUIRE);
    return(0);
  }
Performing C++ SOURCE FILE Test TOKUDB_OK failed with the following output:
Change Dir: /root/softm/percona-server-5.7.22-22/CMakeFiles/CMakeTmp

Run Build Command:/usr/bin/gmake "cmTryCompileExec3460768303/fast"
/usr/bin/gmake -f CMakeFiles/cmTryCompileExec3460768303.dir/build.make CMakeFiles/cmTryCompileExec3460768303.dir/build
gmake[1]: Entering directory `/root/softm/percona-server-5.7.22-22/CMakeFiles/CMakeTmp'
/usr/bin/cmake -E cmake_progress_report /root/softm/percona-server-5.7.22-22/CMakeFiles/CMakeTmp/CMakeFiles 1
Building CXX object CMakeFiles/cmTryCompileExec3460768303.dir/src.cxx.o
/usr/bin/c++   -DHAVE_READLINE_HISTORY_H -D_FILE_OFFSET_BITS=64 -D_LARGEFILE_SOURCE -D_LARGE_FILES -D__STDC_CONSTANT_MACROS -D__STDC_FORMAT_MACROS -D__STDC_LIMIT_MACROS -fPIC -Wall -Wextra -Wformat-security -Wvla -Woverloaded-virtual -Wno-unused-parameter -Werror -DTOKUDB_OK -I/usr/include/readline    -o CMakeFiles/cmTryCompileExec3460768303.dir/src.cxx.o -c /root/softm/percona-server-5.7.22-22/CMakeFiles/CMakeTmp/src.cxx
/root/softm/percona-server-5.7.22-22/CMakeFiles/CMakeTmp/src.cxx:3: error: expected primary-expression before ‘.’ token
/root/softm/percona-server-5.7.22-22/CMakeFiles/CMakeTmp/src.cxx:3: error: expected primary-expression before ‘.’ token
gmake[1]: Leaving directory `/root/softm/percona-server-5.7.22-22/CMakeFiles/CMakeTmp'
gmake[1]: *** [CMakeFiles/cmTryCompileExec3460768303.dir/src.cxx.o] Error 1
gmake: *** [cmTryCompileExec3460768303/fast] Error 2

Source file was:

struct a {int b; int c; };
struct a d = { .b=1, .c=2 };
int main() { return 0; }

Determining if the O_DIRECT exist failed with the following output:
Change Dir: /root/softm/percona-server-5.7.22-22/CMakeFiles/CMakeTmp

Run Build Command:/usr/bin/gmake "cmTryCompileExec1985510225/fast"
/usr/bin/gmake -f CMakeFiles/cmTryCompileExec1985510225.dir/build.make CMakeFiles/cmTryCompileExec1985510225.dir/build
gmake[1]: Entering directory `/root/softm/percona-server-5.7.22-22/CMakeFiles/CMakeTmp'
/usr/bin/cmake -E cmake_progress_report /root/softm/percona-server-5.7.22-22/CMakeFiles/CMakeTmp/CMakeFiles 1
Building C object CMakeFiles/cmTryCompileExec1985510225.dir/CheckSymbolExists.c.o
/usr/bin/cc  -DHAVE_READLINE_HISTORY_H -D_FILE_OFFSET_BITS=64 -D_LARGEFILE_SOURCE -D_LARGE_FILES -D__STDC_CONSTANT_MACROS -D__STDC_FORMAT_MACROS -D__STDC_LIMIT_MACROS -fPIC -Wall -Wextra -Wformat-security -Wvla -Wwrite-strings -Wdeclaration-after-statement -Werror  -I/usr/include/readline    -o CMakeFiles/cmTryCompileExec1985510225.dir/CheckSymbolExists.c.o   -c /root/softm/percona-server-5.7.22-22/CMakeFiles/CMakeTmp/CheckSymbolExists.c
/root/softm/percona-server-5.7.22-22/CMakeFiles/CMakeTmp/CheckSymbolExists.c: In function ‘main’:
/root/softm/percona-server-5.7.22-22/CMakeFiles/CMakeTmp/CheckSymbolExists.c:8: error: ‘O_DIRECT’ undeclared (first use in this function)
/root/softm/percona-server-5.7.22-22/CMakeFiles/CMakeTmp/CheckSymbolExists.c:8: error: (Each undeclared identifier is reported only once
/root/softm/percona-server-5.7.22-22/CMakeFiles/CMakeTmp/CheckSymbolExists.c:8: error: for each function it appears in.)
gmake[1]: *** [CMakeFiles/cmTryCompileExec1985510225.dir/CheckSymbolExists.c.o] Error 1
gmake[1]: Leaving directory `/root/softm/percona-server-5.7.22-22/CMakeFiles/CMakeTmp'
gmake: *** [cmTryCompileExec1985510225/fast] Error 2

File /root/softm/percona-server-5.7.22-22/CMakeFiles/CMakeTmp/CheckSymbolExists.c:
/* */
#include <fcntl.h>

int main(int argc, char** argv)
{
  (void)argv;
#ifndef O_DIRECT
  return ((int*)(&O_DIRECT))[argc];
#else
  (void)argc;
  return 0;
#endif
}

Performing C++ SOURCE FILE Test HAVE_UNUSED_TYPEDEFS failed with the following output:
Change Dir: /root/softm/percona-server-5.7.22-22/CMakeFiles/CMakeTmp

Run Build Command:/usr/bin/gmake "cmTryCompileExec4183922778/fast"
/usr/bin/gmake -f CMakeFiles/cmTryCompileExec4183922778.dir/build.make CMakeFiles/cmTryCompileExec4183922778.dir/build
gmake[1]: Entering directory `/root/softm/percona-server-5.7.22-22/CMakeFiles/CMakeTmp'
/usr/bin/cmake -E cmake_progress_report /root/softm/percona-server-5.7.22-22/CMakeFiles/CMakeTmp/CMakeFiles 1
Building CXX object CMakeFiles/cmTryCompileExec4183922778.dir/src.cxx.o
/usr/bin/c++   -DHAVE_READLINE_HISTORY_H -D_FILE_OFFSET_BITS=64 -D_LARGEFILE_SOURCE -D_LARGE_FILES -D__STDC_CONSTANT_MACROS -D__STDC_FORMAT_MACROS -D__STDC_LIMIT_MACROS -fPIC -Wall -Wextra -Wformat-security -Wvla -Woverloaded-virtual -Wno-unused-parameter -Werror -DHAVE_UNUSED_TYPEDEFS  -Wunused-local-typedefs -I/usr/include/readline    -o CMakeFiles/cmTryCompileExec4183922778.dir/src.cxx.o -c /root/softm/percona-server-5.7.22-22/CMakeFiles/CMakeTmp/src.cxx
cc1plus: error: unrecognized command line option "-Wunused-local-typedefs"
gmake[1]: Leaving directory `/root/softm/percona-server-5.7.22-22/CMakeFiles/CMakeTmp'
gmake[1]: *** [CMakeFiles/cmTryCompileExec4183922778.dir/src.cxx.o] Error 1
gmake: *** [cmTryCompileExec4183922778/fast] Error 2

Source file was:
int main(void) { return 0; }
Performing C SOURCE FILE Test HAVE_STRUCT_SOCKADDR_SA_LEN failed with the following output:
Change Dir: /root/softm/percona-server-5.7.22-22/CMakeFiles/CMakeTmp

Run Build Command:/usr/bin/gmake "cmTryCompileExec2923446825/fast"
/usr/bin/gmake -f CMakeFiles/cmTryCompileExec2923446825.dir/build.make CMakeFiles/cmTryCompileExec2923446825.dir/build
gmake[1]: Entering directory `/root/softm/percona-server-5.7.22-22/CMakeFiles/CMakeTmp'
/usr/bin/cmake -E cmake_progress_report /root/softm/percona-server-5.7.22-22/CMakeFiles/CMakeTmp/CMakeFiles 1
Building C object CMakeFiles/cmTryCompileExec2923446825.dir/src.c.o
/usr/bin/cc  -DHAVE_READLINE_HISTORY_H -D_FILE_OFFSET_BITS=64 -D_LARGEFILE_SOURCE -D_LARGE_FILES -D__STDC_CONSTANT_MACROS -D__STDC_FORMAT_MACROS -D__STDC_LIMIT_MACROS -fPIC -Wall -Wextra -Wformat-security -Wvla -Wwrite-strings -Wdeclaration-after-statement -Werror -DHAVE_STRUCT_SOCKADDR_SA_LEN -Wno-error   -o CMakeFiles/cmTryCompileExec2923446825.dir/src.c.o   -c /root/softm/percona-server-5.7.22-22/CMakeFiles/CMakeTmp/src.c
/root/softm/percona-server-5.7.22-22/CMakeFiles/CMakeTmp/src.c: In function ‘main’:
/root/softm/percona-server-5.7.22-22/CMakeFiles/CMakeTmp/src.c:7: error: ‘struct sockaddr’ has no member named ‘sa_len’
gmake[1]: *** [CMakeFiles/cmTryCompileExec2923446825.dir/src.c.o] Error 1
gmake[1]: Leaving directory `/root/softm/percona-server-5.7.22-22/CMakeFiles/CMakeTmp'
gmake: *** [cmTryCompileExec2923446825/fast] Error 2

Source file was:

#include <sys/socket.h>

int main()
{
   struct sockaddr* tmp;
   tmp->sa_len;
  return 0;
}

Performing C SOURCE FILE Test HAVE_RPC_INLINE_T failed with the following output:
Change Dir: /root/softm/percona-server-5.7.22-22/CMakeFiles/CMakeTmp

Run Build Command:/usr/bin/gmake "cmTryCompileExec31484165/fast"
/usr/bin/gmake -f CMakeFiles/cmTryCompileExec31484165.dir/build.make CMakeFiles/cmTryCompileExec31484165.dir/build
gmake[1]: Entering directory `/root/softm/percona-server-5.7.22-22/CMakeFiles/CMakeTmp'
/usr/bin/cmake -E cmake_progress_report /root/softm/percona-server-5.7.22-22/CMakeFiles/CMakeTmp/CMakeFiles 1
Building C object CMakeFiles/cmTryCompileExec31484165.dir/src.c.o
/usr/bin/cc  -DHAVE_READLINE_HISTORY_H -D_FILE_OFFSET_BITS=64 -D_LARGEFILE_SOURCE -D_LARGE_FILES -D__STDC_CONSTANT_MACROS -D__STDC_FORMAT_MACROS -D__STDC_LIMIT_MACROS -fPIC -Wall -Wextra -Wformat-security -Wvla -Wwrite-strings -Wdeclaration-after-statement -Werror -DHAVE_RPC_INLINE_T -Wno-error   -o CMakeFiles/cmTryCompileExec31484165.dir/src.c.o   -c /root/softm/percona-server-5.7.22-22/CMakeFiles/CMakeTmp/src.c
/root/softm/percona-server-5.7.22-22/CMakeFiles/CMakeTmp/src.c: In function ‘main’:
/root/softm/percona-server-5.7.22-22/CMakeFiles/CMakeTmp/src.c:3: error: ‘rpc_inline_t’ undeclared (first use in this function)
/root/softm/percona-server-5.7.22-22/CMakeFiles/CMakeTmp/src.c:3: error: (Each undeclared identifier is reported only once
/root/softm/percona-server-5.7.22-22/CMakeFiles/CMakeTmp/src.c:3: error: for each function it appears in.)
/root/softm/percona-server-5.7.22-22/CMakeFiles/CMakeTmp/src.c:3: error: expected ‘;’ before ‘x’
gmake[1]: *** [CMakeFiles/cmTryCompileExec31484165.dir/src.c.o] Error 1
gmake[1]: Leaving directory `/root/softm/percona-server-5.7.22-22/CMakeFiles/CMakeTmp'
gmake: *** [cmTryCompileExec31484165/fast] Error 2

Source file was:

  #include <rpc/types.h>
  int main(void) { rpc_inline_t x; return 0; }
  
Performing C SOURCE FILE Test OLD_XDR failed with the following output:
Change Dir: /root/softm/percona-server-5.7.22-22/CMakeFiles/CMakeTmp

Run Build Command:/usr/bin/gmake "cmTryCompileExec558388232/fast"
/usr/bin/gmake -f CMakeFiles/cmTryCompileExec558388232.dir/build.make CMakeFiles/cmTryCompileExec558388232.dir/build
gmake[1]: Entering directory `/root/softm/percona-server-5.7.22-22/CMakeFiles/CMakeTmp'
/usr/bin/cmake -E cmake_progress_report /root/softm/percona-server-5.7.22-22/CMakeFiles/CMakeTmp/CMakeFiles 1
Building C object CMakeFiles/cmTryCompileExec558388232.dir/src.c.o
/usr/bin/cc  -DHAVE_READLINE_HISTORY_H -D_FILE_OFFSET_BITS=64 -D_LARGEFILE_SOURCE -D_LARGE_FILES -D__STDC_CONSTANT_MACROS -D__STDC_FORMAT_MACROS -D__STDC_LIMIT_MACROS -fPIC -Wall -Wextra -Wformat-security -Wvla -Wwrite-strings -Wdeclaration-after-statement -Werror -DOLD_XDR -Werror=sign-conversion   -o CMakeFiles/cmTryCompileExec558388232.dir/src.c.o   -c /root/softm/percona-server-5.7.22-22/CMakeFiles/CMakeTmp/src.c
/root/softm/percona-server-5.7.22-22/CMakeFiles/CMakeTmp/src.c: In function ‘main’:
/root/softm/percona-server-5.7.22-22/CMakeFiles/CMakeTmp/src.c:3: error: negative integer implicitly converted to unsigned type
gmake[1]: *** [CMakeFiles/cmTryCompileExec558388232.dir/src.c.o] Error 1
gmake[1]: Leaving directory `/root/softm/percona-server-5.7.22-22/CMakeFiles/CMakeTmp'
gmake: *** [cmTryCompileExec558388232/fast] Error 2

Source file was:

    #include <rpc/xdr.h>
    int main() { XDR xdr; xdr.x_handy = -1; return (int)xdr.x_handy; }
    
Performing C SOURCE FILE Test X_GETPOSTN_NOT_USE_CONST failed with the following output:
Change Dir: /root/softm/percona-server-5.7.22-22/CMakeFiles/CMakeTmp

Run Build Command:/usr/bin/gmake "cmTryCompileExec2621459542/fast"
/usr/bin/gmake -f CMakeFiles/cmTryCompileExec2621459542.dir/build.make CMakeFiles/cmTryCompileExec2621459542.dir/build
gmake[1]: Entering directory `/root/softm/percona-server-5.7.22-22/CMakeFiles/CMakeTmp'
/usr/bin/cmake -E cmake_progress_report /root/softm/percona-server-5.7.22-22/CMakeFiles/CMakeTmp/CMakeFiles 1
Building C object CMakeFiles/cmTryCompileExec2621459542.dir/src.c.o
/usr/bin/cc  -DHAVE_READLINE_HISTORY_H -D_FILE_OFFSET_BITS=64 -D_LARGEFILE_SOURCE -D_LARGE_FILES -D__STDC_CONSTANT_MACROS -D__STDC_FORMAT_MACROS -D__STDC_LIMIT_MACROS -fPIC -Wall -Wextra -Wformat-security -Wvla -Wwrite-strings -Wdeclaration-after-statement -Werror -DX_GETPOSTN_NOT_USE_CONST -Werror=sign-conversion   -o CMakeFiles/cmTryCompileExec2621459542.dir/src.c.o   -c /root/softm/percona-server-5.7.22-22/CMakeFiles/CMakeTmp/src.c
cc1: warnings being treated as errors
/root/softm/percona-server-5.7.22-22/CMakeFiles/CMakeTmp/src.c: In function ‘main’:
/root/softm/percona-server-5.7.22-22/CMakeFiles/CMakeTmp/src.c:8: error: assignment from incompatible pointer type
gmake[1]: *** [CMakeFiles/cmTryCompileExec2621459542.dir/src.c.o] Error 1
gmake[1]: Leaving directory `/root/softm/percona-server-5.7.22-22/CMakeFiles/CMakeTmp'
gmake: *** [cmTryCompileExec2621459542/fast] Error 2

Source file was:

    #include <rpc/xdr.h>
    u_int getpostn(XDR* xdr) { return (u_int)xdr->x_handy; }
    int main() {
      XDR xdr;
      struct xdr_ops ops;

      ops.x_getpostn = getpostn;
      return (int)ops.x_getpostn(&xdr);
    }
    
Performing C SOURCE FILE Test HAS_INCOMPATIBLE_POINTER_TYPES failed with the following output:
Change Dir: /root/softm/percona-server-5.7.22-22/CMakeFiles/CMakeTmp

Run Build Command:/usr/bin/gmake "cmTryCompileExec2141374271/fast"
/usr/bin/gmake -f CMakeFiles/cmTryCompileExec2141374271.dir/build.make CMakeFiles/cmTryCompileExec2141374271.dir/build
gmake[1]: Entering directory `/root/softm/percona-server-5.7.22-22/CMakeFiles/CMakeTmp'
/usr/bin/cmake -E cmake_progress_report /root/softm/percona-server-5.7.22-22/CMakeFiles/CMakeTmp/CMakeFiles 1
Building C object CMakeFiles/cmTryCompileExec2141374271.dir/src.c.o
/usr/bin/cc   -fPIC -Wall -Wextra -Wformat-security -Wvla -Wwrite-strings -Wdeclaration-after-statement -Werror -DHAS_INCOMPATIBLE_POINTER_TYPES -Werror=sign-conversion   -Wincompatible-pointer-types -o CMakeFiles/cmTryCompileExec2141374271.dir/src.c.o   -c /root/softm/percona-server-5.7.22-22/CMakeFiles/CMakeTmp/src.c
cc1: error: unrecognized command line option "-Wincompatible-pointer-types"
gmake[1]: Leaving directory `/root/softm/percona-server-5.7.22-22/CMakeFiles/CMakeTmp'
gmake[1]: *** [CMakeFiles/cmTryCompileExec2141374271.dir/src.c.o] Error 1
gmake: *** [cmTryCompileExec2141374271/fast] Error 2

Source file was:
int main(void) { return 0; }
Performing C SOURCE FILE Test X_PUTLONG_NOT_USE_CONST failed with the following output:
Change Dir: /root/softm/percona-server-5.7.22-22/CMakeFiles/CMakeTmp

Run Build Command:/usr/bin/gmake "cmTryCompileExec401303900/fast"
/usr/bin/gmake -f CMakeFiles/cmTryCompileExec401303900.dir/build.make CMakeFiles/cmTryCompileExec401303900.dir/build
gmake[1]: Entering directory `/root/softm/percona-server-5.7.22-22/CMakeFiles/CMakeTmp'
/usr/bin/cmake -E cmake_progress_report /root/softm/percona-server-5.7.22-22/CMakeFiles/CMakeTmp/CMakeFiles 1
Building C object CMakeFiles/cmTryCompileExec401303900.dir/src.c.o
/usr/bin/cc  -DHAVE_READLINE_HISTORY_H -D_FILE_OFFSET_BITS=64 -D_LARGEFILE_SOURCE -D_LARGE_FILES -D__STDC_CONSTANT_MACROS -D__STDC_FORMAT_MACROS -D__STDC_LIMIT_MACROS -fPIC -Wall -Wextra -Wformat-security -Wvla -Wwrite-strings -Wdeclaration-after-statement -Werror -DX_PUTLONG_NOT_USE_CONST -Werror=sign-conversion -Werror   -o CMakeFiles/cmTryCompileExec401303900.dir/src.c.o   -c /root/softm/percona-server-5.7.22-22/CMakeFiles/CMakeTmp/src.c
cc1: warnings being treated as errors
/root/softm/percona-server-5.7.22-22/CMakeFiles/CMakeTmp/src.c: In function ‘main’:
/root/softm/percona-server-5.7.22-22/CMakeFiles/CMakeTmp/src.c:10: error: assignment from incompatible pointer type
gmake[1]: *** [CMakeFiles/cmTryCompileExec401303900.dir/src.c.o] Error 1
gmake[1]: Leaving directory `/root/softm/percona-server-5.7.22-22/CMakeFiles/CMakeTmp'
gmake: *** [cmTryCompileExec401303900/fast] Error 2

Source file was:

    #include <rpc/xdr.h>
    bool_t putlong(XDR* xdr, long *longp)
                   { return (bool_t)(*longp + xdr->x_handy); }
    int main() {
      XDR xdr;
      struct xdr_ops ops;
      long l;

      ops.x_putlong = putlong;
      return (int)ops.x_putlong(&xdr, &l);
    }
    
Performing C++ SOURCE FILE Test HAVE_MISLEADING_INDENTATION failed with the following output:
Change Dir: /root/softm/percona-server-5.7.22-22/CMakeFiles/CMakeTmp

Run Build Command:/usr/bin/gmake "cmTryCompileExec157619978/fast"
/usr/bin/gmake -f CMakeFiles/cmTryCompileExec157619978.dir/build.make CMakeFiles/cmTryCompileExec157619978.dir/build
gmake[1]: Entering directory `/root/softm/percona-server-5.7.22-22/CMakeFiles/CMakeTmp'
/usr/bin/cmake -E cmake_progress_report /root/softm/percona-server-5.7.22-22/CMakeFiles/CMakeTmp/CMakeFiles 1
Building CXX object CMakeFiles/cmTryCompileExec157619978.dir/src.cxx.o
/usr/bin/c++   -DHAVE_READLINE_HISTORY_H -D_FILE_OFFSET_BITS=64 -D_LARGEFILE_SOURCE -D_LARGE_FILES -D__STDC_CONSTANT_MACROS -D__STDC_FORMAT_MACROS -D__STDC_LIMIT_MACROS -fPIC -Wall -Wextra -Wformat-security -Wvla -Woverloaded-virtual -Wno-unused-parameter -Werror -DHAVE_MISLEADING_INDENTATION  -Wmisleading-indentation -I/usr/include/readline    -o CMakeFiles/cmTryCompileExec157619978.dir/src.cxx.o -c /root/softm/percona-server-5.7.22-22/CMakeFiles/CMakeTmp/src.cxx
cc1plus: error: unrecognized command line option "-Wmisleading-indentation"
gmake[1]: *** [CMakeFiles/cmTryCompileExec157619978.dir/src.cxx.o] Error 1
gmake[1]: Leaving directory `/root/softm/percona-server-5.7.22-22/CMakeFiles/CMakeTmp'
gmake: *** [cmTryCompileExec157619978/fast] Error 2

Source file was:
int main(void) { return 0; }
Performing C SOURCE FILE Test HAVE_C_SHIFT_OR_OPTIMIZATION_BUG failed with the following output:
Change Dir: /root/softm/percona-server-5.7.22-22/CMakeFiles/CMakeTmp

Run Build Command:/usr/bin/gmake "cmTryCompileExec4112810102/fast"
/usr/bin/gmake -f CMakeFiles/cmTryCompileExec4112810102.dir/build.make CMakeFiles/cmTryCompileExec4112810102.dir/build
gmake[1]: Entering directory `/root/softm/percona-server-5.7.22-22/CMakeFiles/CMakeTmp'
/usr/bin/cmake -E cmake_progress_report /root/softm/percona-server-5.7.22-22/CMakeFiles/CMakeTmp/CMakeFiles 1
Building C object CMakeFiles/cmTryCompileExec4112810102.dir/src.c.o
/usr/bin/cc   -DHAVE_C_SHIFT_OR_OPTIMIZATION_BUG  -O3 -fexpensive-optimizations   -o CMakeFiles/cmTryCompileExec4112810102.dir/src.c.o   -c /root/softm/percona-server-5.7.22-22/CMakeFiles/CMakeTmp/src.c
Linking C executable cmTryCompileExec4112810102
/usr/bin/cmake -E cmake_link_script CMakeFiles/cmTryCompileExec4112810102.dir/link.txt --verbose=1
/usr/bin/cc   -DHAVE_C_SHIFT_OR_OPTIMIZATION_BUG  -O3 -fexpensive-optimizations    CMakeFiles/cmTryCompileExec4112810102.dir/src.c.o  -o cmTryCompileExec4112810102 -rdynamic 
gmake[1]: Leaving directory `/root/softm/percona-server-5.7.22-22/CMakeFiles/CMakeTmp'

Return value: 1
Source file was:

  struct X
  {
    int i;
    unsigned short s;
  };

  unsigned __attribute__((noinline)) f(struct X x)
  {
    return x.s | (x.i << 16);
  }

  int
  main()
  {
    struct X x;
    x.i = 0x00001234;
    x.s = 0x5678;
    unsigned y = f(x);
    /* Succeed (return 0) if compiler have bug */
    return y == 0x12345678 ? 1 : 0;
  }

Performing C++ SOURCE FILE Test HAVE_CXX_SHIFT_OR_OPTIMIZATION_BUG failed with the following output:
Change Dir: /root/softm/percona-server-5.7.22-22/CMakeFiles/CMakeTmp

Run Build Command:/usr/bin/gmake "cmTryCompileExec1225762570/fast"
/usr/bin/gmake -f CMakeFiles/cmTryCompileExec1225762570.dir/build.make CMakeFiles/cmTryCompileExec1225762570.dir/build
gmake[1]: Entering directory `/root/softm/percona-server-5.7.22-22/CMakeFiles/CMakeTmp'
/usr/bin/cmake -E cmake_progress_report /root/softm/percona-server-5.7.22-22/CMakeFiles/CMakeTmp/CMakeFiles 1
Building CXX object CMakeFiles/cmTryCompileExec1225762570.dir/src.cxx.o
/usr/bin/c++    -DHAVE_CXX_SHIFT_OR_OPTIMIZATION_BUG  -O3 -fexpensive-optimizations   -o CMakeFiles/cmTryCompileExec1225762570.dir/src.cxx.o -c /root/softm/percona-server-5.7.22-22/CMakeFiles/CMakeTmp/src.cxx
Linking CXX executable cmTryCompileExec1225762570
/usr/bin/cmake -E cmake_link_script CMakeFiles/cmTryCompileExec1225762570.dir/link.txt --verbose=1
/usr/bin/c++    -DHAVE_CXX_SHIFT_OR_OPTIMIZATION_BUG  -O3 -fexpensive-optimizations    CMakeFiles/cmTryCompileExec1225762570.dir/src.cxx.o  -o cmTryCompileExec1225762570 -rdynamic 
gmake[1]: Leaving directory `/root/softm/percona-server-5.7.22-22/CMakeFiles/CMakeTmp'

Return value: 1
Source file was:

  struct X
  {
    int i;
    unsigned short s;
  };

  unsigned __attribute__((noinline)) f(struct X x)
  {
    return x.s | (x.i << 16);
  }

  int
  main()
  {
    struct X x;
    x.i = 0x00001234;
    x.s = 0x5678;
    unsigned y = f(x);
    /* Succeed (return 0) if compiler have bug */
    return y == 0x12345678 ? 1 : 0;
  }

Performing C SOURCE FILE Test HAVE_C_FLOATING_POINT_FUSED_MADD failed with the following output:
Change Dir: /root/softm/percona-server-5.7.22-22/CMakeFiles/CMakeTmp

Run Build Command:/usr/bin/gmake "cmTryCompileExec135075804/fast"
/usr/bin/gmake -f CMakeFiles/cmTryCompileExec135075804.dir/build.make CMakeFiles/cmTryCompileExec135075804.dir/build
gmake[1]: Entering directory `/root/softm/percona-server-5.7.22-22/CMakeFiles/CMakeTmp'
/usr/bin/cmake -E cmake_progress_report /root/softm/percona-server-5.7.22-22/CMakeFiles/CMakeTmp/CMakeFiles 1
Building C object CMakeFiles/cmTryCompileExec135075804.dir/src.c.o
/usr/bin/cc   -DHAVE_C_FLOATING_POINT_FUSED_MADD  -O3   -o CMakeFiles/cmTryCompileExec135075804.dir/src.c.o   -c /root/softm/percona-server-5.7.22-22/CMakeFiles/CMakeTmp/src.c
Linking C executable cmTryCompileExec135075804
/usr/bin/cmake -E cmake_link_script CMakeFiles/cmTryCompileExec135075804.dir/link.txt --verbose=1
/usr/bin/cc   -DHAVE_C_FLOATING_POINT_FUSED_MADD  -O3    CMakeFiles/cmTryCompileExec135075804.dir/src.c.o  -o cmTryCompileExec135075804 -rdynamic 
gmake[1]: Leaving directory `/root/softm/percona-server-5.7.22-22/CMakeFiles/CMakeTmp'

Return value: 1
Source file was:

  int main (int argc, char **argv)
  {
    double n[21] = { 0, 0, 0, 0, 0, 0, 0, 0, 0, 0,
                     0, 0, 0, 1, 1, 1, 1, 1, 1, 1,1 };
    double m= 0, s= 0;
    int i;
    for(i= 0; i < 21; i++)
    {
      double m_kminusone= m;
      m= m_kminusone + (n[i] - m_kminusone) / (double) (i + 2);
      s= s + (n[i] - m_kminusone) * (n[i] - m);
    }
    /*
      s should now be either 5e 74 d1 45 17 5d 14 40 or
      40 14 5d 17 45 d1 74 5e, depending on endianness. If the floating point
      operations are optimized with fused multiply-add instructions, the least
      significant byte is 5d instead of 5e.
    */
    return (*(unsigned char*)(&s) == 0x5e ||
            *((unsigned char*)(&s) + 7) == 0x5e);
  }
Performing C++ SOURCE FILE Test HAVE_CXX_FLOATING_POINT_FUSED_MADD failed with the following output:
Change Dir: /root/softm/percona-server-5.7.22-22/CMakeFiles/CMakeTmp

Run Build Command:/usr/bin/gmake "cmTryCompileExec3215049903/fast"
/usr/bin/gmake -f CMakeFiles/cmTryCompileExec3215049903.dir/build.make CMakeFiles/cmTryCompileExec3215049903.dir/build
gmake[1]: Entering directory `/root/softm/percona-server-5.7.22-22/CMakeFiles/CMakeTmp'
/usr/bin/cmake -E cmake_progress_report /root/softm/percona-server-5.7.22-22/CMakeFiles/CMakeTmp/CMakeFiles 1
Building CXX object CMakeFiles/cmTryCompileExec3215049903.dir/src.cxx.o
/usr/bin/c++    -DHAVE_CXX_FLOATING_POINT_FUSED_MADD  -O3   -o CMakeFiles/cmTryCompileExec3215049903.dir/src.cxx.o -c /root/softm/percona-server-5.7.22-22/CMakeFiles/CMakeTmp/src.cxx
Linking CXX executable cmTryCompileExec3215049903
/usr/bin/cmake -E cmake_link_script CMakeFiles/cmTryCompileExec3215049903.dir/link.txt --verbose=1
/usr/bin/c++    -DHAVE_CXX_FLOATING_POINT_FUSED_MADD  -O3    CMakeFiles/cmTryCompileExec3215049903.dir/src.cxx.o  -o cmTryCompileExec3215049903 -rdynamic 
gmake[1]: Leaving directory `/root/softm/percona-server-5.7.22-22/CMakeFiles/CMakeTmp'

Return value: 1
Source file was:

  int main (int argc, char **argv)
  {
    double n[21] = { 0, 0, 0, 0, 0, 0, 0, 0, 0, 0,
                     0, 0, 0, 1, 1, 1, 1, 1, 1, 1,1 };
    double m= 0, s= 0;
    int i;
    for(i= 0; i < 21; i++)
    {
      double m_kminusone= m;
      m= m_kminusone + (n[i] - m_kminusone) / (double) (i + 2);
      s= s + (n[i] - m_kminusone) * (n[i] - m);
    }
    /*
      s should now be either 5e 74 d1 45 17 5d 14 40 or
      40 14 5d 17 45 d1 74 5e, depending on endianness. If the floating point
      operations are optimized with fused multiply-add instructions, the least
      significant byte is 5d instead of 5e.
    */
    return (*(unsigned char*)(&s) == 0x5e ||
            *((unsigned char*)(&s) + 7) == 0x5e);
  }
Performing C SOURCE FILE Test HAVE_C_FP_CONTRACT_FLAG failed with the following output:
Change Dir: /root/softm/percona-server-5.7.22-22/CMakeFiles/CMakeTmp

Run Build Command:/usr/bin/gmake "cmTryCompileExec3985897924/fast"
/usr/bin/gmake -f CMakeFiles/cmTryCompileExec3985897924.dir/build.make CMakeFiles/cmTryCompileExec3985897924.dir/build
gmake[1]: Entering directory `/root/softm/percona-server-5.7.22-22/CMakeFiles/CMakeTmp'
/usr/bin/cmake -E cmake_progress_report /root/softm/percona-server-5.7.22-22/CMakeFiles/CMakeTmp/CMakeFiles 1
Building C object CMakeFiles/cmTryCompileExec3985897924.dir/src.c.o
/usr/bin/cc   -DHAVE_C_FP_CONTRACT_FLAG  -O3 -ffp-contract=off   -o CMakeFiles/cmTryCompileExec3985897924.dir/src.c.o   -c /root/softm/percona-server-5.7.22-22/CMakeFiles/CMakeTmp/src.c
cc1: error: unrecognized command line option "-ffp-contract=off"
gmake[1]: Leaving directory `/root/softm/percona-server-5.7.22-22/CMakeFiles/CMakeTmp'
gmake[1]: *** [CMakeFiles/cmTryCompileExec3985897924.dir/src.c.o] Error 1
gmake: *** [cmTryCompileExec3985897924/fast] Error 2

Source file was:

  int main (int argc, char **argv)
  {
    double n[21] = { 0, 0, 0, 0, 0, 0, 0, 0, 0, 0,
                     0, 0, 0, 1, 1, 1, 1, 1, 1, 1,1 };
    double m= 0, s= 0;
    int i;
    for(i= 0; i < 21; i++)
    {
      double m_kminusone= m;
      m= m_kminusone + (n[i] - m_kminusone) / (double) (i + 2);
      s= s + (n[i] - m_kminusone) * (n[i] - m);
    }
    /*
      s should now be either 5e 74 d1 45 17 5d 14 40 or
      40 14 5d 17 45 d1 74 5e, depending on endianness. If the floating point
      operations are optimized with fused multiply-add instructions, the least
      significant byte is 5d instead of 5e.
    */
    return (*(unsigned char*)(&s) == 0x5e ||
            *((unsigned char*)(&s) + 7) == 0x5e);
  }
Performing C++ SOURCE FILE Test HAVE_CXX_FP_CONTRACT_FLAG failed with the following output:
Change Dir: /root/softm/percona-server-5.7.22-22/CMakeFiles/CMakeTmp

Run Build Command:/usr/bin/gmake "cmTryCompileExec4077091795/fast"
/usr/bin/gmake -f CMakeFiles/cmTryCompileExec4077091795.dir/build.make CMakeFiles/cmTryCompileExec4077091795.dir/build
gmake[1]: Entering directory `/root/softm/percona-server-5.7.22-22/CMakeFiles/CMakeTmp'
/usr/bin/cmake -E cmake_progress_report /root/softm/percona-server-5.7.22-22/CMakeFiles/CMakeTmp/CMakeFiles 1
Building CXX object CMakeFiles/cmTryCompileExec4077091795.dir/src.cxx.o
/usr/bin/c++    -DHAVE_CXX_FP_CONTRACT_FLAG  -O3 -ffp-contract=off   -o CMakeFiles/cmTryCompileExec4077091795.dir/src.cxx.o -c /root/softm/percona-server-5.7.22-22/CMakeFiles/CMakeTmp/src.cxx
cc1plus: error: unrecognized command line option "-ffp-contract=off"
gmake[1]: Leaving directory `/root/softm/percona-server-5.7.22-22/CMakeFiles/CMakeTmp'
gmake[1]: *** [CMakeFiles/cmTryCompileExec4077091795.dir/src.cxx.o] Error 1
gmake: *** [cmTryCompileExec4077091795/fast] Error 2

Source file was:

  int main (int argc, char **argv)
  {
    double n[21] = { 0, 0, 0, 0, 0, 0, 0, 0, 0, 0,
                     0, 0, 0, 1, 1, 1, 1, 1, 1, 1,1 };
    double m= 0, s= 0;
    int i;
    for(i= 0; i < 21; i++)
    {
      double m_kminusone= m;
      m= m_kminusone + (n[i] - m_kminusone) / (double) (i + 2);
      s= s + (n[i] - m_kminusone) * (n[i] - m);
    }
    /*
      s should now be either 5e 74 d1 45 17 5d 14 40 or
      40 14 5d 17 45 d1 74 5e, depending on endianness. If the floating point
      operations are optimized with fused multiply-add instructions, the least
      significant byte is 5d instead of 5e.
    */
    return (*(unsigned char*)(&s) == 0x5e ||
            *((unsigned char*)(&s) + 7) == 0x5e);
  }
Performing C++ SOURCE FILE Test GNU03_SUPPORTED failed with the following output:
Change Dir: /root/softm/percona-server-5.7.22-22/CMakeFiles/CMakeTmp

Run Build Command:/usr/bin/gmake "cmTryCompileExec3785867573/fast"
/usr/bin/gmake -f CMakeFiles/cmTryCompileExec3785867573.dir/build.make CMakeFiles/cmTryCompileExec3785867573.dir/build
gmake[1]: Entering directory `/root/softm/percona-server-5.7.22-22/CMakeFiles/CMakeTmp'
/usr/bin/cmake -E cmake_progress_report /root/softm/percona-server-5.7.22-22/CMakeFiles/CMakeTmp/CMakeFiles 1
Building CXX object CMakeFiles/cmTryCompileExec3785867573.dir/src.cxx.o
/usr/bin/c++    -DGNU03_SUPPORTED  -std=gnu++03   -o CMakeFiles/cmTryCompileExec3785867573.dir/src.cxx.o -c /root/softm/percona-server-5.7.22-22/CMakeFiles/CMakeTmp/src.cxx
cc1plus: error: unrecognized command line option "-std=gnu++03"
gmake[1]: Leaving directory `/root/softm/percona-server-5.7.22-22/CMakeFiles/CMakeTmp'
gmake[1]: *** [CMakeFiles/cmTryCompileExec3785867573.dir/src.cxx.o] Error 1
gmake: *** [cmTryCompileExec3785867573/fast] Error 2

Source file was:
int main(void) { return 0; }
Performing C++ SOURCE FILE Test HAVE_LLVM_LIBCPP failed with the following output:
Change Dir: /root/softm/percona-server-5.7.22-22/CMakeFiles/CMakeTmp

Run Build Command:/usr/bin/gmake "cmTryCompileExec1402913444/fast"
/usr/bin/gmake -f CMakeFiles/cmTryCompileExec1402913444.dir/build.make CMakeFiles/cmTryCompileExec1402913444.dir/build
gmake[1]: Entering directory `/root/softm/percona-server-5.7.22-22/CMakeFiles/CMakeTmp'
/usr/bin/cmake -E cmake_progress_report /root/softm/percona-server-5.7.22-22/CMakeFiles/CMakeTmp/CMakeFiles 1
Building CXX object CMakeFiles/cmTryCompileExec1402913444.dir/src.cxx.o
/usr/bin/c++    -DHAVE_LLVM_LIBCPP   -o CMakeFiles/cmTryCompileExec1402913444.dir/src.cxx.o -c /root/softm/percona-server-5.7.22-22/CMakeFiles/CMakeTmp/src.cxx
Linking CXX executable cmTryCompileExec1402913444
/usr/bin/cmake -E cmake_link_script CMakeFiles/cmTryCompileExec1402913444.dir/link.txt --verbose=1
/usr/bin/c++    -DHAVE_LLVM_LIBCPP    CMakeFiles/cmTryCompileExec1402913444.dir/src.cxx.o  -o cmTryCompileExec1402913444 -rdynamic 
gmake[1]: Leaving directory `/root/softm/percona-server-5.7.22-22/CMakeFiles/CMakeTmp'

Return value: 1
Source file was:

#include <ciso646>
int main()
{
#ifdef _LIBCPP_VERSION
  return 0;
#else
  return 1;
#endif
}
Determining if the pthread_create exist failed with the following output:
Change Dir: /root/softm/percona-server-5.7.22-22/CMakeFiles/CMakeTmp

Run Build Command:/usr/bin/gmake "cmTryCompileExec2110225898/fast"
/usr/bin/gmake -f CMakeFiles/cmTryCompileExec2110225898.dir/build.make CMakeFiles/cmTryCompileExec2110225898.dir/build
gmake[1]: Entering directory `/root/softm/percona-server-5.7.22-22/CMakeFiles/CMakeTmp'
/usr/bin/cmake -E cmake_progress_report /root/softm/percona-server-5.7.22-22/CMakeFiles/CMakeTmp/CMakeFiles 1
Building C object CMakeFiles/cmTryCompileExec2110225898.dir/CheckSymbolExists.c.o
/usr/bin/cc    -o CMakeFiles/cmTryCompileExec2110225898.dir/CheckSymbolExists.c.o   -c /root/softm/percona-server-5.7.22-22/CMakeFiles/CMakeTmp/CheckSymbolExists.c
Linking C executable cmTryCompileExec2110225898
/usr/bin/cmake -E cmake_link_script CMakeFiles/cmTryCompileExec2110225898.dir/link.txt --verbose=1
/usr/bin/cc       CMakeFiles/cmTryCompileExec2110225898.dir/CheckSymbolExists.c.o  -o cmTryCompileExec2110225898 -rdynamic 
CMakeFiles/cmTryCompileExec2110225898.dir/CheckSymbolExists.c.o: In function `main':
CheckSymbolExists.c:(.text+0xc): undefined reference to `pthread_create'
collect2: ld returned 1 exit status
gmake[1]: Leaving directory `/root/softm/percona-server-5.7.22-22/CMakeFiles/CMakeTmp'
gmake[1]: *** [cmTryCompileExec2110225898] Error 1
gmake: *** [cmTryCompileExec2110225898/fast] Error 2

File /root/softm/percona-server-5.7.22-22/CMakeFiles/CMakeTmp/CheckSymbolExists.c:
/* */
#include <pthread.h>

int main(int argc, char** argv)
{
  (void)argv;
#ifndef pthread_create
  return ((int*)(&pthread_create))[argc];
#else
  (void)argc;
  return 0;
#endif
}

Determining if the function pthread_create exists in the pthreads failed with the following output:
Change Dir: /root/softm/percona-server-5.7.22-22/CMakeFiles/CMakeTmp

Run Build Command:/usr/bin/gmake "cmTryCompileExec1379511793/fast"
/usr/bin/gmake -f CMakeFiles/cmTryCompileExec1379511793.dir/build.make CMakeFiles/cmTryCompileExec1379511793.dir/build
gmake[1]: Entering directory `/root/softm/percona-server-5.7.22-22/CMakeFiles/CMakeTmp'
/usr/bin/cmake -E cmake_progress_report /root/softm/percona-server-5.7.22-22/CMakeFiles/CMakeTmp/CMakeFiles 1
Building C object CMakeFiles/cmTryCompileExec1379511793.dir/CheckFunctionExists.c.o
/usr/bin/cc   -DCHECK_FUNCTION_EXISTS=pthread_create   -o CMakeFiles/cmTryCompileExec1379511793.dir/CheckFunctionExists.c.o   -c /usr/share/cmake/Modules/CheckFunctionExists.c
Linking C executable cmTryCompileExec1379511793
/usr/bin/cmake -E cmake_link_script CMakeFiles/cmTryCompileExec1379511793.dir/link.txt --verbose=1
/usr/bin/cc   -DCHECK_FUNCTION_EXISTS=pthread_create    CMakeFiles/cmTryCompileExec1379511793.dir/CheckFunctionExists.c.o  -o cmTryCompileExec1379511793 -rdynamic -lpthreads 
/usr/bin/ld: cannot find -lpthreads
collect2: ld returned 1 exit status
gmake[1]: Leaving directory `/root/softm/percona-server-5.7.22-22/CMakeFiles/CMakeTmp'
gmake[1]: *** [cmTryCompileExec1379511793] Error 1
gmake: *** [cmTryCompileExec1379511793/fast] Error 2


Determining if the function floor exists failed with the following output:
Change Dir: /root/softm/percona-server-5.7.22-22/CMakeFiles/CMakeTmp

Run Build Command:/usr/bin/gmake "cmTryCompileExec2797796522/fast"
/usr/bin/gmake -f CMakeFiles/cmTryCompileExec2797796522.dir/build.make CMakeFiles/cmTryCompileExec2797796522.dir/build
gmake[1]: Entering directory `/root/softm/percona-server-5.7.22-22/CMakeFiles/CMakeTmp'
/usr/bin/cmake -E cmake_progress_report /root/softm/percona-server-5.7.22-22/CMakeFiles/CMakeTmp/CMakeFiles 1
Building C object CMakeFiles/cmTryCompileExec2797796522.dir/CheckFunctionExists.c.o
/usr/bin/cc   -DCHECK_FUNCTION_EXISTS=floor   -o CMakeFiles/cmTryCompileExec2797796522.dir/CheckFunctionExists.c.o   -c /usr/share/cmake/Modules/CheckFunctionExists.c
/usr/share/cmake/Modules/CheckFunctionExists.c:3: warning: conflicting types for built-in function ‘floor’
Linking C executable cmTryCompileExec2797796522
/usr/bin/cmake -E cmake_link_script CMakeFiles/cmTryCompileExec2797796522.dir/link.txt --verbose=1
/usr/bin/cc   -DCHECK_FUNCTION_EXISTS=floor    CMakeFiles/cmTryCompileExec2797796522.dir/CheckFunctionExists.c.o  -o cmTryCompileExec2797796522 -rdynamic 
CMakeFiles/cmTryCompileExec2797796522.dir/CheckFunctionExists.c.o: In function `main':
CheckFunctionExists.c:(.text+0x15): undefined reference to `floor'
collect2: ld returned 1 exit status
gmake[1]: Leaving directory `/root/softm/percona-server-5.7.22-22/CMakeFiles/CMakeTmp'
gmake[1]: *** [cmTryCompileExec2797796522] Error 1
gmake: *** [cmTryCompileExec2797796522/fast] Error 2


Determining if the function crypt exists failed with the following output:
Change Dir: /root/softm/percona-server-5.7.22-22/CMakeFiles/CMakeTmp

Run Build Command:/usr/bin/gmake "cmTryCompileExec3039225690/fast"
/usr/bin/gmake -f CMakeFiles/cmTryCompileExec3039225690.dir/build.make CMakeFiles/cmTryCompileExec3039225690.dir/build
gmake[1]: Entering directory `/root/softm/percona-server-5.7.22-22/CMakeFiles/CMakeTmp'
/usr/bin/cmake -E cmake_progress_report /root/softm/percona-server-5.7.22-22/CMakeFiles/CMakeTmp/CMakeFiles 1
Building C object CMakeFiles/cmTryCompileExec3039225690.dir/CheckFunctionExists.c.o
/usr/bin/cc   -DCHECK_FUNCTION_EXISTS=crypt   -o CMakeFiles/cmTryCompileExec3039225690.dir/CheckFunctionExists.c.o   -c /usr/share/cmake/Modules/CheckFunctionExists.c
Linking C executable cmTryCompileExec3039225690
/usr/bin/cmake -E cmake_link_script CMakeFiles/cmTryCompileExec3039225690.dir/link.txt --verbose=1
/usr/bin/cc   -DCHECK_FUNCTION_EXISTS=crypt    CMakeFiles/cmTryCompileExec3039225690.dir/CheckFunctionExists.c.o  -o cmTryCompileExec3039225690 -rdynamic 
CMakeFiles/cmTryCompileExec3039225690.dir/CheckFunctionExists.c.o: In function `main':
CheckFunctionExists.c:(.text+0x15): undefined reference to `crypt'
collect2: ld returned 1 exit status
gmake[1]: Leaving directory `/root/softm/percona-server-5.7.22-22/CMakeFiles/CMakeTmp'
gmake[1]: *** [cmTryCompileExec3039225690] Error 1
gmake: *** [cmTryCompileExec3039225690/fast] Error 2


Determining if the function dlopen exists failed with the following output:
Change Dir: /root/softm/percona-server-5.7.22-22/CMakeFiles/CMakeTmp

Run Build Command:/usr/bin/gmake "cmTryCompileExec340024329/fast"
/usr/bin/gmake -f CMakeFiles/cmTryCompileExec340024329.dir/build.make CMakeFiles/cmTryCompileExec340024329.dir/build
gmake[1]: Entering directory `/root/softm/percona-server-5.7.22-22/CMakeFiles/CMakeTmp'
/usr/bin/cmake -E cmake_progress_report /root/softm/percona-server-5.7.22-22/CMakeFiles/CMakeTmp/CMakeFiles 1
Building C object CMakeFiles/cmTryCompileExec340024329.dir/CheckFunctionExists.c.o
/usr/bin/cc   -DCHECK_FUNCTION_EXISTS=dlopen   -o CMakeFiles/cmTryCompileExec340024329.dir/CheckFunctionExists.c.o   -c /usr/share/cmake/Modules/CheckFunctionExists.c
Linking C executable cmTryCompileExec340024329
/usr/bin/cmake -E cmake_link_script CMakeFiles/cmTryCompileExec340024329.dir/link.txt --verbose=1
/usr/bin/cc   -DCHECK_FUNCTION_EXISTS=dlopen    CMakeFiles/cmTryCompileExec340024329.dir/CheckFunctionExists.c.o  -o cmTryCompileExec340024329 -rdynamic 
CMakeFiles/cmTryCompileExec340024329.dir/CheckFunctionExists.c.o: In function `main':
CheckFunctionExists.c:(.text+0x15): undefined reference to `dlopen'
collect2: ld returned 1 exit status
gmake[1]: Leaving directory `/root/softm/percona-server-5.7.22-22/CMakeFiles/CMakeTmp'
gmake[1]: *** [cmTryCompileExec340024329] Error 1
gmake: *** [cmTryCompileExec340024329/fast] Error 2


Determining if the function clock_gettime exists failed with the following output:
Change Dir: /root/softm/percona-server-5.7.22-22/CMakeFiles/CMakeTmp

Run Build Command:/usr/bin/gmake "cmTryCompileExec3768689688/fast"
/usr/bin/gmake -f CMakeFiles/cmTryCompileExec3768689688.dir/build.make CMakeFiles/cmTryCompileExec3768689688.dir/build
gmake[1]: Entering directory `/root/softm/percona-server-5.7.22-22/CMakeFiles/CMakeTmp'
/usr/bin/cmake -E cmake_progress_report /root/softm/percona-server-5.7.22-22/CMakeFiles/CMakeTmp/CMakeFiles 1
Building C object CMakeFiles/cmTryCompileExec3768689688.dir/CheckFunctionExists.c.o
/usr/bin/cc   -DCHECK_FUNCTION_EXISTS=clock_gettime   -o CMakeFiles/cmTryCompileExec3768689688.dir/CheckFunctionExists.c.o   -c /usr/share/cmake/Modules/CheckFunctionExists.c
Linking C executable cmTryCompileExec3768689688
/usr/bin/cmake -E cmake_link_script CMakeFiles/cmTryCompileExec3768689688.dir/link.txt --verbose=1
/usr/bin/cc   -DCHECK_FUNCTION_EXISTS=clock_gettime    CMakeFiles/cmTryCompileExec3768689688.dir/CheckFunctionExists.c.o  -o cmTryCompileExec3768689688 -rdynamic 
CMakeFiles/cmTryCompileExec3768689688.dir/CheckFunctionExists.c.o: In function `main':
CheckFunctionExists.c:(.text+0x15): undefined reference to `clock_gettime'
collect2: ld returned 1 exit status
gmake[1]: Leaving directory `/root/softm/percona-server-5.7.22-22/CMakeFiles/CMakeTmp'
gmake[1]: *** [cmTryCompileExec3768689688] Error 1
gmake: *** [cmTryCompileExec3768689688/fast] Error 2


Determining if the function timer_create exists failed with the following output:
Change Dir: /root/softm/percona-server-5.7.22-22/CMakeFiles/CMakeTmp

Run Build Command:/usr/bin/gmake "cmTryCompileExec4144228656/fast"
/usr/bin/gmake -f CMakeFiles/cmTryCompileExec4144228656.dir/build.make CMakeFiles/cmTryCompileExec4144228656.dir/build
gmake[1]: Entering directory `/root/softm/percona-server-5.7.22-22/CMakeFiles/CMakeTmp'
/usr/bin/cmake -E cmake_progress_report /root/softm/percona-server-5.7.22-22/CMakeFiles/CMakeTmp/CMakeFiles 1
Building C object CMakeFiles/cmTryCompileExec4144228656.dir/CheckFunctionExists.c.o
/usr/bin/cc   -DCHECK_FUNCTION_EXISTS=timer_create   -o CMakeFiles/cmTryCompileExec4144228656.dir/CheckFunctionExists.c.o   -c /usr/share/cmake/Modules/CheckFunctionExists.c
Linking C executable cmTryCompileExec4144228656
/usr/bin/cmake -E cmake_link_script CMakeFiles/cmTryCompileExec4144228656.dir/link.txt --verbose=1
/usr/bin/cc   -DCHECK_FUNCTION_EXISTS=timer_create    CMakeFiles/cmTryCompileExec4144228656.dir/CheckFunctionExists.c.o  -o cmTryCompileExec4144228656 -rdynamic 
CMakeFiles/cmTryCompileExec4144228656.dir/CheckFunctionExists.c.o: In function `main':
CheckFunctionExists.c:(.text+0x15): undefined reference to `timer_create'
collect2: ld returned 1 exit status
gmake[1]: Leaving directory `/root/softm/percona-server-5.7.22-22/CMakeFiles/CMakeTmp'
gmake[1]: *** [cmTryCompileExec4144228656] Error 1
gmake: *** [cmTryCompileExec4144228656/fast] Error 2


Determining if the function atomic_thread_fence exists failed with the following output:
Change Dir: /root/softm/percona-server-5.7.22-22/CMakeFiles/CMakeTmp

Run Build Command:/usr/bin/gmake "cmTryCompileExec1603722158/fast"
/usr/bin/gmake -f CMakeFiles/cmTryCompileExec1603722158.dir/build.make CMakeFiles/cmTryCompileExec1603722158.dir/build
gmake[1]: Entering directory `/root/softm/percona-server-5.7.22-22/CMakeFiles/CMakeTmp'
/usr/bin/cmake -E cmake_progress_report /root/softm/percona-server-5.7.22-22/CMakeFiles/CMakeTmp/CMakeFiles 1
Building C object CMakeFiles/cmTryCompileExec1603722158.dir/CheckFunctionExists.c.o
/usr/bin/cc   -DCHECK_FUNCTION_EXISTS=atomic_thread_fence   -o CMakeFiles/cmTryCompileExec1603722158.dir/CheckFunctionExists.c.o   -c /usr/share/cmake/Modules/CheckFunctionExists.c
Linking C executable cmTryCompileExec1603722158
/usr/bin/cmake -E cmake_link_script CMakeFiles/cmTryCompileExec1603722158.dir/link.txt --verbose=1
/usr/bin/cc   -DCHECK_FUNCTION_EXISTS=atomic_thread_fence    CMakeFiles/cmTryCompileExec1603722158.dir/CheckFunctionExists.c.o  -o cmTryCompileExec1603722158 -rdynamic 
CMakeFiles/cmTryCompileExec1603722158.dir/CheckFunctionExists.c.o: In function `main':
CheckFunctionExists.c:(.text+0x15): undefined reference to `atomic_thread_fence'
collect2: ld returned 1 exit status
gmake[1]: *** [cmTryCompileExec1603722158] Error 1
gmake[1]: Leaving directory `/root/softm/percona-server-5.7.22-22/CMakeFiles/CMakeTmp'
gmake: *** [cmTryCompileExec1603722158/fast] Error 2


Determining if the function atomic_thread_fence exists in the atomic failed with the following output:
Change Dir: /root/softm/percona-server-5.7.22-22/CMakeFiles/CMakeTmp

Run Build Command:/usr/bin/gmake "cmTryCompileExec420774569/fast"
/usr/bin/gmake -f CMakeFiles/cmTryCompileExec420774569.dir/build.make CMakeFiles/cmTryCompileExec420774569.dir/build
gmake[1]: Entering directory `/root/softm/percona-server-5.7.22-22/CMakeFiles/CMakeTmp'
/usr/bin/cmake -E cmake_progress_report /root/softm/percona-server-5.7.22-22/CMakeFiles/CMakeTmp/CMakeFiles 1
Building C object CMakeFiles/cmTryCompileExec420774569.dir/CheckFunctionExists.c.o
/usr/bin/cc   -DCHECK_FUNCTION_EXISTS=atomic_thread_fence   -o CMakeFiles/cmTryCompileExec420774569.dir/CheckFunctionExists.c.o   -c /usr/share/cmake/Modules/CheckFunctionExists.c
Linking C executable cmTryCompileExec420774569
/usr/bin/cmake -E cmake_link_script CMakeFiles/cmTryCompileExec420774569.dir/link.txt --verbose=1
/usr/bin/cc   -DCHECK_FUNCTION_EXISTS=atomic_thread_fence    CMakeFiles/cmTryCompileExec420774569.dir/CheckFunctionExists.c.o  -o cmTryCompileExec420774569 -rdynamic -latomic 
/usr/bin/ld: cannot find -latomic
collect2: ld returned 1 exit status
gmake[1]: Leaving directory `/root/softm/percona-server-5.7.22-22/CMakeFiles/CMakeTmp'
gmake[1]: *** [cmTryCompileExec420774569] Error 1
gmake: *** [cmTryCompileExec420774569/fast] Error 2


Determining if files ieeefp.h exist failed with the following output:
Change Dir: /root/softm/percona-server-5.7.22-22/CMakeFiles/CMakeTmp

Run Build Command:/usr/bin/gmake "cmTryCompileExec1797475787/fast"
/usr/bin/gmake -f CMakeFiles/cmTryCompileExec1797475787.dir/build.make CMakeFiles/cmTryCompileExec1797475787.dir/build
gmake[1]: Entering directory `/root/softm/percona-server-5.7.22-22/CMakeFiles/CMakeTmp'
/usr/bin/cmake -E cmake_progress_report /root/softm/percona-server-5.7.22-22/CMakeFiles/CMakeTmp/CMakeFiles 1
Building C object CMakeFiles/cmTryCompileExec1797475787.dir/CheckIncludeFiles.c.o
/usr/bin/cc    -o CMakeFiles/cmTryCompileExec1797475787.dir/CheckIncludeFiles.c.o   -c /root/softm/percona-server-5.7.22-22/CMakeFiles/CMakeTmp/CheckIncludeFiles.c
/root/softm/percona-server-5.7.22-22/CMakeFiles/CMakeTmp/CheckIncludeFiles.c:2:20: error: ieeefp.h: No such file or directory
gmake[1]: *** [CMakeFiles/cmTryCompileExec1797475787.dir/CheckIncludeFiles.c.o] Error 1
gmake[1]: Leaving directory `/root/softm/percona-server-5.7.22-22/CMakeFiles/CMakeTmp'
gmake: *** [cmTryCompileExec1797475787/fast] Error 2

Source:
/* */
#include <ieeefp.h>


int main(){return 0;}

Determining if files vis.h exist failed with the following output:
Change Dir: /root/softm/percona-server-5.7.22-22/CMakeFiles/CMakeTmp

Run Build Command:/usr/bin/gmake "cmTryCompileExec360922820/fast"
/usr/bin/gmake -f CMakeFiles/cmTryCompileExec360922820.dir/build.make CMakeFiles/cmTryCompileExec360922820.dir/build
gmake[1]: Entering directory `/root/softm/percona-server-5.7.22-22/CMakeFiles/CMakeTmp'
/usr/bin/cmake -E cmake_progress_report /root/softm/percona-server-5.7.22-22/CMakeFiles/CMakeTmp/CMakeFiles 1
Building C object CMakeFiles/cmTryCompileExec360922820.dir/CheckIncludeFiles.c.o
/usr/bin/cc    -o CMakeFiles/cmTryCompileExec360922820.dir/CheckIncludeFiles.c.o   -c /root/softm/percona-server-5.7.22-22/CMakeFiles/CMakeTmp/CheckIncludeFiles.c
/root/softm/percona-server-5.7.22-22/CMakeFiles/CMakeTmp/CheckIncludeFiles.c:2:17: error: vis.h: No such file or directory
gmake[1]: *** [CMakeFiles/cmTryCompileExec360922820.dir/CheckIncludeFiles.c.o] Error 1
gmake[1]: Leaving directory `/root/softm/percona-server-5.7.22-22/CMakeFiles/CMakeTmp'
gmake: *** [cmTryCompileExec360922820/fast] Error 2

Source:
/* */
#include <vis.h>


int main(){return 0;}

Determining if files sys/devpoll.h exist failed with the following output:
Change Dir: /root/softm/percona-server-5.7.22-22/CMakeFiles/CMakeTmp

Run Build Command:/usr/bin/gmake "cmTryCompileExec3840604086/fast"
/usr/bin/gmake -f CMakeFiles/cmTryCompileExec3840604086.dir/build.make CMakeFiles/cmTryCompileExec3840604086.dir/build
gmake[1]: Entering directory `/root/softm/percona-server-5.7.22-22/CMakeFiles/CMakeTmp'
/usr/bin/cmake -E cmake_progress_report /root/softm/percona-server-5.7.22-22/CMakeFiles/CMakeTmp/CMakeFiles 1
Building C object CMakeFiles/cmTryCompileExec3840604086.dir/CheckIncludeFiles.c.o
/usr/bin/cc    -o CMakeFiles/cmTryCompileExec3840604086.dir/CheckIncludeFiles.c.o   -c /root/softm/percona-server-5.7.22-22/CMakeFiles/CMakeTmp/CheckIncludeFiles.c
/root/softm/percona-server-5.7.22-22/CMakeFiles/CMakeTmp/CheckIncludeFiles.c:2:25: error: sys/devpoll.h: No such file or directory
gmake[1]: *** [CMakeFiles/cmTryCompileExec3840604086.dir/CheckIncludeFiles.c.o] Error 1
gmake[1]: Leaving directory `/root/softm/percona-server-5.7.22-22/CMakeFiles/CMakeTmp'
gmake: *** [cmTryCompileExec3840604086/fast] Error 2

Source:
/* */
#include <sys/devpoll.h>


int main(){return 0;}

Determining if the function _aligned_malloc exists failed with the following output:
Change Dir: /root/softm/percona-server-5.7.22-22/CMakeFiles/CMakeTmp

Run Build Command:/usr/bin/gmake "cmTryCompileExec2762032422/fast"
/usr/bin/gmake -f CMakeFiles/cmTryCompileExec2762032422.dir/build.make CMakeFiles/cmTryCompileExec2762032422.dir/build
gmake[1]: Entering directory `/root/softm/percona-server-5.7.22-22/CMakeFiles/CMakeTmp'
/usr/bin/cmake -E cmake_progress_report /root/softm/percona-server-5.7.22-22/CMakeFiles/CMakeTmp/CMakeFiles 1
Building C object CMakeFiles/cmTryCompileExec2762032422.dir/CheckFunctionExists.c.o
/usr/bin/cc   -DCHECK_FUNCTION_EXISTS=_aligned_malloc   -o CMakeFiles/cmTryCompileExec2762032422.dir/CheckFunctionExists.c.o   -c /usr/share/cmake/Modules/CheckFunctionExists.c
Linking C executable cmTryCompileExec2762032422
/usr/bin/cmake -E cmake_link_script CMakeFiles/cmTryCompileExec2762032422.dir/link.txt --verbose=1
/usr/bin/cc   -DCHECK_FUNCTION_EXISTS=_aligned_malloc    CMakeFiles/cmTryCompileExec2762032422.dir/CheckFunctionExists.c.o  -o cmTryCompileExec2762032422 -rdynamic -lm -lcrypt -ldl -lpthread -lrt 
CMakeFiles/cmTryCompileExec2762032422.dir/CheckFunctionExists.c.o: In function `main':
CheckFunctionExists.c:(.text+0x15): undefined reference to `_aligned_malloc'
collect2: ld returned 1 exit status
gmake[1]: Leaving directory `/root/softm/percona-server-5.7.22-22/CMakeFiles/CMakeTmp'
gmake[1]: *** [cmTryCompileExec2762032422] Error 1
gmake: *** [cmTryCompileExec2762032422/fast] Error 2


Determining if the function printstack exists failed with the following output:
Change Dir: /root/softm/percona-server-5.7.22-22/CMakeFiles/CMakeTmp

Run Build Command:/usr/bin/gmake "cmTryCompileExec4007954082/fast"
/usr/bin/gmake -f CMakeFiles/cmTryCompileExec4007954082.dir/build.make CMakeFiles/cmTryCompileExec4007954082.dir/build
gmake[1]: Entering directory `/root/softm/percona-server-5.7.22-22/CMakeFiles/CMakeTmp'
/usr/bin/cmake -E cmake_progress_report /root/softm/percona-server-5.7.22-22/CMakeFiles/CMakeTmp/CMakeFiles 1
Building C object CMakeFiles/cmTryCompileExec4007954082.dir/CheckFunctionExists.c.o
/usr/bin/cc   -DCHECK_FUNCTION_EXISTS=printstack   -o CMakeFiles/cmTryCompileExec4007954082.dir/CheckFunctionExists.c.o   -c /usr/share/cmake/Modules/CheckFunctionExists.c
Linking C executable cmTryCompileExec4007954082
/usr/bin/cmake -E cmake_link_script CMakeFiles/cmTryCompileExec4007954082.dir/link.txt --verbose=1
/usr/bin/cc   -DCHECK_FUNCTION_EXISTS=printstack    CMakeFiles/cmTryCompileExec4007954082.dir/CheckFunctionExists.c.o  -o cmTryCompileExec4007954082 -rdynamic -lm -lcrypt -ldl -lpthread -lrt 
CMakeFiles/cmTryCompileExec4007954082.dir/CheckFunctionExists.c.o: In function `main':
CheckFunctionExists.c:(.text+0x15): undefined reference to `printstack'
collect2: ld returned 1 exit status
gmake[1]: Leaving directory `/root/softm/percona-server-5.7.22-22/CMakeFiles/CMakeTmp'
gmake[1]: *** [cmTryCompileExec4007954082] Error 1
gmake: *** [cmTryCompileExec4007954082/fast] Error 2


Determining if the function directio exists failed with the following output:
Change Dir: /root/softm/percona-server-5.7.22-22/CMakeFiles/CMakeTmp

Run Build Command:/usr/bin/gmake "cmTryCompileExec115139878/fast"
/usr/bin/gmake -f CMakeFiles/cmTryCompileExec115139878.dir/build.make CMakeFiles/cmTryCompileExec115139878.dir/build
gmake[1]: Entering directory `/root/softm/percona-server-5.7.22-22/CMakeFiles/CMakeTmp'
/usr/bin/cmake -E cmake_progress_report /root/softm/percona-server-5.7.22-22/CMakeFiles/CMakeTmp/CMakeFiles 1
Building C object CMakeFiles/cmTryCompileExec115139878.dir/CheckFunctionExists.c.o
/usr/bin/cc   -DCHECK_FUNCTION_EXISTS=directio   -o CMakeFiles/cmTryCompileExec115139878.dir/CheckFunctionExists.c.o   -c /usr/share/cmake/Modules/CheckFunctionExists.c
Linking C executable cmTryCompileExec115139878
/usr/bin/cmake -E cmake_link_script CMakeFiles/cmTryCompileExec115139878.dir/link.txt --verbose=1
/usr/bin/cc   -DCHECK_FUNCTION_EXISTS=directio    CMakeFiles/cmTryCompileExec115139878.dir/CheckFunctionExists.c.o  -o cmTryCompileExec115139878 -rdynamic -lm -lcrypt -ldl -lpthread -lrt 
CMakeFiles/cmTryCompileExec115139878.dir/CheckFunctionExists.c.o: In function `main':
CheckFunctionExists.c:(.text+0x15): undefined reference to `directio'
collect2: ld returned 1 exit status
gmake[1]: Leaving directory `/root/softm/percona-server-5.7.22-22/CMakeFiles/CMakeTmp'
gmake[1]: *** [cmTryCompileExec115139878] Error 1
gmake: *** [cmTryCompileExec115139878/fast] Error 2


Determining if the function compress exists failed with the following output:
Change Dir: /root/softm/percona-server-5.7.22-22/CMakeFiles/CMakeTmp

Run Build Command:/usr/bin/gmake "cmTryCompileExec1339894686/fast"
/usr/bin/gmake -f CMakeFiles/cmTryCompileExec1339894686.dir/build.make CMakeFiles/cmTryCompileExec1339894686.dir/build
gmake[1]: Entering directory `/root/softm/percona-server-5.7.22-22/CMakeFiles/CMakeTmp'
/usr/bin/cmake -E cmake_progress_report /root/softm/percona-server-5.7.22-22/CMakeFiles/CMakeTmp/CMakeFiles 1
Building C object CMakeFiles/cmTryCompileExec1339894686.dir/CheckFunctionExists.c.o
/usr/bin/cc   -DCHECK_FUNCTION_EXISTS=compress   -o CMakeFiles/cmTryCompileExec1339894686.dir/CheckFunctionExists.c.o   -c /usr/share/cmake/Modules/CheckFunctionExists.c
Linking C executable cmTryCompileExec1339894686
/usr/bin/cmake -E cmake_link_script CMakeFiles/cmTryCompileExec1339894686.dir/link.txt --verbose=1
/usr/bin/cc   -DCHECK_FUNCTION_EXISTS=compress    CMakeFiles/cmTryCompileExec1339894686.dir/CheckFunctionExists.c.o  -o cmTryCompileExec1339894686 -rdynamic -lm -lcrypt -ldl -lpthread -lrt 
CMakeFiles/cmTryCompileExec1339894686.dir/CheckFunctionExists.c.o: In function `main':
CheckFunctionExists.c:(.text+0x15): undefined reference to `compress'
collect2: ld returned 1 exit status
gmake[1]: Leaving directory `/root/softm/percona-server-5.7.22-22/CMakeFiles/CMakeTmp'
gmake[1]: *** [cmTryCompileExec1339894686] Error 1
gmake: *** [cmTryCompileExec1339894686/fast] Error 2


Determining if the function gethrtime exists failed with the following output:
Change Dir: /root/softm/percona-server-5.7.22-22/CMakeFiles/CMakeTmp

Run Build Command:/usr/bin/gmake "cmTryCompileExec3111088549/fast"
/usr/bin/gmake -f CMakeFiles/cmTryCompileExec3111088549.dir/build.make CMakeFiles/cmTryCompileExec3111088549.dir/build
gmake[1]: Entering directory `/root/softm/percona-server-5.7.22-22/CMakeFiles/CMakeTmp'
/usr/bin/cmake -E cmake_progress_report /root/softm/percona-server-5.7.22-22/CMakeFiles/CMakeTmp/CMakeFiles 1
Building C object CMakeFiles/cmTryCompileExec3111088549.dir/CheckFunctionExists.c.o
/usr/bin/cc   -DCHECK_FUNCTION_EXISTS=gethrtime   -o CMakeFiles/cmTryCompileExec3111088549.dir/CheckFunctionExists.c.o   -c /usr/share/cmake/Modules/CheckFunctionExists.c
Linking C executable cmTryCompileExec3111088549
/usr/bin/cmake -E cmake_link_script CMakeFiles/cmTryCompileExec3111088549.dir/link.txt --verbose=1
/usr/bin/cc   -DCHECK_FUNCTION_EXISTS=gethrtime    CMakeFiles/cmTryCompileExec3111088549.dir/CheckFunctionExists.c.o  -o cmTryCompileExec3111088549 -rdynamic -lm -lcrypt -ldl -lpthread -lrt 
CMakeFiles/cmTryCompileExec3111088549.dir/CheckFunctionExists.c.o: In function `main':
CheckFunctionExists.c:(.text+0x15): undefined reference to `gethrtime'
collect2: ld returned 1 exit status
gmake[1]: Leaving directory `/root/softm/percona-server-5.7.22-22/CMakeFiles/CMakeTmp'
gmake[1]: *** [cmTryCompileExec3111088549] Error 1
gmake: *** [cmTryCompileExec3111088549/fast] Error 2


Determining if the function getpassphrase exists failed with the following output:
Change Dir: /root/softm/percona-server-5.7.22-22/CMakeFiles/CMakeTmp

Run Build Command:/usr/bin/gmake "cmTryCompileExec2745110470/fast"
/usr/bin/gmake -f CMakeFiles/cmTryCompileExec2745110470.dir/build.make CMakeFiles/cmTryCompileExec2745110470.dir/build
gmake[1]: Entering directory `/root/softm/percona-server-5.7.22-22/CMakeFiles/CMakeTmp'
/usr/bin/cmake -E cmake_progress_report /root/softm/percona-server-5.7.22-22/CMakeFiles/CMakeTmp/CMakeFiles 1
Building C object CMakeFiles/cmTryCompileExec2745110470.dir/CheckFunctionExists.c.o
/usr/bin/cc   -DCHECK_FUNCTION_EXISTS=getpassphrase   -o CMakeFiles/cmTryCompileExec2745110470.dir/CheckFunctionExists.c.o   -c /usr/share/cmake/Modules/CheckFunctionExists.c
Linking C executable cmTryCompileExec2745110470
/usr/bin/cmake -E cmake_link_script CMakeFiles/cmTryCompileExec2745110470.dir/link.txt --verbose=1
/usr/bin/cc   -DCHECK_FUNCTION_EXISTS=getpassphrase    CMakeFiles/cmTryCompileExec2745110470.dir/CheckFunctionExists.c.o  -o cmTryCompileExec2745110470 -rdynamic -lm -lcrypt -ldl -lpthread -lrt 
CMakeFiles/cmTryCompileExec2745110470.dir/CheckFunctionExists.c.o: In function `main':
CheckFunctionExists.c:(.text+0x15): undefined reference to `getpassphrase'
collect2: ld returned 1 exit status
gmake[1]: Leaving directory `/root/softm/percona-server-5.7.22-22/CMakeFiles/CMakeTmp'
gmake[1]: *** [cmTryCompileExec2745110470] Error 1
gmake: *** [cmTryCompileExec2745110470/fast] Error 2


Determining if the function issetugid exists failed with the following output:
Change Dir: /root/softm/percona-server-5.7.22-22/CMakeFiles/CMakeTmp

Run Build Command:/usr/bin/gmake "cmTryCompileExec2166403953/fast"
/usr/bin/gmake -f CMakeFiles/cmTryCompileExec2166403953.dir/build.make CMakeFiles/cmTryCompileExec2166403953.dir/build
gmake[1]: Entering directory `/root/softm/percona-server-5.7.22-22/CMakeFiles/CMakeTmp'
/usr/bin/cmake -E cmake_progress_report /root/softm/percona-server-5.7.22-22/CMakeFiles/CMakeTmp/CMakeFiles 1
Building C object CMakeFiles/cmTryCompileExec2166403953.dir/CheckFunctionExists.c.o
/usr/bin/cc   -DCHECK_FUNCTION_EXISTS=issetugid   -o CMakeFiles/cmTryCompileExec2166403953.dir/CheckFunctionExists.c.o   -c /usr/share/cmake/Modules/CheckFunctionExists.c
Linking C executable cmTryCompileExec2166403953
/usr/bin/cmake -E cmake_link_script CMakeFiles/cmTryCompileExec2166403953.dir/link.txt --verbose=1
/usr/bin/cc   -DCHECK_FUNCTION_EXISTS=issetugid    CMakeFiles/cmTryCompileExec2166403953.dir/CheckFunctionExists.c.o  -o cmTryCompileExec2166403953 -rdynamic -lm -lcrypt -ldl -lpthread -lrt 
CMakeFiles/cmTryCompileExec2166403953.dir/CheckFunctionExists.c.o: In function `main':
CheckFunctionExists.c:(.text+0x15): undefined reference to `issetugid'
collect2: ld returned 1 exit status
gmake[1]: Leaving directory `/root/softm/percona-server-5.7.22-22/CMakeFiles/CMakeTmp'
gmake[1]: *** [cmTryCompileExec2166403953] Error 1
gmake: *** [cmTryCompileExec2166403953/fast] Error 2


Determining if the function setfd exists failed with the following output:
Change Dir: /root/softm/percona-server-5.7.22-22/CMakeFiles/CMakeTmp

Run Build Command:/usr/bin/gmake "cmTryCompileExec2311494384/fast"
/usr/bin/gmake -f CMakeFiles/cmTryCompileExec2311494384.dir/build.make CMakeFiles/cmTryCompileExec2311494384.dir/build
gmake[1]: Entering directory `/root/softm/percona-server-5.7.22-22/CMakeFiles/CMakeTmp'
/usr/bin/cmake -E cmake_progress_report /root/softm/percona-server-5.7.22-22/CMakeFiles/CMakeTmp/CMakeFiles 1
Building C object CMakeFiles/cmTryCompileExec2311494384.dir/CheckFunctionExists.c.o
/usr/bin/cc   -DCHECK_FUNCTION_EXISTS=setfd   -o CMakeFiles/cmTryCompileExec2311494384.dir/CheckFunctionExists.c.o   -c /usr/share/cmake/Modules/CheckFunctionExists.c
Linking C executable cmTryCompileExec2311494384
/usr/bin/cmake -E cmake_link_script CMakeFiles/cmTryCompileExec2311494384.dir/link.txt --verbose=1
/usr/bin/cc   -DCHECK_FUNCTION_EXISTS=setfd    CMakeFiles/cmTryCompileExec2311494384.dir/CheckFunctionExists.c.o  -o cmTryCompileExec2311494384 -rdynamic -lm -lcrypt -ldl -lpthread -lrt 
CMakeFiles/cmTryCompileExec2311494384.dir/CheckFunctionExists.c.o: In function `main':
CheckFunctionExists.c:(.text+0x15): undefined reference to `setfd'
collect2: ld returned 1 exit status
gmake[1]: Leaving directory `/root/softm/percona-server-5.7.22-22/CMakeFiles/CMakeTmp'
gmake[1]: *** [cmTryCompileExec2311494384] Error 1
gmake: *** [cmTryCompileExec2311494384/fast] Error 2


Determining if the function strlcpy exists failed with the following output:
Change Dir: /root/softm/percona-server-5.7.22-22/CMakeFiles/CMakeTmp

Run Build Command:/usr/bin/gmake "cmTryCompileExec2053027521/fast"
/usr/bin/gmake -f CMakeFiles/cmTryCompileExec2053027521.dir/build.make CMakeFiles/cmTryCompileExec2053027521.dir/build
gmake[1]: Entering directory `/root/softm/percona-server-5.7.22-22/CMakeFiles/CMakeTmp'
/usr/bin/cmake -E cmake_progress_report /root/softm/percona-server-5.7.22-22/CMakeFiles/CMakeTmp/CMakeFiles 1
Building C object CMakeFiles/cmTryCompileExec2053027521.dir/CheckFunctionExists.c.o
/usr/bin/cc   -DCHECK_FUNCTION_EXISTS=strlcpy   -o CMakeFiles/cmTryCompileExec2053027521.dir/CheckFunctionExists.c.o   -c /usr/share/cmake/Modules/CheckFunctionExists.c
Linking C executable cmTryCompileExec2053027521
/usr/bin/cmake -E cmake_link_script CMakeFiles/cmTryCompileExec2053027521.dir/link.txt --verbose=1
/usr/bin/cc   -DCHECK_FUNCTION_EXISTS=strlcpy    CMakeFiles/cmTryCompileExec2053027521.dir/CheckFunctionExists.c.o  -o cmTryCompileExec2053027521 -rdynamic -lm -lcrypt -ldl -lpthread -lrt 
CMakeFiles/cmTryCompileExec2053027521.dir/CheckFunctionExists.c.o: In function `main':
CheckFunctionExists.c:(.text+0x15): undefined reference to `strlcpy'
collect2: ld returned 1 exit status
gmake[1]: Leaving directory `/root/softm/percona-server-5.7.22-22/CMakeFiles/CMakeTmp'
gmake[1]: *** [cmTryCompileExec2053027521] Error 1
gmake: *** [cmTryCompileExec2053027521/fast] Error 2


Determining if the function strlcat exists failed with the following output:
Change Dir: /root/softm/percona-server-5.7.22-22/CMakeFiles/CMakeTmp

Run Build Command:/usr/bin/gmake "cmTryCompileExec3964845073/fast"
/usr/bin/gmake -f CMakeFiles/cmTryCompileExec3964845073.dir/build.make CMakeFiles/cmTryCompileExec3964845073.dir/build
gmake[1]: Entering directory `/root/softm/percona-server-5.7.22-22/CMakeFiles/CMakeTmp'
/usr/bin/cmake -E cmake_progress_report /root/softm/percona-server-5.7.22-22/CMakeFiles/CMakeTmp/CMakeFiles 1
Building C object CMakeFiles/cmTryCompileExec3964845073.dir/CheckFunctionExists.c.o
/usr/bin/cc   -DCHECK_FUNCTION_EXISTS=strlcat   -o CMakeFiles/cmTryCompileExec3964845073.dir/CheckFunctionExists.c.o   -c /usr/share/cmake/Modules/CheckFunctionExists.c
Linking C executable cmTryCompileExec3964845073
/usr/bin/cmake -E cmake_link_script CMakeFiles/cmTryCompileExec3964845073.dir/link.txt --verbose=1
/usr/bin/cc   -DCHECK_FUNCTION_EXISTS=strlcat    CMakeFiles/cmTryCompileExec3964845073.dir/CheckFunctionExists.c.o  -o cmTryCompileExec3964845073 -rdynamic -lm -lcrypt -ldl -lpthread -lrt 
CMakeFiles/cmTryCompileExec3964845073.dir/CheckFunctionExists.c.o: In function `main':
CheckFunctionExists.c:(.text+0x15): undefined reference to `strlcat'
collect2: ld returned 1 exit status
gmake[1]: Leaving directory `/root/softm/percona-server-5.7.22-22/CMakeFiles/CMakeTmp'
gmake[1]: *** [cmTryCompileExec3964845073] Error 1
gmake: *** [cmTryCompileExec3964845073/fast] Error 2


Determining if the function fgetln exists failed with the following output:
Change Dir: /root/softm/percona-server-5.7.22-22/CMakeFiles/CMakeTmp

Run Build Command:/usr/bin/gmake "cmTryCompileExec3429866826/fast"
/usr/bin/gmake -f CMakeFiles/cmTryCompileExec3429866826.dir/build.make CMakeFiles/cmTryCompileExec3429866826.dir/build
gmake[1]: Entering directory `/root/softm/percona-server-5.7.22-22/CMakeFiles/CMakeTmp'
/usr/bin/cmake -E cmake_progress_report /root/softm/percona-server-5.7.22-22/CMakeFiles/CMakeTmp/CMakeFiles 1
Building C object CMakeFiles/cmTryCompileExec3429866826.dir/CheckFunctionExists.c.o
/usr/bin/cc   -DCHECK_FUNCTION_EXISTS=fgetln   -o CMakeFiles/cmTryCompileExec3429866826.dir/CheckFunctionExists.c.o   -c /usr/share/cmake/Modules/CheckFunctionExists.c
Linking C executable cmTryCompileExec3429866826
/usr/bin/cmake -E cmake_link_script CMakeFiles/cmTryCompileExec3429866826.dir/link.txt --verbose=1
/usr/bin/cc   -DCHECK_FUNCTION_EXISTS=fgetln    CMakeFiles/cmTryCompileExec3429866826.dir/CheckFunctionExists.c.o  -o cmTryCompileExec3429866826 -rdynamic -lm -lcrypt -ldl -lpthread -lrt 
CMakeFiles/cmTryCompileExec3429866826.dir/CheckFunctionExists.c.o: In function `main':
CheckFunctionExists.c:(.text+0x15): undefined reference to `fgetln'
collect2: ld returned 1 exit status
gmake[1]: Leaving directory `/root/softm/percona-server-5.7.22-22/CMakeFiles/CMakeTmp'
gmake[1]: *** [cmTryCompileExec3429866826] Error 1
gmake: *** [cmTryCompileExec3429866826/fast] Error 2


Determining if the function tell exists failed with the following output:
Change Dir: /root/softm/percona-server-5.7.22-22/CMakeFiles/CMakeTmp

Run Build Command:/usr/bin/gmake "cmTryCompileExec2640282946/fast"
/usr/bin/gmake -f CMakeFiles/cmTryCompileExec2640282946.dir/build.make CMakeFiles/cmTryCompileExec2640282946.dir/build
gmake[1]: Entering directory `/root/softm/percona-server-5.7.22-22/CMakeFiles/CMakeTmp'
/usr/bin/cmake -E cmake_progress_report /root/softm/percona-server-5.7.22-22/CMakeFiles/CMakeTmp/CMakeFiles 1
Building C object CMakeFiles/cmTryCompileExec2640282946.dir/CheckFunctionExists.c.o
/usr/bin/cc   -DCHECK_FUNCTION_EXISTS=tell   -o CMakeFiles/cmTryCompileExec2640282946.dir/CheckFunctionExists.c.o   -c /usr/share/cmake/Modules/CheckFunctionExists.c
Linking C executable cmTryCompileExec2640282946
/usr/bin/cmake -E cmake_link_script CMakeFiles/cmTryCompileExec2640282946.dir/link.txt --verbose=1
/usr/bin/cc   -DCHECK_FUNCTION_EXISTS=tell    CMakeFiles/cmTryCompileExec2640282946.dir/CheckFunctionExists.c.o  -o cmTryCompileExec2640282946 -rdynamic -lm -lcrypt -ldl -lpthread -lrt 
CMakeFiles/cmTryCompileExec2640282946.dir/CheckFunctionExists.c.o: In function `main':
CheckFunctionExists.c:(.text+0x15): undefined reference to `tell'
collect2: ld returned 1 exit status
gmake[1]: Leaving directory `/root/softm/percona-server-5.7.22-22/CMakeFiles/CMakeTmp'
gmake[1]: *** [cmTryCompileExec2640282946] Error 1
gmake: *** [cmTryCompileExec2640282946/fast] Error 2


Determining if the function ntohll exists failed with the following output:
Change Dir: /root/softm/percona-server-5.7.22-22/CMakeFiles/CMakeTmp

Run Build Command:/usr/bin/gmake "cmTryCompileExec1421133371/fast"
/usr/bin/gmake -f CMakeFiles/cmTryCompileExec1421133371.dir/build.make CMakeFiles/cmTryCompileExec1421133371.dir/build
gmake[1]: Entering directory `/root/softm/percona-server-5.7.22-22/CMakeFiles/CMakeTmp'
/usr/bin/cmake -E cmake_progress_report /root/softm/percona-server-5.7.22-22/CMakeFiles/CMakeTmp/CMakeFiles 1
Building C object CMakeFiles/cmTryCompileExec1421133371.dir/CheckFunctionExists.c.o
/usr/bin/cc   -DCHECK_FUNCTION_EXISTS=ntohll   -o CMakeFiles/cmTryCompileExec1421133371.dir/CheckFunctionExists.c.o   -c /usr/share/cmake/Modules/CheckFunctionExists.c
Linking C executable cmTryCompileExec1421133371
/usr/bin/cmake -E cmake_link_script CMakeFiles/cmTryCompileExec1421133371.dir/link.txt --verbose=1
/usr/bin/cc   -DCHECK_FUNCTION_EXISTS=ntohll    CMakeFiles/cmTryCompileExec1421133371.dir/CheckFunctionExists.c.o  -o cmTryCompileExec1421133371 -rdynamic -lm -lcrypt -ldl -lpthread -lrt 
CMakeFiles/cmTryCompileExec1421133371.dir/CheckFunctionExists.c.o: In function `main':
CheckFunctionExists.c:(.text+0x15): undefined reference to `ntohll'
collect2: ld returned 1 exit status
gmake[1]: Leaving directory `/root/softm/percona-server-5.7.22-22/CMakeFiles/CMakeTmp'
gmake[1]: *** [cmTryCompileExec1421133371] Error 1
gmake: *** [cmTryCompileExec1421133371/fast] Error 2


Determining if the function memset_s exists failed with the following output:
Change Dir: /root/softm/percona-server-5.7.22-22/CMakeFiles/CMakeTmp

Run Build Command:/usr/bin/gmake "cmTryCompileExec624525510/fast"
/usr/bin/gmake -f CMakeFiles/cmTryCompileExec624525510.dir/build.make CMakeFiles/cmTryCompileExec624525510.dir/build
gmake[1]: Entering directory `/root/softm/percona-server-5.7.22-22/CMakeFiles/CMakeTmp'
/usr/bin/cmake -E cmake_progress_report /root/softm/percona-server-5.7.22-22/CMakeFiles/CMakeTmp/CMakeFiles 1
Building C object CMakeFiles/cmTryCompileExec624525510.dir/CheckFunctionExists.c.o
/usr/bin/cc   -DCHECK_FUNCTION_EXISTS=memset_s   -o CMakeFiles/cmTryCompileExec624525510.dir/CheckFunctionExists.c.o   -c /usr/share/cmake/Modules/CheckFunctionExists.c
Linking C executable cmTryCompileExec624525510
/usr/bin/cmake -E cmake_link_script CMakeFiles/cmTryCompileExec624525510.dir/link.txt --verbose=1
/usr/bin/cc   -DCHECK_FUNCTION_EXISTS=memset_s    CMakeFiles/cmTryCompileExec624525510.dir/CheckFunctionExists.c.o  -o cmTryCompileExec624525510 -rdynamic -lm -lcrypt -ldl -lpthread -lrt 
CMakeFiles/cmTryCompileExec624525510.dir/CheckFunctionExists.c.o: In function `main':
CheckFunctionExists.c:(.text+0x15): undefined reference to `memset_s'
collect2: ld returned 1 exit status
gmake[1]: Leaving directory `/root/softm/percona-server-5.7.22-22/CMakeFiles/CMakeTmp'
gmake[1]: *** [cmTryCompileExec624525510] Error 1
gmake: *** [cmTryCompileExec624525510/fast] Error 2


Determining if the function kqueue exists failed with the following output:
Change Dir: /root/softm/percona-server-5.7.22-22/CMakeFiles/CMakeTmp

Run Build Command:/usr/bin/gmake "cmTryCompileExec975327503/fast"
/usr/bin/gmake -f CMakeFiles/cmTryCompileExec975327503.dir/build.make CMakeFiles/cmTryCompileExec975327503.dir/build
gmake[1]: Entering directory `/root/softm/percona-server-5.7.22-22/CMakeFiles/CMakeTmp'
/usr/bin/cmake -E cmake_progress_report /root/softm/percona-server-5.7.22-22/CMakeFiles/CMakeTmp/CMakeFiles 1
Building C object CMakeFiles/cmTryCompileExec975327503.dir/CheckFunctionExists.c.o
/usr/bin/cc   -DCHECK_FUNCTION_EXISTS=kqueue   -o CMakeFiles/cmTryCompileExec975327503.dir/CheckFunctionExists.c.o   -c /usr/share/cmake/Modules/CheckFunctionExists.c
Linking C executable cmTryCompileExec975327503
/usr/bin/cmake -E cmake_link_script CMakeFiles/cmTryCompileExec975327503.dir/link.txt --verbose=1
/usr/bin/cc   -DCHECK_FUNCTION_EXISTS=kqueue    CMakeFiles/cmTryCompileExec975327503.dir/CheckFunctionExists.c.o  -o cmTryCompileExec975327503 -rdynamic -lm -lcrypt -ldl -lpthread -lrt 
CMakeFiles/cmTryCompileExec975327503.dir/CheckFunctionExists.c.o: In function `main':
CheckFunctionExists.c:(.text+0x15): undefined reference to `kqueue'
collect2: ld returned 1 exit status
gmake[1]: Leaving directory `/root/softm/percona-server-5.7.22-22/CMakeFiles/CMakeTmp'
gmake[1]: *** [cmTryCompileExec975327503] Error 1
gmake: *** [cmTryCompileExec975327503/fast] Error 2


Determining if the FIONREAD exist failed with the following output:
Change Dir: /root/softm/percona-server-5.7.22-22/CMakeFiles/CMakeTmp

Run Build Command:/usr/bin/gmake "cmTryCompileExec1461782603/fast"
/usr/bin/gmake -f CMakeFiles/cmTryCompileExec1461782603.dir/build.make CMakeFiles/cmTryCompileExec1461782603.dir/build
gmake[1]: Entering directory `/root/softm/percona-server-5.7.22-22/CMakeFiles/CMakeTmp'
/usr/bin/cmake -E cmake_progress_report /root/softm/percona-server-5.7.22-22/CMakeFiles/CMakeTmp/CMakeFiles 1
Building C object CMakeFiles/cmTryCompileExec1461782603.dir/CheckSymbolExists.c.o
/usr/bin/cc    -o CMakeFiles/cmTryCompileExec1461782603.dir/CheckSymbolExists.c.o   -c /root/softm/percona-server-5.7.22-22/CMakeFiles/CMakeTmp/CheckSymbolExists.c
/root/softm/percona-server-5.7.22-22/CMakeFiles/CMakeTmp/CheckSymbolExists.c:2:23: error: sys/filio.h: No such file or directory
/root/softm/percona-server-5.7.22-22/CMakeFiles/CMakeTmp/CheckSymbolExists.c: In function ‘main’:
/root/softm/percona-server-5.7.22-22/CMakeFiles/CMakeTmp/CheckSymbolExists.c:8: error: ‘FIONREAD’ undeclared (first use in this function)
/root/softm/percona-server-5.7.22-22/CMakeFiles/CMakeTmp/CheckSymbolExists.c:8: error: (Each undeclared identifier is reported only once
/root/softm/percona-server-5.7.22-22/CMakeFiles/CMakeTmp/CheckSymbolExists.c:8: error: for each function it appears in.)
gmake[1]: *** [CMakeFiles/cmTryCompileExec1461782603.dir/CheckSymbolExists.c.o] Error 1
gmake[1]: Leaving directory `/root/softm/percona-server-5.7.22-22/CMakeFiles/CMakeTmp'
gmake: *** [cmTryCompileExec1461782603/fast] Error 2

File /root/softm/percona-server-5.7.22-22/CMakeFiles/CMakeTmp/CheckSymbolExists.c:
/* */
#include <sys/filio.h>

int main(int argc, char** argv)
{
  (void)argv;
#ifndef FIONREAD
  return ((int*)(&FIONREAD))[argc];
#else
  (void)argc;
  return 0;
#endif
}

Determining if the SIGEV_PORT exist failed with the following output:
Change Dir: /root/softm/percona-server-5.7.22-22/CMakeFiles/CMakeTmp

Run Build Command:/usr/bin/gmake "cmTryCompileExec4246536936/fast"
/usr/bin/gmake -f CMakeFiles/cmTryCompileExec4246536936.dir/build.make CMakeFiles/cmTryCompileExec4246536936.dir/build
gmake[1]: Entering directory `/root/softm/percona-server-5.7.22-22/CMakeFiles/CMakeTmp'
/usr/bin/cmake -E cmake_progress_report /root/softm/percona-server-5.7.22-22/CMakeFiles/CMakeTmp/CMakeFiles 1
Building C object CMakeFiles/cmTryCompileExec4246536936.dir/CheckSymbolExists.c.o
/usr/bin/cc    -o CMakeFiles/cmTryCompileExec4246536936.dir/CheckSymbolExists.c.o   -c /root/softm/percona-server-5.7.22-22/CMakeFiles/CMakeTmp/CheckSymbolExists.c
/root/softm/percona-server-5.7.22-22/CMakeFiles/CMakeTmp/CheckSymbolExists.c:4:25: error: sys/siginfo.h: No such file or directory
/root/softm/percona-server-5.7.22-22/CMakeFiles/CMakeTmp/CheckSymbolExists.c: In function ‘main’:
/root/softm/percona-server-5.7.22-22/CMakeFiles/CMakeTmp/CheckSymbolExists.c:10: error: ‘SIGEV_PORT’ undeclared (first use in this function)
/root/softm/percona-server-5.7.22-22/CMakeFiles/CMakeTmp/CheckSymbolExists.c:10: error: (Each undeclared identifier is reported only once
/root/softm/percona-server-5.7.22-22/CMakeFiles/CMakeTmp/CheckSymbolExists.c:10: error: for each function it appears in.)
gmake[1]: *** [CMakeFiles/cmTryCompileExec4246536936.dir/CheckSymbolExists.c.o] Error 1
gmake[1]: Leaving directory `/root/softm/percona-server-5.7.22-22/CMakeFiles/CMakeTmp'
gmake: *** [cmTryCompileExec4246536936/fast] Error 2

File /root/softm/percona-server-5.7.22-22/CMakeFiles/CMakeTmp/CheckSymbolExists.c:
/* */
#include <signal.h>
#include <time.h>
#include <sys/siginfo.h>

int main(int argc, char** argv)
{
  (void)argv;
#ifndef SIGEV_PORT
  return ((int*)(&SIGEV_PORT))[argc];
#else
  (void)argc;
  return 0;
#endif
}

Determining if the function kqueue exists failed with the following output:
Change Dir: /root/softm/percona-server-5.7.22-22/CMakeFiles/CMakeTmp

Run Build Command:/usr/bin/gmake "cmTryCompileExec3601873313/fast"
/usr/bin/gmake -f CMakeFiles/cmTryCompileExec3601873313.dir/build.make CMakeFiles/cmTryCompileExec3601873313.dir/build
gmake[1]: Entering directory `/root/softm/percona-server-5.7.22-22/CMakeFiles/CMakeTmp'
/usr/bin/cmake -E cmake_progress_report /root/softm/percona-server-5.7.22-22/CMakeFiles/CMakeTmp/CMakeFiles 1
Building C object CMakeFiles/cmTryCompileExec3601873313.dir/CheckFunctionExists.c.o
/usr/bin/cc   -DCHECK_FUNCTION_EXISTS=kqueue   -o CMakeFiles/cmTryCompileExec3601873313.dir/CheckFunctionExists.c.o   -c /usr/share/cmake/Modules/CheckFunctionExists.c
Linking C executable cmTryCompileExec3601873313
/usr/bin/cmake -E cmake_link_script CMakeFiles/cmTryCompileExec3601873313.dir/link.txt --verbose=1
/usr/bin/cc   -DCHECK_FUNCTION_EXISTS=kqueue    CMakeFiles/cmTryCompileExec3601873313.dir/CheckFunctionExists.c.o  -o cmTryCompileExec3601873313 -rdynamic -lm -lcrypt -ldl -lpthread -lrt 
CMakeFiles/cmTryCompileExec3601873313.dir/CheckFunctionExists.c.o: In function `main':
CheckFunctionExists.c:(.text+0x15): undefined reference to `kqueue'
collect2: ld returned 1 exit status
gmake[1]: Leaving directory `/root/softm/percona-server-5.7.22-22/CMakeFiles/CMakeTmp'
gmake[1]: *** [cmTryCompileExec3601873313] Error 1
gmake: *** [cmTryCompileExec3601873313/fast] Error 2


Determining if the EVFILT_TIMER exist failed with the following output:
Change Dir: /root/softm/percona-server-5.7.22-22/CMakeFiles/CMakeTmp

Run Build Command:/usr/bin/gmake "cmTryCompileExec4219820019/fast"
/usr/bin/gmake -f CMakeFiles/cmTryCompileExec4219820019.dir/build.make CMakeFiles/cmTryCompileExec4219820019.dir/build
gmake[1]: Entering directory `/root/softm/percona-server-5.7.22-22/CMakeFiles/CMakeTmp'
/usr/bin/cmake -E cmake_progress_report /root/softm/percona-server-5.7.22-22/CMakeFiles/CMakeTmp/CMakeFiles 1
Building C object CMakeFiles/cmTryCompileExec4219820019.dir/CheckSymbolExists.c.o
/usr/bin/cc    -o CMakeFiles/cmTryCompileExec4219820019.dir/CheckSymbolExists.c.o   -c /root/softm/percona-server-5.7.22-22/CMakeFiles/CMakeTmp/CheckSymbolExists.c
/root/softm/percona-server-5.7.22-22/CMakeFiles/CMakeTmp/CheckSymbolExists.c:3:23: error: sys/event.h: No such file or directory
/root/softm/percona-server-5.7.22-22/CMakeFiles/CMakeTmp/CheckSymbolExists.c: In function ‘main’:
/root/softm/percona-server-5.7.22-22/CMakeFiles/CMakeTmp/CheckSymbolExists.c:10: error: ‘EVFILT_TIMER’ undeclared (first use in this function)
/root/softm/percona-server-5.7.22-22/CMakeFiles/CMakeTmp/CheckSymbolExists.c:10: error: (Each undeclared identifier is reported only once
/root/softm/percona-server-5.7.22-22/CMakeFiles/CMakeTmp/CheckSymbolExists.c:10: error: for each function it appears in.)
gmake[1]: *** [CMakeFiles/cmTryCompileExec4219820019.dir/CheckSymbolExists.c.o] Error 1
gmake[1]: Leaving directory `/root/softm/percona-server-5.7.22-22/CMakeFiles/CMakeTmp'
gmake: *** [cmTryCompileExec4219820019/fast] Error 2

File /root/softm/percona-server-5.7.22-22/CMakeFiles/CMakeTmp/CheckSymbolExists.c:
/* */
#include <sys/types.h>
#include <sys/event.h>
#include <sys/time.h>

int main(int argc, char** argv)
{
  (void)argv;
#ifndef EVFILT_TIMER
  return ((int*)(&EVFILT_TIMER))[argc];
#else
  (void)argc;
  return 0;
#endif
}

Determining if the system is big endian passed with the following output:
Change Dir: /root/softm/percona-server-5.7.22-22/CMakeFiles/CMakeTmp

Run Build Command:/usr/bin/gmake "cmTryCompileExec3376837695/fast"
/usr/bin/gmake -f CMakeFiles/cmTryCompileExec3376837695.dir/build.make CMakeFiles/cmTryCompileExec3376837695.dir/build
gmake[1]: Entering directory `/root/softm/percona-server-5.7.22-22/CMakeFiles/CMakeTmp'
/usr/bin/cmake -E cmake_progress_report /root/softm/percona-server-5.7.22-22/CMakeFiles/CMakeTmp/CMakeFiles 1
Building C object CMakeFiles/cmTryCompileExec3376837695.dir/TestEndianess.c.o
/usr/bin/cc    -o CMakeFiles/cmTryCompileExec3376837695.dir/TestEndianess.c.o   -c /root/softm/percona-server-5.7.22-22/CMakeFiles/CMakeTmp/TestEndianess.c
Linking C executable cmTryCompileExec3376837695
/usr/bin/cmake -E cmake_link_script CMakeFiles/cmTryCompileExec3376837695.dir/link.txt --verbose=1
/usr/bin/cc       CMakeFiles/cmTryCompileExec3376837695.dir/TestEndianess.c.o  -o cmTryCompileExec3376837695 -rdynamic 
gmake[1]: Leaving directory `/root/softm/percona-server-5.7.22-22/CMakeFiles/CMakeTmp'

TestEndianess.c:
/* A 16 bit integer is required. */
typedef unsigned short cmakeint16;

/* On a little endian machine, these 16bit ints will give "THIS IS LITTLE ENDIAN."
   On a big endian machine the characters will be exchanged pairwise. */
const cmakeint16 info_little[] =  {0x4854, 0x5349, 0x4920, 0x2053, 0x494c, 0x5454, 0x454c, 0x4520, 0x444e, 0x4149, 0x2e4e, 0x0000};

/* on a big endian machine, these 16bit ints will give "THIS IS BIG ENDIAN."
   On a little endian machine the characters will be exchanged pairwise. */
const cmakeint16 info_big[] =     {0x5448, 0x4953, 0x2049, 0x5320, 0x4249, 0x4720, 0x454e, 0x4449, 0x414e, 0x2e2e, 0x0000};

#ifdef __CLASSIC_C__
int main(argc, argv) int argc; char *argv[];
#else
int main(int argc, char *argv[])
#endif
{
  int require = 0;
  require += info_little[argc];
  require += info_big[argc];
  (void)argv;
  return require;
}


Performing C++ SOURCE FILE Test HAVE_GCC_ATOMIC_BUILTINS failed with the following output:
Change Dir: /root/softm/percona-server-5.7.22-22/CMakeFiles/CMakeTmp

Run Build Command:/usr/bin/gmake "cmTryCompileExec384612835/fast"
/usr/bin/gmake -f CMakeFiles/cmTryCompileExec384612835.dir/build.make CMakeFiles/cmTryCompileExec384612835.dir/build
gmake[1]: Entering directory `/root/softm/percona-server-5.7.22-22/CMakeFiles/CMakeTmp'
/usr/bin/cmake -E cmake_progress_report /root/softm/percona-server-5.7.22-22/CMakeFiles/CMakeTmp/CMakeFiles 1
Building CXX object CMakeFiles/cmTryCompileExec384612835.dir/src.cxx.o
/usr/bin/c++   -D_FILE_OFFSET_BITS=64 -D_LARGEFILE_SOURCE -D_LARGE_FILES -D__STDC_CONSTANT_MACROS -D__STDC_FORMAT_MACROS -D__STDC_LIMIT_MACROS -DHAVE_GCC_ATOMIC_BUILTINS   -o CMakeFiles/cmTryCompileExec384612835.dir/src.cxx.o -c /root/softm/percona-server-5.7.22-22/CMakeFiles/CMakeTmp/src.cxx
/root/softm/percona-server-5.7.22-22/CMakeFiles/CMakeTmp/src.cxx: In function ‘int main()’:
/root/softm/percona-server-5.7.22-22/CMakeFiles/CMakeTmp/src.cxx:6: error: ‘__ATOMIC_SEQ_CST’ was not declared in this scope
/root/softm/percona-server-5.7.22-22/CMakeFiles/CMakeTmp/src.cxx:6: error: ‘__atomic_fetch_add’ was not declared in this scope
/root/softm/percona-server-5.7.22-22/CMakeFiles/CMakeTmp/src.cxx:8: error: ‘__ATOMIC_SEQ_CST’ was not declared in this scope
/root/softm/percona-server-5.7.22-22/CMakeFiles/CMakeTmp/src.cxx:8: error: ‘__atomic_exchange_n’ was not declared in this scope
/root/softm/percona-server-5.7.22-22/CMakeFiles/CMakeTmp/src.cxx:12: error: ‘__atomic_compare_exchange_n’ was not declared in this scope
/root/softm/percona-server-5.7.22-22/CMakeFiles/CMakeTmp/src.cxx:15: error: ‘__atomic_fetch_add’ was not declared in this scope
gmake[1]: Leaving directory `/root/softm/percona-server-5.7.22-22/CMakeFiles/CMakeTmp'
gmake[1]: *** [CMakeFiles/cmTryCompileExec384612835.dir/src.cxx.o] Error 1
gmake: *** [cmTryCompileExec384612835/fast] Error 2

Source file was:

  int main()
  {
    int foo= -10; int bar= 10;
    long long int foo64= -10; long long int bar64= 10;
    if (!__atomic_fetch_add(&foo, bar, __ATOMIC_SEQ_CST) || foo)
      return -1;
    bar= __atomic_exchange_n(&foo, bar, __ATOMIC_SEQ_CST);
    if (bar || foo != 10)
      return -1;
    bar= __atomic_compare_exchange_n(&bar, &foo, 15, 0,
                                     __ATOMIC_SEQ_CST, __ATOMIC_SEQ_CST);
    if (bar)
      return -1;
    if (!__atomic_fetch_add(&foo64, bar64, __ATOMIC_SEQ_CST) || foo64)
      return -1;
    bar64= __atomic_exchange_n(&foo64, bar64, __ATOMIC_SEQ_CST);
    if (bar64 || foo64 != 10)
      return -1;
    bar64= __atomic_compare_exchange_n(&bar64, &foo64, 15, 0,
                                       __ATOMIC_SEQ_CST, __ATOMIC_SEQ_CST);
    if (bar64)
      return -1;
    return 0;
  }
Determining if the include file netinet/in6.h exists failed with the following output:
Change Dir: /root/softm/percona-server-5.7.22-22/CMakeFiles/CMakeTmp

Run Build Command:/usr/bin/gmake "cmTryCompileExec1362872499/fast"
/usr/bin/gmake -f CMakeFiles/cmTryCompileExec1362872499.dir/build.make CMakeFiles/cmTryCompileExec1362872499.dir/build
gmake[1]: Entering directory `/root/softm/percona-server-5.7.22-22/CMakeFiles/CMakeTmp'
/usr/bin/cmake -E cmake_progress_report /root/softm/percona-server-5.7.22-22/CMakeFiles/CMakeTmp/CMakeFiles 1
Building C object CMakeFiles/cmTryCompileExec1362872499.dir/CheckIncludeFile.c.o
/usr/bin/cc  -D_FILE_OFFSET_BITS=64 -D_LARGEFILE_SOURCE -D_LARGE_FILES -D__STDC_CONSTANT_MACROS -D__STDC_FORMAT_MACROS -D__STDC_LIMIT_MACROS  -o CMakeFiles/cmTryCompileExec1362872499.dir/CheckIncludeFile.c.o   -c /root/softm/percona-server-5.7.22-22/CMakeFiles/CMakeTmp/CheckIncludeFile.c
/root/softm/percona-server-5.7.22-22/CMakeFiles/CMakeTmp/CheckIncludeFile.c:1:25: error: netinet/in6.h: No such file or directory
gmake[1]: *** [CMakeFiles/cmTryCompileExec1362872499.dir/CheckIncludeFile.c.o] Error 1
gmake[1]: Leaving directory `/root/softm/percona-server-5.7.22-22/CMakeFiles/CMakeTmp'
gmake: *** [cmTryCompileExec1362872499/fast] Error 2


Performing C SOURCE FILE Test HAVE_SOCKADDR_IN_SIN_LEN failed with the following output:
Change Dir: /root/softm/percona-server-5.7.22-22/CMakeFiles/CMakeTmp

Run Build Command:/usr/bin/gmake "cmTryCompileExec1184550005/fast"
/usr/bin/gmake -f CMakeFiles/cmTryCompileExec1184550005.dir/build.make CMakeFiles/cmTryCompileExec1184550005.dir/build
gmake[1]: Entering directory `/root/softm/percona-server-5.7.22-22/CMakeFiles/CMakeTmp'
/usr/bin/cmake -E cmake_progress_report /root/softm/percona-server-5.7.22-22/CMakeFiles/CMakeTmp/CMakeFiles 1
Building C object CMakeFiles/cmTryCompileExec1184550005.dir/src.c.o
/usr/bin/cc  -D_FILE_OFFSET_BITS=64 -D_LARGEFILE_SOURCE -D_LARGE_FILES -D__STDC_CONSTANT_MACROS -D__STDC_FORMAT_MACROS -D__STDC_LIMIT_MACROS -DHAVE_SOCKADDR_IN_SIN_LEN   -o CMakeFiles/cmTryCompileExec1184550005.dir/src.c.o   -c /root/softm/percona-server-5.7.22-22/CMakeFiles/CMakeTmp/src.c
/root/softm/percona-server-5.7.22-22/CMakeFiles/CMakeTmp/src.c: In function ‘main’:
/root/softm/percona-server-5.7.22-22/CMakeFiles/CMakeTmp/src.c:9: error: ‘struct sockaddr_in’ has no member named ‘sin_len’
gmake[1]: *** [CMakeFiles/cmTryCompileExec1184550005.dir/src.c.o] Error 1
gmake[1]: Leaving directory `/root/softm/percona-server-5.7.22-22/CMakeFiles/CMakeTmp'
gmake: *** [cmTryCompileExec1184550005/fast] Error 2

Source file was:

#include <sys/types.h>
#include <netinet/in.h>
#include <sys/socket.h>

int main()
{
   struct sockaddr_in* tmp;
   tmp->sin_len;
  return 0;
}

Performing C SOURCE FILE Test HAVE_SOCKADDR_IN6_SIN6_LEN failed with the following output:
Change Dir: /root/softm/percona-server-5.7.22-22/CMakeFiles/CMakeTmp

Run Build Command:/usr/bin/gmake "cmTryCompileExec1397438590/fast"
/usr/bin/gmake -f CMakeFiles/cmTryCompileExec1397438590.dir/build.make CMakeFiles/cmTryCompileExec1397438590.dir/build
gmake[1]: Entering directory `/root/softm/percona-server-5.7.22-22/CMakeFiles/CMakeTmp'
/usr/bin/cmake -E cmake_progress_report /root/softm/percona-server-5.7.22-22/CMakeFiles/CMakeTmp/CMakeFiles 1
Building C object CMakeFiles/cmTryCompileExec1397438590.dir/src.c.o
/usr/bin/cc  -D_FILE_OFFSET_BITS=64 -D_LARGEFILE_SOURCE -D_LARGE_FILES -D__STDC_CONSTANT_MACROS -D__STDC_FORMAT_MACROS -D__STDC_LIMIT_MACROS -DHAVE_SOCKADDR_IN6_SIN6_LEN   -o CMakeFiles/cmTryCompileExec1397438590.dir/src.c.o   -c /root/softm/percona-server-5.7.22-22/CMakeFiles/CMakeTmp/src.c
/root/softm/percona-server-5.7.22-22/CMakeFiles/CMakeTmp/src.c: In function ‘main’:
/root/softm/percona-server-5.7.22-22/CMakeFiles/CMakeTmp/src.c:9: error: ‘struct sockaddr_in6’ has no member named ‘sin6_len’
gmake[1]: *** [CMakeFiles/cmTryCompileExec1397438590.dir/src.c.o] Error 1
gmake[1]: Leaving directory `/root/softm/percona-server-5.7.22-22/CMakeFiles/CMakeTmp'
gmake: *** [cmTryCompileExec1397438590/fast] Error 2

Source file was:

#include <sys/types.h>
#include <netinet/in.h>
#include <sys/socket.h>

int main()
{
   struct sockaddr_in6* tmp;
   tmp->sin6_len;
  return 0;
}

Performing C SOURCE FILE Test HAVE_PTHREAD_THREADID_NP failed with the following output:
Change Dir: /root/softm/percona-server-5.7.22-22/CMakeFiles/CMakeTmp

Run Build Command:/usr/bin/gmake "cmTryCompileExec1492160/fast"
/usr/bin/gmake -f CMakeFiles/cmTryCompileExec1492160.dir/build.make CMakeFiles/cmTryCompileExec1492160.dir/build
gmake[1]: Entering directory `/root/softm/percona-server-5.7.22-22/CMakeFiles/CMakeTmp'
/usr/bin/cmake -E cmake_progress_report /root/softm/percona-server-5.7.22-22/CMakeFiles/CMakeTmp/CMakeFiles 1
Building C object CMakeFiles/cmTryCompileExec1492160.dir/src.c.o
/usr/bin/cc  -D_FILE_OFFSET_BITS=64 -D_LARGEFILE_SOURCE -D_LARGE_FILES -D__STDC_CONSTANT_MACROS -D__STDC_FORMAT_MACROS -D__STDC_LIMIT_MACROS -DHAVE_PTHREAD_THREADID_NP   -o CMakeFiles/cmTryCompileExec1492160.dir/src.c.o   -c /root/softm/percona-server-5.7.22-22/CMakeFiles/CMakeTmp/src.c
Linking C executable cmTryCompileExec1492160
/usr/bin/cmake -E cmake_link_script CMakeFiles/cmTryCompileExec1492160.dir/link.txt --verbose=1
/usr/bin/cc   -DHAVE_PTHREAD_THREADID_NP    CMakeFiles/cmTryCompileExec1492160.dir/src.c.o  -o cmTryCompileExec1492160 -rdynamic -lm -lcrypt -ldl -lpthread -lrt 
CMakeFiles/cmTryCompileExec1492160.dir/src.c.o: In function `main':
src.c:(.text+0x21): undefined reference to `pthread_threadid_np'
collect2: ld returned 1 exit status
gmake[1]: Leaving directory `/root/softm/percona-server-5.7.22-22/CMakeFiles/CMakeTmp'
gmake[1]: *** [cmTryCompileExec1492160] Error 1
gmake: *** [cmTryCompileExec1492160/fast] Error 2

Source file was:

#include <pthread.h>
int main(int ac, char **av)
{
  unsigned long long tid64;
  pthread_threadid_np(NULL, &tid64);
  return (tid64 != 0 ? 0 : 1);
}
Performing C++ SOURCE FILE Test HAVE_IMPLICIT_DEPENDENT_NAME_TYPING failed with the following output:
Change Dir: /root/softm/percona-server-5.7.22-22/CMakeFiles/CMakeTmp

Run Build Command:/usr/bin/gmake "cmTryCompileExec199613456/fast"
/usr/bin/gmake -f CMakeFiles/cmTryCompileExec199613456.dir/build.make CMakeFiles/cmTryCompileExec199613456.dir/build
gmake[1]: Entering directory `/root/softm/percona-server-5.7.22-22/CMakeFiles/CMakeTmp'
/usr/bin/cmake -E cmake_progress_report /root/softm/percona-server-5.7.22-22/CMakeFiles/CMakeTmp/CMakeFiles 1
Building CXX object CMakeFiles/cmTryCompileExec199613456.dir/src.cxx.o
/usr/bin/c++   -D_FILE_OFFSET_BITS=64 -D_LARGEFILE_SOURCE -D_LARGE_FILES -D__STDC_CONSTANT_MACROS -D__STDC_FORMAT_MACROS -D__STDC_LIMIT_MACROS -DHAVE_IMPLICIT_DEPENDENT_NAME_TYPING   -o CMakeFiles/cmTryCompileExec199613456.dir/src.cxx.o -c /root/softm/percona-server-5.7.22-22/CMakeFiles/CMakeTmp/src.cxx
/root/softm/percona-server-5.7.22-22/CMakeFiles/CMakeTmp/src.cxx: In member function ‘void ct2<T>::func()’:
/root/softm/percona-server-5.7.22-22/CMakeFiles/CMakeTmp/src.cxx:15: error: expected ‘;’ before ‘itr’
/root/softm/percona-server-5.7.22-22/CMakeFiles/CMakeTmp/src.cxx: In member function ‘void ct2<T>::func() [with T = double]’:
/root/softm/percona-server-5.7.22-22/CMakeFiles/CMakeTmp/src.cxx:21:   instantiated from here
/root/softm/percona-server-5.7.22-22/CMakeFiles/CMakeTmp/src.cxx:15: error: dependent-name ‘std::vector::iterator’ is parsed as a non-type, but instantiation yields a type
/root/softm/percona-server-5.7.22-22/CMakeFiles/CMakeTmp/src.cxx:15: note: say ‘typename std::vector::iterator’ if a type is meant
gmake[1]: *** [CMakeFiles/cmTryCompileExec199613456.dir/src.cxx.o] Error 1
gmake[1]: Leaving directory `/root/softm/percona-server-5.7.22-22/CMakeFiles/CMakeTmp'
gmake: *** [cmTryCompileExec199613456/fast] Error 2

Source file was:

  #include <vector>
  template<typename T>
  class ct2
  {
  public:
    typedef T type;
    void func();
  };

  template<typename T>
  void ct2<T>::func()
  {
    std::vector<T> vec;
    std::vector<T>::iterator itr = vec.begin();
  }

  int main(int argc, char **argv)
  {
    ct2<double> o2;
    o2.func();
    return 0;
  }
  
Determining if files numa.h exist failed with the following output:
Change Dir: /root/softm/percona-server-5.7.22-22/CMakeFiles/CMakeTmp

Run Build Command:/usr/bin/gmake "cmTryCompileExec923199658/fast"
/usr/bin/gmake -f CMakeFiles/cmTryCompileExec923199658.dir/build.make CMakeFiles/cmTryCompileExec923199658.dir/build
gmake[1]: Entering directory `/root/softm/percona-server-5.7.22-22/CMakeFiles/CMakeTmp'
/usr/bin/cmake -E cmake_progress_report /root/softm/percona-server-5.7.22-22/CMakeFiles/CMakeTmp/CMakeFiles 1
Building C object CMakeFiles/cmTryCompileExec923199658.dir/CheckIncludeFiles.c.o
/usr/bin/cc  -D_FILE_OFFSET_BITS=64 -D_LARGEFILE_SOURCE -D_LARGE_FILES -D__STDC_CONSTANT_MACROS -D__STDC_FORMAT_MACROS -D__STDC_LIMIT_MACROS  -o CMakeFiles/cmTryCompileExec923199658.dir/CheckIncludeFiles.c.o   -c /root/softm/percona-server-5.7.22-22/CMakeFiles/CMakeTmp/CheckIncludeFiles.c
/root/softm/percona-server-5.7.22-22/CMakeFiles/CMakeTmp/CheckIncludeFiles.c:2:18: error: numa.h: No such file or directory
gmake[1]: *** [CMakeFiles/cmTryCompileExec923199658.dir/CheckIncludeFiles.c.o] Error 1
gmake[1]: Leaving directory `/root/softm/percona-server-5.7.22-22/CMakeFiles/CMakeTmp'
gmake: *** [cmTryCompileExec923199658/fast] Error 2

Source:
/* */
#include <numa.h>


int main(){return 0;}

Determining if files numaif.h exist failed with the following output:
Change Dir: /root/softm/percona-server-5.7.22-22/CMakeFiles/CMakeTmp

Run Build Command:/usr/bin/gmake "cmTryCompileExec3446500110/fast"
/usr/bin/gmake -f CMakeFiles/cmTryCompileExec3446500110.dir/build.make CMakeFiles/cmTryCompileExec3446500110.dir/build
gmake[1]: Entering directory `/root/softm/percona-server-5.7.22-22/CMakeFiles/CMakeTmp'
/usr/bin/cmake -E cmake_progress_report /root/softm/percona-server-5.7.22-22/CMakeFiles/CMakeTmp/CMakeFiles 1
Building C object CMakeFiles/cmTryCompileExec3446500110.dir/CheckIncludeFiles.c.o
/usr/bin/cc  -D_FILE_OFFSET_BITS=64 -D_LARGEFILE_SOURCE -D_LARGE_FILES -D__STDC_CONSTANT_MACROS -D__STDC_FORMAT_MACROS -D__STDC_LIMIT_MACROS  -o CMakeFiles/cmTryCompileExec3446500110.dir/CheckIncludeFiles.c.o   -c /root/softm/percona-server-5.7.22-22/CMakeFiles/CMakeTmp/CheckIncludeFiles.c
/root/softm/percona-server-5.7.22-22/CMakeFiles/CMakeTmp/CheckIncludeFiles.c:2:20: error: numaif.h: No such file or directory
gmake[1]: *** [CMakeFiles/cmTryCompileExec3446500110.dir/CheckIncludeFiles.c.o] Error 1
gmake[1]: Leaving directory `/root/softm/percona-server-5.7.22-22/CMakeFiles/CMakeTmp'
gmake: *** [cmTryCompileExec3446500110/fast] Error 2

Source:
/* */
#include <numaif.h>


int main(){return 0;}

Determining size of socklen_t failed with the following output:
Change Dir: /root/softm/percona-server-5.7.22-22/CMakeFiles/CMakeTmp

Run Build Command:/usr/bin/gmake "cmTryCompileExec3685749241/fast"
/usr/bin/gmake -f CMakeFiles/cmTryCompileExec3685749241.dir/build.make CMakeFiles/cmTryCompileExec3685749241.dir/build
gmake[1]: Entering directory `/root/softm/percona-server-5.7.22-22/CMakeFiles/CMakeTmp'
/usr/bin/cmake -E cmake_progress_report /root/softm/percona-server-5.7.22-22/CMakeFiles/CMakeTmp/CMakeFiles 1
Building C object CMakeFiles/cmTryCompileExec3685749241.dir/SIZEOF_SOCKLEN_T.c.o
/usr/bin/cc  -D_FILE_OFFSET_BITS=64 -D_LARGEFILE_SOURCE -D_LARGE_FILES -D__STDC_CONSTANT_MACROS -D__STDC_FORMAT_MACROS -D__STDC_LIMIT_MACROS  -o CMakeFiles/cmTryCompileExec3685749241.dir/SIZEOF_SOCKLEN_T.c.o   -c /root/softm/percona-server-5.7.22-22/CMakeFiles/CheckTypeSize/SIZEOF_SOCKLEN_T.c
/root/softm/percona-server-5.7.22-22/CMakeFiles/CheckTypeSize/SIZEOF_SOCKLEN_T.c:19: error: ‘socklen_t’ undeclared here (not in a function)
gmake[1]: *** [CMakeFiles/cmTryCompileExec3685749241.dir/SIZEOF_SOCKLEN_T.c.o] Error 1
gmake[1]: Leaving directory `/root/softm/percona-server-5.7.22-22/CMakeFiles/CMakeTmp'
gmake: *** [cmTryCompileExec3685749241/fast] Error 2

/root/softm/percona-server-5.7.22-22/CMakeFiles/CheckTypeSize/SIZEOF_SOCKLEN_T.c:
#include <sys/types.h>
#include <stdint.h>
#include <stddef.h>


#undef KEY
#if defined(__i386)
# define KEY '_','_','i','3','8','6'
#elif defined(__x86_64)
# define KEY '_','_','x','8','6','_','6','4'
#elif defined(__ppc__)
# define KEY '_','_','p','p','c','_','_'
#elif defined(__ppc64__)
# define KEY '_','_','p','p','c','6','4','_','_'
#endif

#define SIZE (sizeof(socklen_t))
char info_size[] =  {'I', 'N', 'F', 'O', ':', 's','i','z','e','[',
  ('0' + ((SIZE / 10000)%10)),
  ('0' + ((SIZE / 1000)%10)),
  ('0' + ((SIZE / 100)%10)),
  ('0' + ((SIZE / 10)%10)),
  ('0' +  (SIZE    % 10)),
  ']',
#ifdef KEY
  ' ','k','e','y','[', KEY, ']',
#endif
  '\0'};

#ifdef __CLASSIC_C__
int main(argc, argv) int argc; char *argv[];
#else
int main(int argc, char *argv[])
#endif
{
  int require = 0;
  require += info_size[argc];
  (void)argv;
  return require;
}


Performing C++ SOURCE FILE Test HAVE_MAYBE_UNINITIALIZED failed with the following output:
Change Dir: /root/softm/percona-server-5.7.22-22/CMakeFiles/CMakeTmp

Run Build Command:/usr/bin/gmake "cmTryCompileExec1448968780/fast"
/usr/bin/gmake -f CMakeFiles/cmTryCompileExec1448968780.dir/build.make CMakeFiles/cmTryCompileExec1448968780.dir/build
gmake[1]: Entering directory `/root/softm/percona-server-5.7.22-22/CMakeFiles/CMakeTmp'
/usr/bin/cmake -E cmake_progress_report /root/softm/percona-server-5.7.22-22/CMakeFiles/CMakeTmp/CMakeFiles 1
Building CXX object CMakeFiles/cmTryCompileExec1448968780.dir/src.cxx.o
/usr/bin/c++   -DHAVE_READLINE_HISTORY_H -D_FILE_OFFSET_BITS=64 -D_LARGEFILE_SOURCE -D_LARGE_FILES -D__STDC_CONSTANT_MACROS -D__STDC_FORMAT_MACROS -D__STDC_LIMIT_MACROS -Wno-sign-compare -Wno-unused-local-typedefs -Wno-ignored-qualifiers -Wno-return-type -Wno-unused-function -DHAVE_MAYBE_UNINITIALIZED  -Wmaybe-uninitialized -I/usr/include/readline    -o CMakeFiles/cmTryCompileExec1448968780.dir/src.cxx.o -c /root/softm/percona-server-5.7.22-22/CMakeFiles/CMakeTmp/src.cxx
cc1plus: error: unrecognized command line option "-Wmaybe-uninitialized"
cc1plus: warning: unrecognized command line option "-Wno-unused-local-typedefs"
gmake[1]: *** [CMakeFiles/cmTryCompileExec1448968780.dir/src.cxx.o] Error 1
gmake[1]: Leaving directory `/root/softm/percona-server-5.7.22-22/CMakeFiles/CMakeTmp'
gmake: *** [cmTryCompileExec1448968780/fast] Error 2

Source file was:
int main(void) { return 0; }
Performing C SOURCE FILE Test HAVE_SYS_THREAD_SELFID failed with the following output:
Change Dir: /root/softm/percona-server-5.7.22-22/CMakeFiles/CMakeTmp

Run Build Command:/usr/bin/gmake "cmTryCompileExec4026114394/fast"
/usr/bin/gmake -f CMakeFiles/cmTryCompileExec4026114394.dir/build.make CMakeFiles/cmTryCompileExec4026114394.dir/build
gmake[1]: Entering directory `/root/softm/percona-server-5.7.22-22/CMakeFiles/CMakeTmp'
/usr/bin/cmake -E cmake_progress_report /root/softm/percona-server-5.7.22-22/CMakeFiles/CMakeTmp/CMakeFiles 1
Building C object CMakeFiles/cmTryCompileExec4026114394.dir/src.c.o
/usr/bin/cc  -DHAVE_READLINE_HISTORY_H -D_FILE_OFFSET_BITS=64 -D_LARGEFILE_SOURCE -D_LARGE_FILES -D__STDC_CONSTANT_MACROS -D__STDC_FORMAT_MACROS -D__STDC_LIMIT_MACROS -DHAVE_SYS_THREAD_SELFID -I/usr/include/readline    -o CMakeFiles/cmTryCompileExec4026114394.dir/src.c.o   -c /root/softm/percona-server-5.7.22-22/CMakeFiles/CMakeTmp/src.c
/root/softm/percona-server-5.7.22-22/CMakeFiles/CMakeTmp/src.c: In function ‘main’:
/root/softm/percona-server-5.7.22-22/CMakeFiles/CMakeTmp/src.c:7: error: ‘SYS_thread_selfid’ undeclared (first use in this function)
/root/softm/percona-server-5.7.22-22/CMakeFiles/CMakeTmp/src.c:7: error: (Each undeclared identifier is reported only once
/root/softm/percona-server-5.7.22-22/CMakeFiles/CMakeTmp/src.c:7: error: for each function it appears in.)
gmake[1]: Leaving directory `/root/softm/percona-server-5.7.22-22/CMakeFiles/CMakeTmp'
gmake[1]: *** [CMakeFiles/cmTryCompileExec4026114394.dir/src.c.o] Error 1
gmake: *** [cmTryCompileExec4026114394/fast] Error 2

Source file was:

#include <sys/types.h>
#include <sys/syscall.h>
#include <unistd.h>
int main(int ac, char **av)
{
  unsigned long long tid = syscall(SYS_thread_selfid);
  return (tid != 0 ? 0 : 1);
}
Performing C SOURCE FILE Test HAVE_PTHREAD_SETNAME_NP failed with the following output:
Change Dir: /root/softm/percona-server-5.7.22-22/CMakeFiles/CMakeTmp

Run Build Command:/usr/bin/gmake "cmTryCompileExec2020028233/fast"
/usr/bin/gmake -f CMakeFiles/cmTryCompileExec2020028233.dir/build.make CMakeFiles/cmTryCompileExec2020028233.dir/build
gmake[1]: Entering directory `/root/softm/percona-server-5.7.22-22/CMakeFiles/CMakeTmp'
/usr/bin/cmake -E cmake_progress_report /root/softm/percona-server-5.7.22-22/CMakeFiles/CMakeTmp/CMakeFiles 1
Building C object CMakeFiles/cmTryCompileExec2020028233.dir/src.c.o
/usr/bin/cc  -DHAVE_READLINE_HISTORY_H -D_FILE_OFFSET_BITS=64 -D_LARGEFILE_SOURCE -D_LARGE_FILES -D__STDC_CONSTANT_MACROS -D__STDC_FORMAT_MACROS -D__STDC_LIMIT_MACROS -DHAVE_PTHREAD_SETNAME_NP -I/usr/include/readline    -o CMakeFiles/cmTryCompileExec2020028233.dir/src.c.o   -c /root/softm/percona-server-5.7.22-22/CMakeFiles/CMakeTmp/src.c
Linking C executable cmTryCompileExec2020028233
/usr/bin/cmake -E cmake_link_script CMakeFiles/cmTryCompileExec2020028233.dir/link.txt --verbose=1
/usr/bin/cc   -DHAVE_PTHREAD_SETNAME_NP    CMakeFiles/cmTryCompileExec2020028233.dir/src.c.o  -o cmTryCompileExec2020028233 -rdynamic -lreadline -lcurses 
CMakeFiles/cmTryCompileExec2020028233.dir/src.c.o: In function `main':
src.c:(.text+0x2c): undefined reference to `pthread_setname_np'
collect2: ld returned 1 exit status
gmake[1]: *** [cmTryCompileExec2020028233] Error 1
gmake[1]: Leaving directory `/root/softm/percona-server-5.7.22-22/CMakeFiles/CMakeTmp'
gmake: *** [cmTryCompileExec2020028233/fast] Error 2

Source file was:

  #include <pthread.h>
  int main(int ac, char **av)
  {
    const char *thread_name= 0;
    int ret = pthread_setname_np(pthread_self(), thread_name);
    return ret;
  }
Performing C SOURCE FILE Test HAVE_PTHREAD_GETTHREADID_NP failed with the following output:
Change Dir: /root/softm/percona-server-5.7.22-22/CMakeFiles/CMakeTmp

Run Build Command:/usr/bin/gmake "cmTryCompileExec444211046/fast"
/usr/bin/gmake -f CMakeFiles/cmTryCompileExec444211046.dir/build.make CMakeFiles/cmTryCompileExec444211046.dir/build
gmake[1]: Entering directory `/root/softm/percona-server-5.7.22-22/CMakeFiles/CMakeTmp'
/usr/bin/cmake -E cmake_progress_report /root/softm/percona-server-5.7.22-22/CMakeFiles/CMakeTmp/CMakeFiles 1
Building C object CMakeFiles/cmTryCompileExec444211046.dir/src.c.o
/usr/bin/cc  -DHAVE_READLINE_HISTORY_H -D_FILE_OFFSET_BITS=64 -D_LARGEFILE_SOURCE -D_LARGE_FILES -D__STDC_CONSTANT_MACROS -D__STDC_FORMAT_MACROS -D__STDC_LIMIT_MACROS -DHAVE_PTHREAD_GETTHREADID_NP -I/usr/include/readline    -o CMakeFiles/cmTryCompileExec444211046.dir/src.c.o   -c /root/softm/percona-server-5.7.22-22/CMakeFiles/CMakeTmp/src.c
/root/softm/percona-server-5.7.22-22/CMakeFiles/CMakeTmp/src.c:2:24: error: pthread_np.h: No such file or directory
gmake[1]: *** [CMakeFiles/cmTryCompileExec444211046.dir/src.c.o] Error 1
gmake[1]: Leaving directory `/root/softm/percona-server-5.7.22-22/CMakeFiles/CMakeTmp'
gmake: *** [cmTryCompileExec444211046/fast] Error 2

Source file was:

#include <pthread_np.h>
int main(int ac, char **av)
{
  unsigned long long tid = pthread_getthreadid_np();
  return (tid != 0 ? 0 : 1);
}
Determining if the system is big endian passed with the following output:
Change Dir: /root/softm/percona-server-5.7.22-22/CMakeFiles/CMakeTmp

Run Build Command:/usr/bin/gmake "cmTryCompileExec165744186/fast"
/usr/bin/gmake -f CMakeFiles/cmTryCompileExec165744186.dir/build.make CMakeFiles/cmTryCompileExec165744186.dir/build
gmake[1]: Entering directory `/root/softm/percona-server-5.7.22-22/CMakeFiles/CMakeTmp'
/usr/bin/cmake -E cmake_progress_report /root/softm/percona-server-5.7.22-22/CMakeFiles/CMakeTmp/CMakeFiles 1
Building C object CMakeFiles/cmTryCompileExec165744186.dir/TestEndianess.c.o
/usr/bin/cc   -Wall -Wextra -Wformat-security -Wvla -Wwrite-strings -Wdeclaration-after-statement    -o CMakeFiles/cmTryCompileExec165744186.dir/TestEndianess.c.o   -c /root/softm/percona-server-5.7.22-22/CMakeFiles/CMakeTmp/TestEndianess.c
Linking C executable cmTryCompileExec165744186
/usr/bin/cmake -E cmake_link_script CMakeFiles/cmTryCompileExec165744186.dir/link.txt --verbose=1
/usr/bin/cc   -Wall -Wextra -Wformat-security -Wvla -Wwrite-strings -Wdeclaration-after-statement     CMakeFiles/cmTryCompileExec165744186.dir/TestEndianess.c.o  -o cmTryCompileExec165744186 -rdynamic 
gmake[1]: Leaving directory `/root/softm/percona-server-5.7.22-22/CMakeFiles/CMakeTmp'

TestEndianess.c:
/* A 16 bit integer is required. */
typedef unsigned short cmakeint16;

/* On a little endian machine, these 16bit ints will give "THIS IS LITTLE ENDIAN."
   On a big endian machine the characters will be exchanged pairwise. */
const cmakeint16 info_little[] =  {0x4854, 0x5349, 0x4920, 0x2053, 0x494c, 0x5454, 0x454c, 0x4520, 0x444e, 0x4149, 0x2e4e, 0x0000};

/* on a big endian machine, these 16bit ints will give "THIS IS BIG ENDIAN."
   On a little endian machine the characters will be exchanged pairwise. */
const cmakeint16 info_big[] =     {0x5448, 0x4953, 0x2049, 0x5320, 0x4249, 0x4720, 0x454e, 0x4449, 0x414e, 0x2e2e, 0x0000};

#ifdef __CLASSIC_C__
int main(argc, argv) int argc; char *argv[];
#else
int main(int argc, char *argv[])
#endif
{
  int require = 0;
  require += info_little[argc];
  require += info_big[argc];
  (void)argv;
  return require;
}


Performing C SOURCE FILE Test HAVE_IB_GCC_ATOMIC_THREAD_FENCE failed with the following output:
Change Dir: /root/softm/percona-server-5.7.22-22/CMakeFiles/CMakeTmp

Run Build Command:/usr/bin/gmake "cmTryCompileExec1565904855/fast"
/usr/bin/gmake -f CMakeFiles/cmTryCompileExec1565904855.dir/build.make CMakeFiles/cmTryCompileExec1565904855.dir/build
gmake[1]: Entering directory `/root/softm/percona-server-5.7.22-22/CMakeFiles/CMakeTmp'
/usr/bin/cmake -E cmake_progress_report /root/softm/percona-server-5.7.22-22/CMakeFiles/CMakeTmp/CMakeFiles 1
Building C object CMakeFiles/cmTryCompileExec1565904855.dir/src.c.o
/usr/bin/cc  -DHAVE_READLINE_HISTORY_H -D_FILE_OFFSET_BITS=64 -D_LARGEFILE_SOURCE -D_LARGE_FILES -D__STDC_CONSTANT_MACROS -D__STDC_FORMAT_MACROS -D__STDC_LIMIT_MACROS -Wall -Wextra -Wformat-security -Wvla -Wwrite-strings -Wdeclaration-after-statement -DHAVE_IB_GCC_ATOMIC_THREAD_FENCE -I/usr/include/readline    -o CMakeFiles/cmTryCompileExec1565904855.dir/src.c.o   -c /root/softm/percona-server-5.7.22-22/CMakeFiles/CMakeTmp/src.c
/root/softm/percona-server-5.7.22-22/CMakeFiles/CMakeTmp/src.c: In function ‘main’:
/root/softm/percona-server-5.7.22-22/CMakeFiles/CMakeTmp/src.c:4: warning: implicit declaration of function ‘__atomic_thread_fence’
/root/softm/percona-server-5.7.22-22/CMakeFiles/CMakeTmp/src.c:4: error: ‘__ATOMIC_ACQUIRE’ undeclared (first use in this function)
/root/softm/percona-server-5.7.22-22/CMakeFiles/CMakeTmp/src.c:4: error: (Each undeclared identifier is reported only once
/root/softm/percona-server-5.7.22-22/CMakeFiles/CMakeTmp/src.c:4: error: for each function it appears in.)
/root/softm/percona-server-5.7.22-22/CMakeFiles/CMakeTmp/src.c:5: error: ‘__ATOMIC_RELEASE’ undeclared (first use in this function)
gmake[1]: *** [CMakeFiles/cmTryCompileExec1565904855.dir/src.c.o] Error 1
gmake[1]: Leaving directory `/root/softm/percona-server-5.7.22-22/CMakeFiles/CMakeTmp'
gmake: *** [cmTryCompileExec1565904855/fast] Error 2

Return value: 1
Source file was:
#include<stdint.h>
  int main()
  {
    __atomic_thread_fence(__ATOMIC_ACQUIRE);
    __atomic_thread_fence(__ATOMIC_RELEASE);
    return(0);
  }
Performing C SOURCE FILE Test HAVE_IB_GCC_ATOMIC_COMPARE_EXCHANGE failed with the following output:
Change Dir: /root/softm/percona-server-5.7.22-22/CMakeFiles/CMakeTmp

Run Build Command:/usr/bin/gmake "cmTryCompileExec2971102025/fast"
/usr/bin/gmake -f CMakeFiles/cmTryCompileExec2971102025.dir/build.make CMakeFiles/cmTryCompileExec2971102025.dir/build
gmake[1]: Entering directory `/root/softm/percona-server-5.7.22-22/CMakeFiles/CMakeTmp'
/usr/bin/cmake -E cmake_progress_report /root/softm/percona-server-5.7.22-22/CMakeFiles/CMakeTmp/CMakeFiles 1
Building C object CMakeFiles/cmTryCompileExec2971102025.dir/src.c.o
/usr/bin/cc  -DHAVE_READLINE_HISTORY_H -D_FILE_OFFSET_BITS=64 -D_LARGEFILE_SOURCE -D_LARGE_FILES -D__STDC_CONSTANT_MACROS -D__STDC_FORMAT_MACROS -D__STDC_LIMIT_MACROS -Wall -Wextra -Wformat-security -Wvla -Wwrite-strings -Wdeclaration-after-statement -DHAVE_IB_GCC_ATOMIC_COMPARE_EXCHANGE -I/usr/include/readline    -o CMakeFiles/cmTryCompileExec2971102025.dir/src.c.o   -c /root/softm/percona-server-5.7.22-22/CMakeFiles/CMakeTmp/src.c
/root/softm/percona-server-5.7.22-22/CMakeFiles/CMakeTmp/src.c: In function ‘main’:
/root/softm/percona-server-5.7.22-22/CMakeFiles/CMakeTmp/src.c:8: warning: implicit declaration of function ‘__atomic_exchange’
/root/softm/percona-server-5.7.22-22/CMakeFiles/CMakeTmp/src.c:8: error: ‘__ATOMIC_RELEASE’ undeclared (first use in this function)
/root/softm/percona-server-5.7.22-22/CMakeFiles/CMakeTmp/src.c:8: error: (Each undeclared identifier is reported only once
/root/softm/percona-server-5.7.22-22/CMakeFiles/CMakeTmp/src.c:8: error: for each function it appears in.)
/root/softm/percona-server-5.7.22-22/CMakeFiles/CMakeTmp/src.c:9: warning: implicit declaration of function ‘__atomic_compare_exchange’
/root/softm/percona-server-5.7.22-22/CMakeFiles/CMakeTmp/src.c:10: error: ‘__ATOMIC_ACQUIRE’ undeclared (first use in this function)
gmake[1]: *** [CMakeFiles/cmTryCompileExec2971102025.dir/src.c.o] Error 1
gmake[1]: Leaving directory `/root/softm/percona-server-5.7.22-22/CMakeFiles/CMakeTmp'
gmake: *** [cmTryCompileExec2971102025/fast] Error 2

Return value: 1
Source file was:
#include<stdint.h>
  int main()
  {
    unsigned char	a = 0;
    unsigned char	b = 0;
    unsigned char	c = 1;

    __atomic_exchange(&a, &b,  &c, __ATOMIC_RELEASE);
    __atomic_compare_exchange(&a, &b, &c, 0,
			      __ATOMIC_RELEASE, __ATOMIC_ACQUIRE);
    return(0);
  }
Performing C++ SOURCE FILE Test TOKUDB_OK failed with the following output:
Change Dir: /root/softm/percona-server-5.7.22-22/CMakeFiles/CMakeTmp

Run Build Command:/usr/bin/gmake "cmTryCompileExec2209578904/fast"
/usr/bin/gmake -f CMakeFiles/cmTryCompileExec2209578904.dir/build.make CMakeFiles/cmTryCompileExec2209578904.dir/build
gmake[1]: Entering directory `/root/softm/percona-server-5.7.22-22/CMakeFiles/CMakeTmp'
/usr/bin/cmake -E cmake_progress_report /root/softm/percona-server-5.7.22-22/CMakeFiles/CMakeTmp/CMakeFiles 1
Building CXX object CMakeFiles/cmTryCompileExec2209578904.dir/src.cxx.o
/usr/bin/c++   -DHAVE_READLINE_HISTORY_H -D_FILE_OFFSET_BITS=64 -D_LARGEFILE_SOURCE -D_LARGE_FILES -D__STDC_CONSTANT_MACROS -D__STDC_FORMAT_MACROS -D__STDC_LIMIT_MACROS -Wall -Wextra -Wformat-security -Wvla -Woverloaded-virtual -Wno-unused-parameter -DTOKUDB_OK -I/usr/include/readline    -o CMakeFiles/cmTryCompileExec2209578904.dir/src.cxx.o -c /root/softm/percona-server-5.7.22-22/CMakeFiles/CMakeTmp/src.cxx
/root/softm/percona-server-5.7.22-22/CMakeFiles/CMakeTmp/src.cxx:3: error: expected primary-expression before ‘.’ token
/root/softm/percona-server-5.7.22-22/CMakeFiles/CMakeTmp/src.cxx:3: error: expected primary-expression before ‘.’ token
gmake[1]: Leaving directory `/root/softm/percona-server-5.7.22-22/CMakeFiles/CMakeTmp'
gmake[1]: *** [CMakeFiles/cmTryCompileExec2209578904.dir/src.cxx.o] Error 1
gmake: *** [cmTryCompileExec2209578904/fast] Error 2

Source file was:

struct a {int b; int c; };
struct a d = { .b=1, .c=2 };
int main() { return 0; }

Determining if the O_DIRECT exist failed with the following output:
Change Dir: /root/softm/percona-server-5.7.22-22/CMakeFiles/CMakeTmp

Run Build Command:/usr/bin/gmake "cmTryCompileExec1870329200/fast"
/usr/bin/gmake -f CMakeFiles/cmTryCompileExec1870329200.dir/build.make CMakeFiles/cmTryCompileExec1870329200.dir/build
gmake[1]: Entering directory `/root/softm/percona-server-5.7.22-22/CMakeFiles/CMakeTmp'
/usr/bin/cmake -E cmake_progress_report /root/softm/percona-server-5.7.22-22/CMakeFiles/CMakeTmp/CMakeFiles 1
Building C object CMakeFiles/cmTryCompileExec1870329200.dir/CheckSymbolExists.c.o
/usr/bin/cc  -DHAVE_READLINE_HISTORY_H -D_FILE_OFFSET_BITS=64 -D_LARGEFILE_SOURCE -D_LARGE_FILES -D__STDC_CONSTANT_MACROS -D__STDC_FORMAT_MACROS -D__STDC_LIMIT_MACROS -Wall -Wextra -Wformat-security -Wvla -Wwrite-strings -Wdeclaration-after-statement  -I/usr/include/readline    -o CMakeFiles/cmTryCompileExec1870329200.dir/CheckSymbolExists.c.o   -c /root/softm/percona-server-5.7.22-22/CMakeFiles/CMakeTmp/CheckSymbolExists.c
/root/softm/percona-server-5.7.22-22/CMakeFiles/CMakeTmp/CheckSymbolExists.c: In function ‘main’:
/root/softm/percona-server-5.7.22-22/CMakeFiles/CMakeTmp/CheckSymbolExists.c:8: error: ‘O_DIRECT’ undeclared (first use in this function)
/root/softm/percona-server-5.7.22-22/CMakeFiles/CMakeTmp/CheckSymbolExists.c:8: error: (Each undeclared identifier is reported only once
/root/softm/percona-server-5.7.22-22/CMakeFiles/CMakeTmp/CheckSymbolExists.c:8: error: for each function it appears in.)
gmake[1]: *** [CMakeFiles/cmTryCompileExec1870329200.dir/CheckSymbolExists.c.o] Error 1
gmake[1]: Leaving directory `/root/softm/percona-server-5.7.22-22/CMakeFiles/CMakeTmp'
gmake: *** [cmTryCompileExec1870329200/fast] Error 2

File /root/softm/percona-server-5.7.22-22/CMakeFiles/CMakeTmp/CheckSymbolExists.c:
/* */
#include <fcntl.h>

int main(int argc, char** argv)
{
  (void)argv;
#ifndef O_DIRECT
  return ((int*)(&O_DIRECT))[argc];
#else
  (void)argc;
  return 0;
#endif
}

Performing C++ SOURCE FILE Test HAVE_UNUSED_TYPEDEFS failed with the following output:
Change Dir: /root/softm/percona-server-5.7.22-22/CMakeFiles/CMakeTmp

Run Build Command:/usr/bin/gmake "cmTryCompileExec766109258/fast"
/usr/bin/gmake -f CMakeFiles/cmTryCompileExec766109258.dir/build.make CMakeFiles/cmTryCompileExec766109258.dir/build
gmake[1]: Entering directory `/root/softm/percona-server-5.7.22-22/CMakeFiles/CMakeTmp'
/usr/bin/cmake -E cmake_progress_report /root/softm/percona-server-5.7.22-22/CMakeFiles/CMakeTmp/CMakeFiles 1
Building CXX object CMakeFiles/cmTryCompileExec766109258.dir/src.cxx.o
/usr/bin/c++   -DHAVE_READLINE_HISTORY_H -D_FILE_OFFSET_BITS=64 -D_LARGEFILE_SOURCE -D_LARGE_FILES -D__STDC_CONSTANT_MACROS -D__STDC_FORMAT_MACROS -D__STDC_LIMIT_MACROS -Wall -Wextra -Wformat-security -Wvla -Woverloaded-virtual -Wno-unused-parameter -DHAVE_UNUSED_TYPEDEFS  -Wunused-local-typedefs -I/usr/include/readline    -o CMakeFiles/cmTryCompileExec766109258.dir/src.cxx.o -c /root/softm/percona-server-5.7.22-22/CMakeFiles/CMakeTmp/src.cxx
cc1plus: error: unrecognized command line option "-Wunused-local-typedefs"
gmake[1]: Leaving directory `/root/softm/percona-server-5.7.22-22/CMakeFiles/CMakeTmp'
gmake[1]: *** [CMakeFiles/cmTryCompileExec766109258.dir/src.cxx.o] Error 1
gmake: *** [cmTryCompileExec766109258/fast] Error 2

Source file was:
int main(void) { return 0; }
Performing C SOURCE FILE Test HAVE_STRUCT_SOCKADDR_SA_LEN failed with the following output:
Change Dir: /root/softm/percona-server-5.7.22-22/CMakeFiles/CMakeTmp

Run Build Command:/usr/bin/gmake "cmTryCompileExec916077059/fast"
/usr/bin/gmake -f CMakeFiles/cmTryCompileExec916077059.dir/build.make CMakeFiles/cmTryCompileExec916077059.dir/build
gmake[1]: Entering directory `/root/softm/percona-server-5.7.22-22/CMakeFiles/CMakeTmp'
/usr/bin/cmake -E cmake_progress_report /root/softm/percona-server-5.7.22-22/CMakeFiles/CMakeTmp/CMakeFiles 1
Building C object CMakeFiles/cmTryCompileExec916077059.dir/src.c.o
/usr/bin/cc  -DHAVE_READLINE_HISTORY_H -D_FILE_OFFSET_BITS=64 -D_LARGEFILE_SOURCE -D_LARGE_FILES -D__STDC_CONSTANT_MACROS -D__STDC_FORMAT_MACROS -D__STDC_LIMIT_MACROS -Wall -Wextra -Wformat-security -Wvla -Wwrite-strings -Wdeclaration-after-statement -DHAVE_STRUCT_SOCKADDR_SA_LEN -Wno-error   -o CMakeFiles/cmTryCompileExec916077059.dir/src.c.o   -c /root/softm/percona-server-5.7.22-22/CMakeFiles/CMakeTmp/src.c
/root/softm/percona-server-5.7.22-22/CMakeFiles/CMakeTmp/src.c: In function ‘main’:
/root/softm/percona-server-5.7.22-22/CMakeFiles/CMakeTmp/src.c:7: error: ‘struct sockaddr’ has no member named ‘sa_len’
gmake[1]: *** [CMakeFiles/cmTryCompileExec916077059.dir/src.c.o] Error 1
gmake[1]: Leaving directory `/root/softm/percona-server-5.7.22-22/CMakeFiles/CMakeTmp'
gmake: *** [cmTryCompileExec916077059/fast] Error 2

Source file was:

#include <sys/socket.h>

int main()
{
   struct sockaddr* tmp;
   tmp->sa_len;
  return 0;
}

Performing C SOURCE FILE Test HAVE_RPC_INLINE_T failed with the following output:
Change Dir: /root/softm/percona-server-5.7.22-22/CMakeFiles/CMakeTmp

Run Build Command:/usr/bin/gmake "cmTryCompileExec472074708/fast"
/usr/bin/gmake -f CMakeFiles/cmTryCompileExec472074708.dir/build.make CMakeFiles/cmTryCompileExec472074708.dir/build
gmake[1]: Entering directory `/root/softm/percona-server-5.7.22-22/CMakeFiles/CMakeTmp'
/usr/bin/cmake -E cmake_progress_report /root/softm/percona-server-5.7.22-22/CMakeFiles/CMakeTmp/CMakeFiles 1
Building C object CMakeFiles/cmTryCompileExec472074708.dir/src.c.o
/usr/bin/cc  -DHAVE_READLINE_HISTORY_H -D_FILE_OFFSET_BITS=64 -D_LARGEFILE_SOURCE -D_LARGE_FILES -D__STDC_CONSTANT_MACROS -D__STDC_FORMAT_MACROS -D__STDC_LIMIT_MACROS -Wall -Wextra -Wformat-security -Wvla -Wwrite-strings -Wdeclaration-after-statement -DHAVE_RPC_INLINE_T -Wno-error   -o CMakeFiles/cmTryCompileExec472074708.dir/src.c.o   -c /root/softm/percona-server-5.7.22-22/CMakeFiles/CMakeTmp/src.c
/root/softm/percona-server-5.7.22-22/CMakeFiles/CMakeTmp/src.c: In function ‘main’:
/root/softm/percona-server-5.7.22-22/CMakeFiles/CMakeTmp/src.c:3: error: ‘rpc_inline_t’ undeclared (first use in this function)
/root/softm/percona-server-5.7.22-22/CMakeFiles/CMakeTmp/src.c:3: error: (Each undeclared identifier is reported only once
/root/softm/percona-server-5.7.22-22/CMakeFiles/CMakeTmp/src.c:3: error: for each function it appears in.)
/root/softm/percona-server-5.7.22-22/CMakeFiles/CMakeTmp/src.c:3: error: expected ‘;’ before ‘x’
gmake[1]: *** [CMakeFiles/cmTryCompileExec472074708.dir/src.c.o] Error 1
gmake[1]: Leaving directory `/root/softm/percona-server-5.7.22-22/CMakeFiles/CMakeTmp'
gmake: *** [cmTryCompileExec472074708/fast] Error 2

Source file was:

  #include <rpc/types.h>
  int main(void) { rpc_inline_t x; return 0; }
  
Performing C SOURCE FILE Test OLD_XDR failed with the following output:
Change Dir: /root/softm/percona-server-5.7.22-22/CMakeFiles/CMakeTmp

Run Build Command:/usr/bin/gmake "cmTryCompileExec249706378/fast"
/usr/bin/gmake -f CMakeFiles/cmTryCompileExec249706378.dir/build.make CMakeFiles/cmTryCompileExec249706378.dir/build
gmake[1]: Entering directory `/root/softm/percona-server-5.7.22-22/CMakeFiles/CMakeTmp'
/usr/bin/cmake -E cmake_progress_report /root/softm/percona-server-5.7.22-22/CMakeFiles/CMakeTmp/CMakeFiles 1
Building C object CMakeFiles/cmTryCompileExec249706378.dir/src.c.o
/usr/bin/cc  -DHAVE_READLINE_HISTORY_H -D_FILE_OFFSET_BITS=64 -D_LARGEFILE_SOURCE -D_LARGE_FILES -D__STDC_CONSTANT_MACROS -D__STDC_FORMAT_MACROS -D__STDC_LIMIT_MACROS -Wall -Wextra -Wformat-security -Wvla -Wwrite-strings -Wdeclaration-after-statement -DOLD_XDR -Werror=sign-conversion   -o CMakeFiles/cmTryCompileExec249706378.dir/src.c.o   -c /root/softm/percona-server-5.7.22-22/CMakeFiles/CMakeTmp/src.c
/root/softm/percona-server-5.7.22-22/CMakeFiles/CMakeTmp/src.c: In function ‘main’:
/root/softm/percona-server-5.7.22-22/CMakeFiles/CMakeTmp/src.c:3: error: negative integer implicitly converted to unsigned type
gmake[1]: *** [CMakeFiles/cmTryCompileExec249706378.dir/src.c.o] Error 1
gmake[1]: Leaving directory `/root/softm/percona-server-5.7.22-22/CMakeFiles/CMakeTmp'
gmake: *** [cmTryCompileExec249706378/fast] Error 2

Source file was:

    #include <rpc/xdr.h>
    int main() { XDR xdr; xdr.x_handy = -1; return (int)xdr.x_handy; }
    
Performing C SOURCE FILE Test HAS_INCOMPATIBLE_POINTER_TYPES failed with the following output:
Change Dir: /root/softm/percona-server-5.7.22-22/CMakeFiles/CMakeTmp

Run Build Command:/usr/bin/gmake "cmTryCompileExec1806254906/fast"
/usr/bin/gmake -f CMakeFiles/cmTryCompileExec1806254906.dir/build.make CMakeFiles/cmTryCompileExec1806254906.dir/build
gmake[1]: Entering directory `/root/softm/percona-server-5.7.22-22/CMakeFiles/CMakeTmp'
/usr/bin/cmake -E cmake_progress_report /root/softm/percona-server-5.7.22-22/CMakeFiles/CMakeTmp/CMakeFiles 1
Building C object CMakeFiles/cmTryCompileExec1806254906.dir/src.c.o
/usr/bin/cc   -Wall -Wextra -Wformat-security -Wvla -Wwrite-strings -Wdeclaration-after-statement -DHAS_INCOMPATIBLE_POINTER_TYPES -Werror=sign-conversion   -Wincompatible-pointer-types -o CMakeFiles/cmTryCompileExec1806254906.dir/src.c.o   -c /root/softm/percona-server-5.7.22-22/CMakeFiles/CMakeTmp/src.c
cc1: error: unrecognized command line option "-Wincompatible-pointer-types"
gmake[1]: *** [CMakeFiles/cmTryCompileExec1806254906.dir/src.c.o] Error 1
gmake[1]: Leaving directory `/root/softm/percona-server-5.7.22-22/CMakeFiles/CMakeTmp'
gmake: *** [cmTryCompileExec1806254906/fast] Error 2

Source file was:
int main(void) { return 0; }
Performing C SOURCE FILE Test X_PUTLONG_NOT_USE_CONST failed with the following output:
Change Dir: /root/softm/percona-server-5.7.22-22/CMakeFiles/CMakeTmp

Run Build Command:/usr/bin/gmake "cmTryCompileExec2298466194/fast"
/usr/bin/gmake -f CMakeFiles/cmTryCompileExec2298466194.dir/build.make CMakeFiles/cmTryCompileExec2298466194.dir/build
gmake[1]: Entering directory `/root/softm/percona-server-5.7.22-22/CMakeFiles/CMakeTmp'
/usr/bin/cmake -E cmake_progress_report /root/softm/percona-server-5.7.22-22/CMakeFiles/CMakeTmp/CMakeFiles 1
Building C object CMakeFiles/cmTryCompileExec2298466194.dir/src.c.o
/usr/bin/cc  -DHAVE_READLINE_HISTORY_H -D_FILE_OFFSET_BITS=64 -D_LARGEFILE_SOURCE -D_LARGE_FILES -D__STDC_CONSTANT_MACROS -D__STDC_FORMAT_MACROS -D__STDC_LIMIT_MACROS -Wall -Wextra -Wformat-security -Wvla -Wwrite-strings -Wdeclaration-after-statement -DX_PUTLONG_NOT_USE_CONST -Werror=sign-conversion -Werror   -o CMakeFiles/cmTryCompileExec2298466194.dir/src.c.o   -c /root/softm/percona-server-5.7.22-22/CMakeFiles/CMakeTmp/src.c
cc1: warnings being treated as errors
/root/softm/percona-server-5.7.22-22/CMakeFiles/CMakeTmp/src.c: In function ‘main’:
/root/softm/percona-server-5.7.22-22/CMakeFiles/CMakeTmp/src.c:10: error: assignment from incompatible pointer type
gmake[1]: *** [CMakeFiles/cmTryCompileExec2298466194.dir/src.c.o] Error 1
gmake[1]: Leaving directory `/root/softm/percona-server-5.7.22-22/CMakeFiles/CMakeTmp'
gmake: *** [cmTryCompileExec2298466194/fast] Error 2

Source file was:

    #include <rpc/xdr.h>
    bool_t putlong(XDR* xdr, long *longp)
                   { return (bool_t)(*longp + xdr->x_handy); }
    int main() {
      XDR xdr;
      struct xdr_ops ops;
      long l;

      ops.x_putlong = putlong;
      return (int)ops.x_putlong(&xdr, &l);
    }
    
Performing C++ SOURCE FILE Test HAVE_MISLEADING_INDENTATION failed with the following output:
Change Dir: /root/softm/percona-server-5.7.22-22/CMakeFiles/CMakeTmp

Run Build Command:/usr/bin/gmake "cmTryCompileExec3609271254/fast"
/usr/bin/gmake -f CMakeFiles/cmTryCompileExec3609271254.dir/build.make CMakeFiles/cmTryCompileExec3609271254.dir/build
gmake[1]: Entering directory `/root/softm/percona-server-5.7.22-22/CMakeFiles/CMakeTmp'
/usr/bin/cmake -E cmake_progress_report /root/softm/percona-server-5.7.22-22/CMakeFiles/CMakeTmp/CMakeFiles 1
Building CXX object CMakeFiles/cmTryCompileExec3609271254.dir/src.cxx.o
/usr/bin/c++   -DHAVE_READLINE_HISTORY_H -D_FILE_OFFSET_BITS=64 -D_LARGEFILE_SOURCE -D_LARGE_FILES -D__STDC_CONSTANT_MACROS -D__STDC_FORMAT_MACROS -D__STDC_LIMIT_MACROS -Wall -Wextra -Wformat-security -Wvla -Woverloaded-virtual -Wno-unused-parameter -DHAVE_MISLEADING_INDENTATION  -Wmisleading-indentation -I/usr/include/readline    -o CMakeFiles/cmTryCompileExec3609271254.dir/src.cxx.o -c /root/softm/percona-server-5.7.22-22/CMakeFiles/CMakeTmp/src.cxx
cc1plus: error: unrecognized command line option "-Wmisleading-indentation"
gmake[1]: *** [CMakeFiles/cmTryCompileExec3609271254.dir/src.cxx.o] Error 1
gmake[1]: Leaving directory `/root/softm/percona-server-5.7.22-22/CMakeFiles/CMakeTmp'
gmake: *** [cmTryCompileExec3609271254/fast] Error 2

Source file was:
int main(void) { return 0; }
